"2d-typed.rkt":
 [already up-to-date at "compiled/ta6osx/2d-typed_rkt.zo"]
raco test: "2d-typed.rkt"
raco test: @(test-responsible '(samth stamourv endobson asumu "andmkent@iu.edu" ben))
0
"aliasing-tests.rkt":
  making #<path:/Users/ben/code/racket/fork/extra-pkgs/typed-racket/typed-racket-test/t-succeed/aliasing-tests.rkt>
  making #<path:/Users/ben/code/racket/fork/extra-pkgs/typed-racket/typed-racket-lib/typed-racket/base-env/class-prims.rkt>
  making #<path:/Users/ben/code/racket/fork/extra-pkgs/typed-racket/typed-racket-lib/typed/racket/class.rkt>
  making #<path:/Users/ben/code/racket/fork/extra-pkgs/typed-racket/typed-racket-lib/typed-racket/base-env/signature-prims.rkt>
  making #<path:/Users/ben/code/racket/fork/extra-pkgs/typed-racket/typed-racket-lib/typed/racket/unit.rkt>
  making #<path:/Users/ben/code/racket/fork/extra-pkgs/typed-racket/typed-racket-lib/typed/racket.rkt>
 [output to "compiled/ta6osx/aliasing-tests_rkt.zo"]
raco test: "aliasing-tests.rkt"
raco test: @(test-responsible '(samth stamourv endobson asumu "andmkent@iu.edu" ben))
"andmap.rkt":
  making #<path:/Users/ben/code/racket/fork/extra-pkgs/typed-racket/typed-racket-compatibility/typed/scheme/base.rkt>
  making #<path:/Users/ben/code/racket/fork/extra-pkgs/typed-racket/typed-racket-compatibility/typed-scheme/main.rkt>
  making #<path:/Users/ben/code/racket/fork/extra-pkgs/typed-racket/typed-racket-test/t-succeed/andmap.rkt>
 [output to "compiled/ta6osx/andmap_rkt.zo"]
raco test: "andmap.rkt"
raco test: @(test-responsible '(samth stamourv endobson asumu "andmkent@iu.edu" ben))
#t
"annotation-test.rkt":
  making #<path:/Users/ben/code/racket/fork/extra-pkgs/typed-racket/typed-racket-test/t-succeed/annotation-test.rkt>
 [output to "compiled/ta6osx/annotation-test_rkt.zo"]
raco test: "annotation-test.rkt"
raco test: @(test-responsible '(samth stamourv endobson asumu "andmkent@iu.edu" ben))
#<procedure:x>
4
23
"any-hash.rkt":
  making #<path:/Users/ben/code/racket/fork/extra-pkgs/typed-racket/typed-racket-test/t-succeed/any-hash.rkt>
 [output to "compiled/ta6osx/any-hash_rkt.zo"]
raco test: "any-hash.rkt"
raco test: @(test-responsible '(samth stamourv endobson asumu "andmkent@iu.edu" ben))
"any-wrap-list.rkt":
  making #<path:/Users/ben/code/racket/fork/extra-pkgs/typed-racket/typed-racket-test/t-succeed/any-wrap-list.rkt>
 [output to "compiled/ta6osx/any-wrap-list_rkt.zo"]
raco test: "any-wrap-list.rkt"
raco test: @(test-responsible '(samth stamourv endobson asumu "andmkent@iu.edu" ben))
#t
"apply-append.rkt":
  making #<path:/Users/ben/code/racket/fork/extra-pkgs/typed-racket/typed-racket-test/t-succeed/apply-append.rkt>
 [output to "compiled/ta6osx/apply-append_rkt.zo"]
raco test: "apply-append.rkt"
raco test: @(test-responsible '(samth stamourv endobson asumu "andmkent@iu.edu" ben))
'(1 2 3 4 5 6)
'(1 2 3 4 5 6)

stx->arrow-type: failed to parse arrow from type of syntax object
  e: '(lambda tests (#%app (letrec-values (((aux) (lambda (tests num-passed) (if (#%app null? tests) (#%app printf '"~a tests passed.\n" num-passed) (let-values (((test) (#%app car tests))) (let-values (((actual) (#%app (#%app car test))) ((expected) (#%app ...
  stx: #<syntax:/Users/ben/code/racket/fork/extra-pkgs/typed-racket/typed-racket-test/t-succeed/apply-dots-list.rkt:9:0 (lambda tests (#%app (letrec-values (((aux) (lambda (tests num-passed) (if (#%app null? tests) (#%app printf (quote "~a tests passed.\n") nu...
  type: (All (A ...) (-> (List (-> A) A String) ... A Void))
  compilation context...:
   /Users/ben/code/racket/fork/extra-pkgs/typed-racket/typed-racket-test/t-succeed/apply-dots-list.rkt
  context...:
   raise-arguments-error
   .../private/parse.rkt:559:26
   .../defender/defender.rkt:177:12: for-loop
   .../private/runtime.rkt:82:34: fail-handler52
   .../defender/defender.rkt:177:12: for-loop
   .../private/runtime.rkt:82:34: fail-handler52
   .../defender/defender.rkt:68:0: defend-top
   .../typed-racket/tc-setup.rkt:42:0: maybe-defend
   .../typed-racket/core.rkt:40:10
   winder-dummy
   .../typed-racket/typed-racket.rkt:23:4
   call-in-empty-metacontinuation-frame
   apply-transformer
   dispatch-transformer
   expand-module
   expand-capturing-lifts
"apply-dots-list.rkt":
  making #<path:/Users/ben/code/racket/fork/extra-pkgs/typed-racket/typed-racket-test/t-succeed/apply-dots-list.rkt>
stx->arrow-type: failed to parse arrow from type of syntax object
  e: '(lambda (z . w) (#%app apply (lambda (x . y) x) '1 w))
  stx: #<syntax:/Users/ben/code/racket/fork/extra-pkgs/typed-racket/typed-racket-test/t-succeed/apply-dots.rkt:3:0 (lambda (z . w) (#%app apply (lambda (x . y) x) (quote 1) w))>
  type: (All (a ...) (-> String Number ... a Number))
  compilation context...:
   /Users/ben/code/racket/fork/extra-pkgs/typed-racket/typed-racket-test/t-succeed/apply-dots.rkt
  context...:
   raise-arguments-error
   .../private/parse.rkt:559:26
   .../defender/defender.rkt:177:12: for-loop
   .../private/runtime.rkt:82:34: fail-handler52
   .../defender/defender.rkt:177:12: for-loop
   .../private/runtime.rkt:82:34: fail-handler52
   .../defender/defender.rkt:68:0: defend-top
   .../typed-racket/tc-setup.rkt:42:0: maybe-defend
   .../typed-racket/core.rkt:40:10
   winder-dummy
   .../typed-racket/typed-racket.rkt:23:4
   call-in-empty-metacontinuation-frame
   apply-transformer
   dispatch-transformer
   expand-module
   expand-capturing-lifts
"apply-dots.rkt":
  making #<path:/Users/ben/code/racket/fork/extra-pkgs/typed-racket/typed-racket-test/t-succeed/apply-dots.rkt>
"area.rkt":
  making #<path:/Users/ben/code/racket/fork/extra-pkgs/typed-racket/typed-racket-test/t-succeed/area.rkt>
 [output to "compiled/ta6osx/area_rkt.zo"]
raco test: "area.rkt"
raco test: @(test-responsible '(samth stamourv endobson asumu "andmkent@iu.edu" ben))
"arrow-star-contracts.rkt":
  making #<path:/Users/ben/code/racket/fork/extra-pkgs/typed-racket/typed-racket-test/t-succeed/arrow-star-contracts.rkt>
  making #<path:/Users/ben/code/racket/fork/extra-pkgs/typed-racket/typed-racket-lib/typed/private/utils.rkt>
  making #<path:/Users/ben/code/racket/fork/extra-pkgs/rackunit/rackunit-typed/rackunit/type-env-ext.rkt>
  making #<path:/Users/ben/code/racket/fork/extra-pkgs/rackunit/rackunit-typed/rackunit/main.rkt>
  making #<path:/Users/ben/code/racket/fork/extra-pkgs/rackunit/rackunit-typed/rackunit.rkt>
 [output to "compiled/ta6osx/arrow-star-contracts_rkt.zo"]
raco test: "arrow-star-contracts.rkt"
raco test: @(test-responsible '(samth stamourv endobson asumu "andmkent@iu.edu" ben))
58 tests passed
"assoc-with-is-equal-argument.rkt":
  making #<path:/Users/ben/code/racket/fork/extra-pkgs/typed-racket/typed-racket-test/t-succeed/assoc-with-is-equal-argument.rkt>
 [output to "compiled/ta6osx/assoc-with-is-equal-argument_rkt.zo"]
raco test: "assoc-with-is-equal-argument.rkt"
raco test: @(test-responsible '(samth stamourv endobson asumu "andmkent@iu.edu" ben))
'(23 . "23")
49 tests passed
"at-exp.rkt":
  making #<path:/Users/ben/code/racket/fork/extra-pkgs/typed-racket/typed-racket-test/t-succeed/at-exp.rkt>
 [output to "compiled/ta6osx/at-exp_rkt.zo"]
raco test: "at-exp.rkt"
raco test: @(test-responsible '(samth stamourv endobson asumu "andmkent@iu.edu" ben))
'("x y")
"bad-map-infer.rkt":
  making #<path:/Users/ben/code/racket/fork/extra-pkgs/typed-racket/typed-racket-test/t-succeed/bad-map-infer.rkt>
 [output to "compiled/ta6osx/bad-map-infer_rkt.zo"]
raco test: "bad-map-infer.rkt"
raco test: @(test-responsible '(samth stamourv endobson asumu "andmkent@iu.edu" ben))
"barland.rkt":
  making #<path:/Users/ben/code/racket/fork/extra-pkgs/typed-racket/typed-racket-test/t-succeed/barland.rkt>
 [output to "compiled/ta6osx/barland_rkt.zo"]
raco test: "barland.rkt"
raco test: @(test-responsible '(samth stamourv endobson asumu "andmkent@iu.edu" ben))
"basic-tests.rkt":
  making #<path:/Users/ben/code/racket/fork/extra-pkgs/typed-racket/typed-racket-test/t-succeed/basic-tests.rkt>
 [output to "compiled/ta6osx/basic-tests_rkt.zo"]
raco test: "basic-tests.rkt"
raco test: @(test-responsible '(samth stamourv endobson asumu "andmkent@iu.edu" ben))
4
4
4
#f
'(1 2 3)
'(2 3 4)
"begin0-error.rkt":
  making #<path:/Users/ben/code/racket/fork/extra-pkgs/typed-racket/typed-racket-test/t-succeed/begin0-error.rkt>
 [output to "compiled/ta6osx/begin0-error_rkt.zo"]
raco test: "begin0-error.rkt"
raco test: @(test-responsible '(samth stamourv endobson asumu "andmkent@iu.edu" ben))
"both-recursive-types.rkt":
  making #<path:/Users/ben/code/racket/fork/extra-pkgs/typed-racket/typed-racket-test/t-succeed/both-recursive-types.rkt>
 [output to "compiled/ta6osx/both-recursive-types_rkt.zo"]
raco test: "both-recursive-types.rkt"
raco test: @(test-responsible '(samth stamourv endobson asumu "andmkent@iu.edu" ben))
"box-num.rkt":
  making #<path:/Users/ben/code/racket/fork/extra-pkgs/typed-racket/typed-racket-test/t-succeed/box-num.rkt>
 [output to "compiled/ta6osx/box-num_rkt.zo"]
raco test: "box-num.rkt"
raco test: @(test-responsible '(samth stamourv endobson asumu "andmkent@iu.edu" ben))
'#&1
'#&1
"broken-let-syntax.rkt":
  making #<path:/Users/ben/code/racket/fork/extra-pkgs/typed-racket/typed-racket-test/t-succeed/broken-let-syntax.rkt>
 [output to "compiled/ta6osx/broken-let-syntax_rkt.zo"]
raco test: "broken-let-syntax.rkt"
raco test: @(test-responsible '(samth stamourv endobson asumu "andmkent@iu.edu" ben))
1
stx->arrow-type: failed to parse arrow from type of syntax object
  e: '(lambda (A . bs) (#%app call/ec (lambda (break) (#%app apply break A bs))))
  stx: #<syntax:/Users/ben/code/racket/fork/extra-pkgs/typed-racket/typed-racket-test/t-succeed/call-comp.rkt:26:0 (lambda (A . bs) (#%app call/ec (lambda (break) (#%app apply break A bs))))>
  type: (All (a b ...) (-> a b ... b (values a b ... b)))
  compilation context...:
   /Users/ben/code/racket/fork/extra-pkgs/typed-racket/typed-racket-test/t-succeed/call-comp.rkt
  context...:
   raise-arguments-error
   .../private/parse.rkt:559:26
   .../defender/defender.rkt:177:12: for-loop
   .../private/runtime.rkt:82:34: fail-handler52
   .../defender/defender.rkt:177:12: for-loop
   .../private/runtime.rkt:82:34: fail-handler52
   .../defender/defender.rkt:68:0: defend-top
   .../typed-racket/tc-setup.rkt:42:0: maybe-defend
   .../typed-racket/core.rkt:40:10
   winder-dummy
   .../typed-racket/typed-racket.rkt:23:4
   call-in-empty-metacontinuation-frame
   apply-transformer
   dispatch-transformer
   expand-module
   expand-capturing-lifts
"call-comp.rkt":
  making #<path:/Users/ben/code/racket/fork/extra-pkgs/typed-racket/typed-racket-test/t-succeed/call-comp.rkt>
"case-arrow-cast-contract.rkt":
  making #<path:/Users/ben/code/racket/fork/extra-pkgs/typed-racket/typed-racket-test/t-succeed/case-arrow-cast-contract.rkt>
 [output to "compiled/ta6osx/case-arrow-cast-contract_rkt.zo"]
raco test: "case-arrow-cast-contract.rkt"
raco test: @(test-responsible '(samth stamourv endobson asumu "andmkent@iu.edu" ben))
2 tests passed
"case-lambda-rest.rkt":
  making #<path:/Users/ben/code/racket/fork/extra-pkgs/typed-racket/typed-racket-test/t-succeed/case-lambda-rest.rkt>
 [output to "compiled/ta6osx/case-lambda-rest_rkt.zo"]
raco test: "case-lambda-rest.rkt"
raco test: @(test-responsible '(samth stamourv endobson asumu "andmkent@iu.edu" ben))
stx->arrow-type: failed to parse arrow from case->
  type: (case-> (-> Number String * Number) (-> Number String * Number))
  e: '(lambda (x . args) x)
  stx: #<syntax:/Users/ben/code/racket/fork/extra-pkgs/typed-racket/typed-racket-test/t-succeed/case-lambda-rest.rkt:9:2 (lambda (x . args) x)>
  cases: (list (Arrow (list Number) (Rest (list String)) '() Number) (Arrow (list Number) (Rest (list String)) '() Number))
  context...:
   raise-arguments-error
   .../private/parse.rkt:559:26
   .../defender/defender.rkt:177:12: for-loop
   .../private/runtime.rkt:82:34: fail-handler52
   .../defender/defender.rkt:177:12: for-loop
   .../private/runtime.rkt:82:34: fail-handler52
   .../defender/defender.rkt:68:0: defend-top
   .../typed-racket/tc-setup.rkt:42:0: maybe-defend
   .../typed-racket/core.rkt:40:10
   winder-dummy
   .../typed-racket/typed-racket.rkt:23:4
   call-in-empty-metacontinuation-frame
   apply-transformer
   dispatch-transformer
   add-module-begin
   expand-module
case-lambda-rest.rkt: raco test: test raised an exception
"case-lambda1.rkt":
  making #<path:/Users/ben/code/racket/fork/extra-pkgs/typed-racket/typed-racket-test/t-succeed/case-lambda1.rkt>
 [output to "compiled/ta6osx/case-lambda1_rkt.zo"]
raco test: "case-lambda1.rkt"
raco test: @(test-responsible '(samth stamourv endobson asumu "andmkent@iu.edu" ben))
"x"
/Users/ben/code/racket/fork/extra-pkgs/typed-racket/typed-racket-test/t-succeed/cast-mod.rkt:27:0: Type Checker: Macro test-case from typed module used in untyped code
  in: (test-case "cast on mutator functions" (: v : Boolean) (define v #f) (: f : Boolean -> Boolean) (define (f x) (set! v x) x) (check-equal? v #f) (check-equal? ((cast f (Boolean -> Boolean)) #t) #t) (check-equal? v #t) (check-exn #rx"expected: boolean\\?\...
  compilation context...:
   /Users/ben/code/racket/fork/extra-pkgs/typed-racket/typed-racket-test/t-succeed/cast-mod.rkt
  context...:
   do-raise-syntax-error
   call-in-empty-metacontinuation-frame
   apply-transformer
   dispatch-transformer
   loop
   finish
   [repeats 11 more times]
   pass-1-and-2-loop
   module-begin-k
   do-local-expand
   .../typed-racket/tc-setup.rkt:64:0: tc-setup
   winder-dummy
   .../typed-racket/typed-racket.rkt:23:4
   call-in-empty-metacontinuation-frame
   apply-transformer
   dispatch-transformer
"cast-mod.rkt":
  making #<path:/Users/ben/code/racket/fork/extra-pkgs/typed-racket/typed-racket-test/t-succeed/cast-mod.rkt>
"cast-top-level.rkt":
  making #<path:/Users/ben/code/racket/fork/extra-pkgs/typed-racket/typed-racket-test/t-succeed/cast-top-level.rkt>
 [output to "compiled/ta6osx/cast-top-level_rkt.zo"]
raco test: "cast-top-level.rkt"
raco test: @(test-responsible '(samth stamourv endobson asumu "andmkent@iu.edu" ben))
--------------------
cast on mutator functions
FAILURE
name:         check-exn
location:
  /Users/ben/code/racket/fork/extra-pkgs/rackunit/rackunit-typed/rackunit/main.rkt:45:2
params:
  '(#rx"expected: boolean\\?\n *given: \"hello\""
    #<procedure:.../cast-top-level.rkt:46:13>)
message:      "Wrong exception raised"
exn-message:
  "contract violation\n  expected: (or/c g62 g63)\n  given: \"hello\"\n  in: the 1st argument of\n      (-> (or/c g62 g63) any)\n  contract from: typed-world\n  blaming: cast\n   (assuming the contract is correct)\n  at: <pkgs>/typed-racket-test/t-succeed/cast-top-level.rkt:46.20"
exn:
  #(struct:exn:fail:contract:blame "contract violation\n  expected: (or/c g62 g63)\n  given: \"hello\"\n  in: the 1st argument of\n      (-> (or/c g62 g63) any)\n  contract from: typed-world\n  blaming: cast\n   (assuming the contract is correct)\n  at: <pkgs>/typed-racket-test/t-succeed/cast-top-level.rkt:46.20" #<continuation-mark-set> #<blame-yes-swap>)
--------------------
2/26 test failures
- : Number
- : Integer
- : (Listof Byte)
- : (Vectorof Byte)
- : Any
- : Any
- : Any
- : Any
- : Any
- : Any
- : Any
- : Any
- : Any
- : Any
- : Any
- : Any
- : Any
"check-expect.rkt":
  making #<path:/Users/ben/code/racket/fork/extra-pkgs/typed-racket/typed-racket-test/t-succeed/check-expect.rkt>
  making #<path:/Users/ben/code/racket/fork/extra-pkgs/typed-racket/typed-racket-compatibility/typed/scheme.rkt>
  making #<path:/Users/ben/code/racket/fork/extra-pkgs/typed-racket/typed-racket-lib/typed-racket/rep/filter-rep.rkt>
  making #<path:/Users/ben/code/racket/fork/extra-pkgs/htdp/htdp-lib/typed/test-engine/type-env-ext.rkt>
  making #<path:/Users/ben/code/racket/fork/extra-pkgs/htdp/htdp-lib/typed/test-engine/scheme-tests.rkt>
 [output to "compiled/ta6osx/check-expect_rkt.zo"]
raco test: "check-expect.rkt"
raco test: @(test-responsible '(samth stamourv endobson asumu "andmkent@iu.edu" ben))
transient-assert: got #f in '(#%app check-val... : (Void)
  context...:
   do-error
   .../test-engine/racket-tests.rkt:599:4: !run-test method in scheme-test%
   .../test-engine/racket-tests.rkt:597:6: for-loop
   .../test-engine/racket-tests.rkt:595:4: !run method in scheme-test%
   dynamic-wind
   .../defender/defender.rkt:150:33
   call-with-values
   call-in-empty-metacontinuation-frame
   body of "/Users/ben/code/racket/fork/extra-pkgs/typed-racket/typed-racket-test/t-succeed/check-expect.rkt"
   for-loop
   run-module-instance!
   .../commands/test.rkt:179:16
   call-in-empty-metacontinuation-frame
   call-with-empty-metacontinuation-frame-for-swap
check-expect.rkt: raco test: test raised an exception
Ran 1 check.
0 checks passed.
	Actual value differs from the expected value.
    Actual value: 3
  Expected value: 4

 In /Users/ben/code/racket/fork/extra-pkgs/typed-racket/typed-racket-test/t-succeed/check-expect.rkt at line 4 column 0
"check-within.rkt":
  making #<path:/Users/ben/code/racket/fork/extra-pkgs/typed-racket/typed-racket-test/t-succeed/check-within.rkt>
 [output to "compiled/ta6osx/check-within_rkt.zo"]
raco test: "check-within.rkt"
raco test: @(test-responsible '(samth stamourv endobson asumu "andmkent@iu.edu" ben))
transient-assert: got #t in '(#%app check-val... : (Void)
  context...:
   do-error
   .../test-engine/racket-tests.rkt:599:4: !run-test method in scheme-test%
   .../test-engine/racket-tests.rkt:597:6: for-loop
   .../test-engine/racket-tests.rkt:595:4: !run method in scheme-test%
   dynamic-wind
   .../defender/defender.rkt:150:33
   call-with-values
   call-in-empty-metacontinuation-frame
   body of "/Users/ben/code/racket/fork/extra-pkgs/typed-racket/typed-racket-test/t-succeed/check-within.rkt"
   for-loop
   run-module-instance!
   .../commands/test.rkt:179:16
   call-in-empty-metacontinuation-frame
   call-with-empty-metacontinuation-frame-for-swap
check-within.rkt: raco test: test raised an exception
The only test passed!
stx->arrow-type: failed to parse arrow from case->
  type: (case-> (-> Integer * Integer) (-> Number * Number))
  e: '(lambda x (#%app + '1 '2))
  stx: #<syntax:/Users/ben/code/racket/fork/extra-pkgs/typed-racket/typed-racket-test/t-succeed/cl-bug.rkt:4:0 (lambda x (#%app + (quote 1) (quote 2)))>
  cases: (list (Arrow '() (Rest (list Integer)) '() Integer) (Arrow '() (Rest (list Number)) '() Number))
  compilation context...:
   /Users/ben/code/racket/fork/extra-pkgs/typed-racket/typed-racket-test/t-succeed/cl-bug.rkt
  context...:
   raise-arguments-error
   .../private/parse.rkt:559:26
   .../defender/defender.rkt:177:12: for-loop
   .../private/runtime.rkt:82:34: fail-handler52
   .../defender/defender.rkt:177:12: for-loop
   .../private/runtime.rkt:82:34: fail-handler52
   .../defender/defender.rkt:68:0: defend-top
   .../typed-racket/tc-setup.rkt:42:0: maybe-defend
   .../typed-racket/core.rkt:40:10
   winder-dummy
   .../typed-racket/typed-racket.rkt:23:4
   call-in-empty-metacontinuation-frame
   apply-transformer
   dispatch-transformer
   expand-module
   expand-capturing-lifts
"cl-bug.rkt":
  making #<path:/Users/ben/code/racket/fork/extra-pkgs/typed-racket/typed-racket-test/t-succeed/cl-bug.rkt>
"cl-tests.rkt":
  making #<path:/Users/ben/code/racket/fork/extra-pkgs/typed-racket/typed-racket-test/t-succeed/cl-tests.rkt>
 [output to "compiled/ta6osx/cl-tests_rkt.zo"]
raco test: "cl-tests.rkt"
raco test: @(test-responsible '(samth stamourv endobson asumu "andmkent@iu.edu" ben))
6
#f
6
6
"cl.rkt":
  making #<path:/Users/ben/code/racket/fork/extra-pkgs/typed-racket/typed-racket-test/t-succeed/cl.rkt>
 [output to "compiled/ta6osx/cl_rkt.zo"]
raco test: "cl.rkt"
raco test: @(test-responsible '(samth stamourv endobson asumu "andmkent@iu.edu" ben))
"class-contract.rkt":
  making #<path:/Users/ben/code/racket/fork/extra-pkgs/typed-racket/typed-racket-test/t-succeed/class-contract.rkt>
 [output to "compiled/ta6osx/class-contract_rkt.zo"]
raco test: "class-contract.rkt"
raco test: @(test-responsible '(samth stamourv endobson asumu "andmkent@iu.edu" ben))
3
3
(object:c% ...)
"cmdline.rkt":
  making #<path:/Users/ben/code/racket/fork/extra-pkgs/typed-racket/typed-racket-test/t-succeed/cmdline.rkt>
 [output to "compiled/ta6osx/cmdline_rkt.zo"]
raco test: "cmdline.rkt"
raco test: @(test-responsible '(samth stamourv endobson asumu "andmkent@iu.edu" ben))
"command-line-ps.rkt":
  making #<path:/Users/ben/code/racket/fork/extra-pkgs/typed-racket/typed-racket-test/t-succeed/command-line-ps.rkt>
 [output to "compiled/ta6osx/command-line-ps_rkt.zo"]
raco test: "command-line-ps.rkt"
raco test: @(test-responsible '(samth stamourv endobson asumu "andmkent@iu.edu" ben))
"continuation-mark.rkt":
  making #<path:/Users/ben/code/racket/fork/extra-pkgs/typed-racket/typed-racket-test/t-succeed/continuation-mark.rkt>
 [output to "compiled/ta6osx/continuation-mark_rkt.zo"]
raco test: "continuation-mark.rkt"
raco test: @(test-responsible '(samth stamourv endobson asumu "andmkent@iu.edu" ben))
"hello world"
"contract-opt+kw.rkt":
  making #<path:/Users/ben/code/racket/fork/extra-pkgs/typed-racket/typed-racket-test/t-succeed/contract-opt+kw.rkt>
 [output to "compiled/ta6osx/contract-opt+kw_rkt.zo"]
raco test: "contract-opt+kw.rkt"
raco test: @(test-responsible '(samth stamourv endobson asumu "andmkent@iu.edu" ben))
"contract-struct-equality.rkt":
  making #<path:/Users/ben/code/racket/fork/extra-pkgs/typed-racket/typed-racket-test/t-succeed/contract-struct-equality.rkt>
 [output to "compiled/ta6osx/contract-struct-equality_rkt.zo"]
raco test: "contract-struct-equality.rkt"
raco test: @(test-responsible '(samth stamourv endobson asumu "andmkent@iu.edu" ben))
"cps.rkt":
  making #<path:/Users/ben/code/racket/fork/extra-pkgs/typed-racket/typed-racket-test/t-succeed/cps.rkt>
 [output to "compiled/ta6osx/cps_rkt.zo"]
raco test: "cps.rkt"
raco test: @(test-responsible '(samth stamourv endobson asumu "andmkent@iu.edu" ben))
"curry.rkt":
  making #<path:/Users/ben/code/racket/fork/extra-pkgs/typed-racket/typed-racket-test/t-succeed/curry.rkt>
 [output to "compiled/ta6osx/curry_rkt.zo"]
raco test: "curry.rkt"
raco test: @(test-responsible '(samth stamourv endobson asumu "andmkent@iu.edu" ben))
5
1
30
60
30
60
"custodian.rkt":
  making #<path:/Users/ben/code/racket/fork/extra-pkgs/typed-racket/typed-racket-test/t-succeed/custodian.rkt>
 [output to "compiled/ta6osx/custodian_rkt.zo"]
raco test: "custodian.rkt"
raco test: @(test-responsible '(samth stamourv endobson asumu "andmkent@iu.edu" ben))
"custom-printer.rkt":
  making #<path:/Users/ben/code/racket/fork/extra-pkgs/typed-racket/typed-racket-test/t-succeed/custom-printer.rkt>
 [output to "compiled/ta6osx/custom-printer_rkt.zo"]
raco test: "custom-printer.rkt"
raco test: @(test-responsible '(samth stamourv endobson asumu "andmkent@iu.edu" ben))
"cyclic-list.rkt":
  making #<path:/Users/ben/code/racket/fork/extra-pkgs/typed-racket/typed-racket-test/t-succeed/cyclic-list.rkt>
 [output to "compiled/ta6osx/cyclic-list_rkt.zo"]
raco test: "cyclic-list.rkt"
raco test: @(test-responsible '(samth stamourv endobson asumu "andmkent@iu.edu" ben))
"datum-to-syntax.rkt":
  making #<path:/Users/ben/code/racket/fork/extra-pkgs/typed-racket/typed-racket-test/t-succeed/datum-to-syntax.rkt>
 [output to "compiled/ta6osx/datum-to-syntax_rkt.zo"]
raco test: "datum-to-syntax.rkt"
raco test: @(test-responsible '(samth stamourv endobson asumu "andmkent@iu.edu" ben))
#<syntax 3>
#<syntax:/Users/ben/code/racket/fork/extra-pkgs/typed-racket/typed-racket-test/t-succeed/datum-to-syntax.rkt:16:17 3>
#<syntax 3>
#<syntax 3>
"def-pred.rkt":
  making #<path:/Users/ben/code/racket/fork/extra-pkgs/typed-racket/typed-racket-test/t-succeed/def-pred.rkt>
 [output to "compiled/ta6osx/def-pred_rkt.zo"]
raco test: "def-pred.rkt"
raco test: @(test-responsible '(samth stamourv endobson asumu "andmkent@iu.edu" ben))
#t
#f
#t
"define-forward-reference.rkt":
  making #<path:/Users/ben/code/racket/fork/extra-pkgs/typed-racket/typed-racket-test/t-succeed/define-forward-reference.rkt>
 [output to "compiled/ta6osx/define-forward-reference_rkt.zo"]
raco test: "define-forward-reference.rkt"
raco test: @(test-responsible '(samth stamourv endobson asumu "andmkent@iu.edu" ben))
"define-new-subtype-function.rkt":
  making #<path:/Users/ben/code/racket/fork/extra-pkgs/typed-racket/typed-racket-test/t-succeed/define-new-subtype-function.rkt>
 [output to "compiled/ta6osx/define-new-subtype-function_rkt.zo"]
raco test: "define-new-subtype-function.rkt"
raco test: @(test-responsible '(samth stamourv endobson asumu "andmkent@iu.edu" ben))
"define-new-subtype-infer.rkt":
  making #<path:/Users/ben/code/racket/fork/extra-pkgs/typed-racket/typed-racket-test/t-succeed/define-new-subtype-infer.rkt>
 [output to "compiled/ta6osx/define-new-subtype-infer_rkt.zo"]
raco test: "define-new-subtype-infer.rkt"
raco test: @(test-responsible '(samth stamourv endobson asumu "andmkent@iu.edu" ben))
"define-new-subtype-mu-rec.rkt":
  making #<path:/Users/ben/code/racket/fork/extra-pkgs/typed-racket/typed-racket-test/t-succeed/define-new-subtype-mu-rec.rkt>
 [output to "compiled/ta6osx/define-new-subtype-mu-rec_rkt.zo"]
raco test: "define-new-subtype-mu-rec.rkt"
raco test: @(test-responsible '(samth stamourv endobson asumu "andmkent@iu.edu" ben))
"define-new-subtype.rkt":
  making #<path:/Users/ben/code/racket/fork/extra-pkgs/typed-racket/typed-racket-test/t-succeed/define-new-subtype.rkt>
 [output to "compiled/ta6osx/define-new-subtype_rkt.zo"]
raco test: "define-new-subtype.rkt"
raco test: @(test-responsible '(samth stamourv endobson asumu "andmkent@iu.edu" ben))
"define-poly-value.rkt":
  making #<path:/Users/ben/code/racket/fork/extra-pkgs/typed-racket/typed-racket-test/t-succeed/define-poly-value.rkt>
 [output to "compiled/ta6osx/define-poly-value_rkt.zo"]
raco test: "define-poly-value.rkt"
raco test: @(test-responsible '(samth stamourv endobson asumu "andmkent@iu.edu" ben))
"define-type-omit-define.rkt":
  making #<path:/Users/ben/code/racket/fork/extra-pkgs/typed-racket/typed-racket-test/t-succeed/define-type-omit-define.rkt>
 [output to "compiled/ta6osx/define-type-omit-define_rkt.zo"]
raco test: "define-type-omit-define.rkt"
raco test: @(test-responsible '(samth stamourv endobson asumu "andmkent@iu.edu" ben))
7
6
/Users/ben/code/racket/fork/extra-pkgs/typed-racket/typed-racket-test/t-succeed/define-typed-untyped-identifier-syntax-properties.rkt:48:16: typed-test-value: unbound identifier
  in: typed-test-value
  compilation context...:
   /Users/ben/code/racket/fork/extra-pkgs/typed-racket/typed-racket-test/t-succeed/define-typed-untyped-identifier-syntax-properties.rkt
  context...:
   do-raise-syntax-error
   expand-implicit
   for-loop
   loop
   [repeats 4 more times]
   module-begin-k
   do-local-expand
   .../typed-racket/tc-setup.rkt:64:0: tc-setup
   winder-dummy
   .../typed-racket/typed-racket.rkt:23:4
   call-in-empty-metacontinuation-frame
   apply-transformer
   dispatch-transformer
   add-module-begin
   expand-module
   expand-submodule
"define-typed-untyped-identifier-syntax-properties.rkt":
  making #<path:/Users/ben/code/racket/fork/extra-pkgs/typed-racket/typed-racket-test/t-succeed/define-typed-untyped-identifier-syntax-properties.rkt>
"define-values-invoke-unit-subtyping.rkt":
  making #<path:/Users/ben/code/racket/fork/extra-pkgs/typed-racket/typed-racket-test/t-succeed/define-values-invoke-unit-subtyping.rkt>
 [output to "compiled/ta6osx/define-values-invoke-unit-subtyping_rkt.zo"]
raco test: "define-values-invoke-unit-subtyping.rkt"
raco test: @(test-responsible '(samth stamourv endobson asumu "andmkent@iu.edu" ben))
"discrete-dist.rkt":
  making #<path:/Users/ben/code/racket/fork/extra-pkgs/typed-racket/typed-racket-test/t-succeed/discrete-dist.rkt>
 [output to "compiled/ta6osx/discrete-dist_rkt.zo"]
raco test: "discrete-dist.rkt"
raco test: @(test-responsible '(samth stamourv endobson asumu "andmkent@iu.edu" ben))
"do.rkt":
  making #<path:/Users/ben/code/racket/fork/extra-pkgs/typed-racket/typed-racket-test/t-succeed/do.rkt>
 [output to "compiled/ta6osx/do_rkt.zo"]
raco test: "do.rkt"
raco test: @(test-responsible '(samth stamourv endobson asumu "andmkent@iu.edu" ben))
3
25
25
stx->arrow-type: failed to parse arrow from type of syntax object
  e: '(lambda (x . y) (#%app ormap zero? (#%app map add1 y)))
  stx: #<syntax:/Users/ben/code/racket/fork/extra-pkgs/typed-racket/typed-racket-test/t-succeed/dot-intro.rkt:4:2 (lambda (x . y) (#%app ormap zero? (#%app map add1 y)))>
  type: (All (a ...) (-> Number Number ... a Boolean))
  compilation context...:
   /Users/ben/code/racket/fork/extra-pkgs/typed-racket/typed-racket-test/t-succeed/dot-intro.rkt
  context...:
   raise-arguments-error
   .../private/parse.rkt:559:26
   .../defender/defender.rkt:177:12: for-loop
   .../private/runtime.rkt:82:34: fail-handler52
   .../defender/defender.rkt:177:12: for-loop
   .../private/runtime.rkt:82:34: fail-handler52
   .../defender/defender.rkt:68:0: defend-top
   .../typed-racket/tc-setup.rkt:42:0: maybe-defend
   .../typed-racket/core.rkt:40:10
   winder-dummy
   .../typed-racket/typed-racket.rkt:23:4
   call-in-empty-metacontinuation-frame
   apply-transformer
   dispatch-transformer
   expand-module
   expand-capturing-lifts
"dot-intro.rkt":
  making #<path:/Users/ben/code/racket/fork/extra-pkgs/typed-racket/typed-racket-test/t-succeed/dot-intro.rkt>
stx->arrow-type: failed to parse arrow from type of syntax object
  e: '(lambda (x) x)
  stx: #<syntax:/Users/ben/code/racket/fork/extra-pkgs/typed-racket/typed-racket-test/t-succeed/dotted-identity.rkt:4:0 (lambda (x) x)>
  type: (All (a ...) (-> (-> a ... a Integer) (-> a ... a Integer)))
  compilation context...:
   /Users/ben/code/racket/fork/extra-pkgs/typed-racket/typed-racket-test/t-succeed/dotted-identity.rkt
  context...:
   raise-arguments-error
   .../private/parse.rkt:559:26
   .../defender/defender.rkt:177:12: for-loop
   .../private/runtime.rkt:82:34: fail-handler52
   .../defender/defender.rkt:177:12: for-loop
   .../private/runtime.rkt:82:34: fail-handler52
   .../defender/defender.rkt:68:0: defend-top
   .../typed-racket/tc-setup.rkt:42:0: maybe-defend
   .../typed-racket/core.rkt:40:10
   winder-dummy
   .../typed-racket/typed-racket.rkt:23:4
   call-in-empty-metacontinuation-frame
   apply-transformer
   dispatch-transformer
   expand-module
   expand-capturing-lifts
"dotted-identity.rkt":
  making #<path:/Users/ben/code/racket/fork/extra-pkgs/typed-racket/typed-racket-test/t-succeed/dotted-identity.rkt>
stx->arrow-type: failed to parse arrow from type of syntax object
  e: '(lambda (x) x)
  stx: #<syntax:/Users/ben/code/racket/fork/extra-pkgs/typed-racket/typed-racket-test/t-succeed/dotted-identity2.rkt:6:0 (lambda (x) x)>
  type: (All (a ...) (-> (-> a ... a Integer) (-> a ... a Integer)))
  compilation context...:
   /Users/ben/code/racket/fork/extra-pkgs/typed-racket/typed-racket-test/t-succeed/dotted-identity2.rkt
  context...:
   raise-arguments-error
   .../private/parse.rkt:559:26
   .../defender/defender.rkt:177:12: for-loop
   .../private/runtime.rkt:82:34: fail-handler52
   .../defender/defender.rkt:177:12: for-loop
   .../private/runtime.rkt:82:34: fail-handler52
   .../defender/defender.rkt:68:0: defend-top
   .../typed-racket/tc-setup.rkt:42:0: maybe-defend
   .../typed-racket/core.rkt:40:10
   winder-dummy
   .../typed-racket/typed-racket.rkt:23:4
   call-in-empty-metacontinuation-frame
   apply-transformer
   dispatch-transformer
   expand-module
   expand-capturing-lifts
"dotted-identity2.rkt":
  making #<path:/Users/ben/code/racket/fork/extra-pkgs/typed-racket/typed-racket-test/t-succeed/dotted-identity2.rkt>
"dviu-infer-deps-ok.rkt":
  making #<path:/Users/ben/code/racket/fork/extra-pkgs/typed-racket/typed-racket-test/t-succeed/dviu-infer-deps-ok.rkt>
 [output to "compiled/ta6osx/dviu-infer-deps-ok_rkt.zo"]
raco test: "dviu-infer-deps-ok.rkt"
raco test: @(test-responsible '(samth stamourv endobson asumu "andmkent@iu.edu" ben))
"dviu-infer-fact.rkt":
  making #<path:/Users/ben/code/racket/fork/extra-pkgs/typed-racket/typed-racket-test/t-succeed/dviu-infer-fact.rkt>
 [output to "compiled/ta6osx/dviu-infer-fact_rkt.zo"]
raco test: "dviu-infer-fact.rkt"
raco test: @(test-responsible '(samth stamourv endobson asumu "andmkent@iu.edu" ben))
120
"dviu-unit-from-context.rkt":
  making #<path:/Users/ben/code/racket/fork/extra-pkgs/typed-racket/typed-racket-test/t-succeed/dviu-unit-from-context.rkt>
 [output to "compiled/ta6osx/dviu-unit-from-context_rkt.zo"]
raco test: "dviu-unit-from-context.rkt"
raco test: @(test-responsible '(samth stamourv endobson asumu "andmkent@iu.edu" ben))
11
type-map-ref: unbound key
  key: 0
  map: '#hash()
  compilation context...:
   /Users/ben/code/racket/fork/extra-pkgs/typed-racket/typed-racket-test/t-succeed/empty-case-arrow.rkt
  context...:
   raise-arguments-error
   .../defender/defender.rkt:583:2: loop
   .../private/parse.rkt:559:26
   .../defender/defender.rkt:177:12: for-loop
   .../private/runtime.rkt:82:34: fail-handler52
   .../defender/defender.rkt:177:12: for-loop
   .../private/runtime.rkt:82:34: fail-handler52
   .../defender/defender.rkt:68:0: defend-top
   .../typed-racket/tc-setup.rkt:42:0: maybe-defend
   .../typed-racket/core.rkt:40:10
   winder-dummy
   .../typed-racket/typed-racket.rkt:23:4
   call-in-empty-metacontinuation-frame
   apply-transformer
   dispatch-transformer
   expand-module
"empty-case-arrow.rkt":
  making #<path:/Users/ben/code/racket/fork/extra-pkgs/typed-racket/typed-racket-test/t-succeed/empty-case-arrow.rkt>
"empty-or.rkt":
  making #<path:/Users/ben/code/racket/fork/extra-pkgs/typed-racket/typed-racket-test/t-succeed/empty-or.rkt>
 [output to "compiled/ta6osx/empty-or_rkt.zo"]
raco test: "empty-or.rkt"
raco test: @(test-responsible '(samth stamourv endobson asumu "andmkent@iu.edu" ben))
transient-assert: got #t in '(#%app check-val... : (Void)
  context...:
   do-error
   .../test-engine/racket-tests.rkt:599:4: !run-test method in scheme-test%
   .../test-engine/racket-tests.rkt:597:6: for-loop
   .../test-engine/racket-tests.rkt:595:4: !run method in scheme-test%
   dynamic-wind
   .../defender/defender.rkt:150:33
   call-with-values
   call-in-empty-metacontinuation-frame
   body of "/Users/ben/code/racket/fork/extra-pkgs/typed-racket/typed-racket-test/t-succeed/empty-or.rkt"
   for-loop
   run-module-instance!
   .../commands/test.rkt:179:16
   call-in-empty-metacontinuation-frame
   call-with-empty-metacontinuation-frame-for-swap
empty-or.rkt: raco test: test raised an exception
The only test passed!
type->static-contract/transient: contract generation not supported for this type
  type: (Ephemeronof Number)
  compilation context...:
   /Users/ben/code/racket/fork/extra-pkgs/typed-racket/typed-racket-test/t-succeed/ephemerons.rkt
  context...:
   raise-arguments-error
   .../private/type-contract.rkt:794:2: loop
   .../private/type-contract.rkt:314:2
   call-in-empty-metacontinuation-frame
   .../defender/defender.rkt:675:0: type->flat-contract
   .../defender/defender.rkt:469:0: protect-domain
   .../defender/defender.rkt:583:2: loop
   .../private/parse.rkt:559:26
   .../defender/defender.rkt:177:12: for-loop
   .../private/runtime.rkt:82:34: fail-handler52
   .../defender/defender.rkt:177:12: for-loop
   .../private/runtime.rkt:82:34: fail-handler52
   .../defender/defender.rkt:68:0: defend-top
   .../typed-racket/tc-setup.rkt:42:0: maybe-defend
   .../typed-racket/core.rkt:40:10
   winder-dummy
"ephemerons.rkt":
  making #<path:/Users/ben/code/racket/fork/extra-pkgs/typed-racket/typed-racket-test/t-succeed/ephemerons.rkt>
"even-odd-recursive-type.rkt":
  making #<path:/Users/ben/code/racket/fork/extra-pkgs/typed-racket/typed-racket-test/t-succeed/even-odd-recursive-type.rkt>
 [output to "compiled/ta6osx/even-odd-recursive-type_rkt.zo"]
raco test: "even-odd-recursive-type.rkt"
raco test: @(test-responsible '(samth stamourv endobson asumu "andmkent@iu.edu" ben))
--------------------
FAILURE
name:         check-exn
location:     even-odd-recursive-type.rkt:71:0
params:
  '(#<procedure:exn:fail:contract?> #<procedure:...-recursive-type.rkt:71:30>)
message:      "Wrong exception raised"
exn-message:  "transient-assert: got 1 in 'elem : String"
exn:
  #(struct:exn:fail "transient-assert: got 1 in 'elem : String" #<continuation-mark-set>)
--------------------
--------------------
FAILURE
name:       check-exn
location:   even-odd-recursive-type.rkt:74:0
params:
  '(#<procedure:exn:fail:contract?> #<procedure:...-recursive-type.rkt:74:30>)
message:    "No exception raised"
--------------------
2/3 test failures
'(3 1 2 3 4)
'(3 "b" 2 "a")
'("c" 1 2 3 4)
"even-odd.rkt":
  making #<path:/Users/ben/code/racket/fork/extra-pkgs/typed-racket/typed-racket-test/t-succeed/even-odd.rkt>
 [output to "compiled/ta6osx/even-odd_rkt.zo"]
raco test: "even-odd.rkt"
raco test: @(test-responsible '(samth stamourv endobson asumu "andmkent@iu.edu" ben))
'()
"events-with-async-channel.rkt":
  making #<path:/Users/ben/code/racket/fork/extra-pkgs/typed-racket/typed-racket-test/t-succeed/events-with-async-channel.rkt>
  making #<path:/Users/ben/code/racket/fork/extra-pkgs/typed-racket/typed-racket-lib/typed-racket/base-env/extra-env-lang.rkt>
  making #<path:/Users/ben/code/racket/fork/extra-pkgs/typed-racket/typed-racket-more/typed/racket/async-channel.rkt>
 [output to "compiled/ta6osx/events-with-async-channel_rkt.zo"]
raco test: "events-with-async-channel.rkt"
raco test: @(test-responsible '(samth stamourv endobson asumu "andmkent@iu.edu" ben))
2 tests passed
"events.rkt":
  making #<path:/Users/ben/code/racket/fork/extra-pkgs/typed-racket/typed-racket-test/t-succeed/events.rkt>
 [output to "compiled/ta6osx/events_rkt.zo"]
raco test: "events.rkt"
raco test: @(test-responsible '(samth stamourv endobson asumu "andmkent@iu.edu" ben))
2 tests passed
"exceptions.rkt":
  making #<path:/Users/ben/code/racket/fork/extra-pkgs/typed-racket/typed-racket-test/t-succeed/exceptions.rkt>
 [output to "compiled/ta6osx/exceptions_rkt.zo"]
raco test: "exceptions.rkt"
raco test: @(test-responsible '(samth stamourv endobson asumu "andmkent@iu.edu" ben))
3
#(struct:exn:fail error: foo #<continuation-mark-set>)
#(struct:exn:fail foo: Seven #<continuation-mark-set>)
#(struct:exn:fail foo: Seven 5 #<continuation-mark-set>)
#(struct:exn:fail:user error: foo #<continuation-mark-set>)
#(struct:exn:fail:user foo: Seven #<continuation-mark-set>)
#(struct:exn:fail:user foo: Seven 5 #<continuation-mark-set>)
#(struct:exn:fail:contract slash: expected argument of type <foo>; given: 1 #<continuation-mark-set>)
#(struct:exn:fail:contract slash: expected argument of type <foo>; given: #\c; other arguments: #\a #<continuation-mark-set>)
#(struct:exn:fail:contract er: foo2 #<continuation-mark-set>)
#(struct:exn:fail:syntax ?: stx-err #<continuation-mark-set> ())
#(struct:exn:fail:syntax ?: stx-err
  in: 45 #<continuation-mark-set> (#<syntax 45>))
#(struct:exn:fail:syntax ?: stx-err
  at: 5
  in: 4 #<continuation-mark-set> (#<syntax 5>))
#(struct:exn:fail:syntax ?: stx-err
  at: 5
  in: 4 #<continuation-mark-set> (#<syntax 5> #<syntax:/Users/ben/code/racket/fork/extra-pkgs/typed-racket/typed-racket-test/t-succeed/exceptions.rkt:33:59 stx>))
"exn-any-mutation.rkt":
  making #<path:/Users/ben/code/racket/fork/extra-pkgs/typed-racket/typed-racket-test/t-succeed/exn-any-mutation.rkt>
 [output to "compiled/ta6osx/exn-any-mutation_rkt.zo"]
raco test: "exn-any-mutation.rkt"
raco test: @(test-responsible '(samth stamourv endobson asumu "andmkent@iu.edu" ben))
--------------------
FAILURE
name:       check-exn
location:
  /Users/ben/code/racket/fork/extra-pkgs/rackunit/rackunit-typed/rackunit/main.rkt:45:2
params:
  '(#rx"Attempted to use a higher-order value passed as `Any`"
    #<procedure:...xn-any-mutation.rkt:17:13>)
message:    "No exception raised"
--------------------
transient-assert: got "hi" in '(#%app s-i s1) : (Integer)
  context...:
   do-error
   .../defender/defender.rkt:150:33
   call-with-values
   call-in-empty-metacontinuation-frame
   body of (submod "/Users/ben/code/racket/fork/extra-pkgs/typed-racket/typed-racket-test/t-succeed/exn-any-mutation.rkt" typed)
   for-loop
   run-module-instance!
   for-loop
   [repeats 1 more time]
   run-module-instance!
   .../commands/test.rkt:179:16
   call-in-empty-metacontinuation-frame
   call-with-empty-metacontinuation-frame-for-swap
exn-any-mutation.rkt: raco test: test raised an exception
1/3 test failures
"fix.rkt":
  making #<path:/Users/ben/code/racket/fork/extra-pkgs/typed-racket/typed-racket-test/t-succeed/fix.rkt>
 [output to "compiled/ta6osx/fix_rkt.zo"]
raco test: "fix.rkt"
raco test: @(test-responsible '(samth stamourv endobson asumu "andmkent@iu.edu" ben))
"fixnum.rkt":
  making #<path:/Users/ben/code/racket/fork/extra-pkgs/typed-racket/typed-racket-test/t-succeed/fixnum.rkt>
 [output to "compiled/ta6osx/fixnum_rkt.zo"]
raco test: "fixnum.rkt"
raco test: @(test-responsible '(samth stamourv endobson asumu "andmkent@iu.edu" ben))
#t
#t
#t
#t
#t
#t
#t
#t
#t
#t
#t
#t
#t
#t
#t
#t
#t
#t
#t
#t
"float-internal-err.rkt":
  making #<path:/Users/ben/code/racket/fork/extra-pkgs/typed-racket/typed-racket-test/t-succeed/float-internal-err.rkt>
 [output to "compiled/ta6osx/float-internal-err_rkt.zo"]
raco test: "float-internal-err.rkt"
raco test: @(test-responsible '(samth stamourv endobson asumu "andmkent@iu.edu" ben))
"flonum.rkt":
  making #<path:/Users/ben/code/racket/fork/extra-pkgs/typed-racket/typed-racket-test/t-succeed/flonum.rkt>
 [output to "compiled/ta6osx/flonum_rkt.zo"]
raco test: "flonum.rkt"
raco test: @(test-responsible '(samth stamourv endobson asumu "andmkent@iu.edu" ben))
#t
#t
#t
#t
#t
#t
#t
#t
#t
#t
#t
#t
#t
#t
#t
#t
#t
#t
#t
#t
#t
#t
#t
#t
#t
#t
#t
#t
#t
#t
#t
#t
"flvector.rkt":
  making #<path:/Users/ben/code/racket/fork/extra-pkgs/typed-racket/typed-racket-test/t-succeed/flvector.rkt>
 [output to "compiled/ta6osx/flvector_rkt.zo"]
raco test: "flvector.rkt"
raco test: @(test-responsible '(samth stamourv endobson asumu "andmkent@iu.edu" ben))
#t
#t
#t
#t
#t
#t
#t
#t
#t
stx->arrow-type: failed to parse arrow from type of syntax object
  e: '(lambda (f c as . bss) (if (let-values (((or-part) (#%app null? as))) (if or-part or-part (#%expression (#%app ormap null? bss)))) c (#%app apply (#%expression fold-left) f (#%app apply f c (#%app car as) (#%app map car bss)) (#%app cdr as) (#%app map ...
  stx: #<syntax:/Users/ben/code/racket/fork/extra-pkgs/typed-racket/typed-racket-test/t-succeed/fold-left-inst.rkt:4:0 (lambda (f c as . bss) (if (let-values (((or-part) (#%app null? as))) (if or-part or-part (#%expression (#%app ormap null? bss)))) c (#%app a...
  type: (All (c a b ...) (-> (-> c a b ... b c) c (Listof a) (Listof b) ... b c))
  compilation context...:
   /Users/ben/code/racket/fork/extra-pkgs/typed-racket/typed-racket-test/t-succeed/fold-left-inst.rkt
  context...:
   raise-arguments-error
   .../private/parse.rkt:559:26
   .../defender/defender.rkt:177:12: for-loop
   .../private/runtime.rkt:82:34: fail-handler52
   .../defender/defender.rkt:177:12: for-loop
   .../private/runtime.rkt:82:34: fail-handler52
   .../defender/defender.rkt:68:0: defend-top
   .../typed-racket/tc-setup.rkt:42:0: maybe-defend
   .../typed-racket/core.rkt:40:10
   winder-dummy
   .../typed-racket/typed-racket.rkt:23:4
   call-in-empty-metacontinuation-frame
   apply-transformer
   dispatch-transformer
   expand-module
   expand-capturing-lifts
"fold-left-inst.rkt":
  making #<path:/Users/ben/code/racket/fork/extra-pkgs/typed-racket/typed-racket-test/t-succeed/fold-left-inst.rkt>
stx->arrow-type: failed to parse arrow from type of syntax object
  e: '(lambda (f c as . bss) (if (let-values (((or-part) (#%app null? as))) (if or-part or-part (#%expression (#%app ormap null? bss)))) c (#%app apply fold-left f (#%app apply f c (#%app car as) (#%app map car bss)) (#%app cdr as) (#%app map cdr bss))))
  stx: #<syntax:/Users/ben/code/racket/fork/extra-pkgs/typed-racket/typed-racket-test/t-succeed/fold-left.rkt:4:0 (lambda (f c as . bss) (if (let-values (((or-part) (#%app null? as))) (if or-part or-part (#%expression (#%app ormap null? bss)))) c (#%app apply ...
  type: (All (c a b ...) (-> (-> c a b ... b c) c (Listof a) (Listof b) ... b c))
  compilation context...:
   /Users/ben/code/racket/fork/extra-pkgs/typed-racket/typed-racket-test/t-succeed/fold-left.rkt
  context...:
   raise-arguments-error
   .../private/parse.rkt:559:26
   .../defender/defender.rkt:177:12: for-loop
   .../private/runtime.rkt:82:34: fail-handler52
   .../defender/defender.rkt:177:12: for-loop
   .../private/runtime.rkt:82:34: fail-handler52
   .../defender/defender.rkt:68:0: defend-top
   .../typed-racket/tc-setup.rkt:42:0: maybe-defend
   .../typed-racket/core.rkt:40:10
   winder-dummy
   .../typed-racket/typed-racket.rkt:23:4
   call-in-empty-metacontinuation-frame
   apply-transformer
   dispatch-transformer
   expand-module
   expand-capturing-lifts
"fold-left.rkt":
  making #<path:/Users/ben/code/racket/fork/extra-pkgs/typed-racket/typed-racket-test/t-succeed/fold-left.rkt>
"foldo.rkt":
  making #<path:/Users/ben/code/racket/fork/extra-pkgs/typed-racket/typed-racket-test/t-succeed/foldo.rkt>
 [output to "compiled/ta6osx/foldo_rkt.zo"]
raco test: "foldo.rkt"
raco test: @(test-responsible '(samth stamourv endobson asumu "andmkent@iu.edu" ben))
"for-ann.rkt":
  making #<path:/Users/ben/code/racket/fork/extra-pkgs/typed-racket/typed-racket-test/t-succeed/for-ann.rkt>
 [output to "compiled/ta6osx/for-ann_rkt.zo"]
raco test: "for-ann.rkt"
raco test: @(test-responsible '(samth stamourv endobson asumu "andmkent@iu.edu" ben))
123"for-hash.rkt":
  making #<path:/Users/ben/code/racket/fork/extra-pkgs/typed-racket/typed-racket-test/t-succeed/for-hash.rkt>
 [output to "compiled/ta6osx/for-hash_rkt.zo"]
raco test: "for-hash.rkt"
raco test: @(test-responsible '(samth stamourv endobson asumu "andmkent@iu.edu" ben))
'#hash((1 . 6) (2 . 6) (3 . 6))
'#hash((1 . 6) (2 . 6) (3 . 6))
'#hash((a . a) (b . b) (c . c))
'#hash((a . a) (b . b))
'#hash((a . a) (b . b))
14 tests passed
"for-in-range.rkt":
  making #<path:/Users/ben/code/racket/fork/extra-pkgs/typed-racket/typed-racket-test/t-succeed/for-in-range.rkt>
 [output to "compiled/ta6osx/for-in-range_rkt.zo"]
raco test: "for-in-range.rkt"
raco test: @(test-responsible '(samth stamourv endobson asumu "andmkent@iu.edu" ben))
"for-last.rkt":
  making #<path:/Users/ben/code/racket/fork/extra-pkgs/typed-racket/typed-racket-test/t-succeed/for-last.rkt>
  making #<path:/Users/ben/code/racket/fork/extra-pkgs/math/math-lib/math/private/array/array-syntax.rkt>
  making #<path:/Users/ben/code/racket/fork/extra-pkgs/math/math-lib/math/private/unsafe.rkt>
  making #<path:/Users/ben/code/racket/fork/extra-pkgs/math/math-lib/math/private/array/typed-utils.rkt>
  making #<path:/Users/ben/code/racket/fork/extra-pkgs/math/math-lib/math/private/array/utils.rkt>
  making #<path:/Users/ben/code/racket/fork/extra-pkgs/math/math-lib/math/private/array/for-each.rkt>
  making #<path:/Users/ben/code/racket/fork/extra-pkgs/math/math-lib/math/private/array/typed-array-struct.rkt>
  making #<path:/Users/ben/code/racket/fork/extra-pkgs/math/math-lib/math/private/array/array-struct.rkt>
  making #<path:/Users/ben/code/racket/fork/extra-pkgs/math/math-lib/math/private/array/array-broadcast.rkt>
  making #<path:/Users/ben/code/racket/fork/extra-pkgs/math/math-lib/math/private/array/typed-mutable-array.rkt>
  making #<path:/Users/ben/code/racket/fork/extra-pkgs/math/math-lib/math/private/array/mutable-array.rkt>
  making #<path:/Users/ben/code/racket/fork/extra-pkgs/math/math-lib/math/private/array/array-comprehension.rkt>
  making #<path:/Users/ben/code/racket/fork/extra-pkgs/math/math-lib/math/private/array/typed-array-constructors.rkt>
  making #<path:/Users/ben/code/racket/fork/extra-pkgs/math/math-lib/math/private/array/array-constructors.rkt>
  making #<path:/Users/ben/code/racket/fork/extra-pkgs/math/math-lib/math/private/array/untyped-array-convert.rkt>
  making #<path:/Users/ben/code/racket/fork/extra-pkgs/math/math-lib/math/private/array/typed-array-convert.rkt>
  making #<path:/Users/ben/code/racket/fork/extra-pkgs/math/math-lib/math/private/array/array-convert.rkt>
  making #<path:/Users/ben/code/racket/fork/extra-pkgs/math/math-lib/math/private/base/base-constants.rkt>
  making #<path:/Users/ben/code/racket/fork/extra-pkgs/math/math-lib/math/private/flonum/flonum-bits.rkt>
  making #<path:/Users/ben/code/racket/fork/extra-pkgs/math/math-lib/math/private/flonum/flonum-constants.rkt>
  making #<path:/Users/ben/code/racket/fork/extra-pkgs/math/math-lib/math/private/flonum/flonum-functions.rkt>
  making #<path:/Users/ben/code/racket/fork/extra-pkgs/math/math-lib/math/private/flonum/flonum-error.rkt>
  making #<path:/Users/ben/code/racket/fork/extra-pkgs/math/math-lib/math/private/flonum/flonum-polyfun.rkt>
  making #<path:/Users/ben/code/racket/fork/extra-pkgs/math/math-lib/math/private/flonum/flonum-exp.rkt>
  making #<path:/Users/ben/code/racket/fork/extra-pkgs/math/math-lib/math/private/exception.rkt>
  making #<path:/Users/ben/code/racket/fork/extra-pkgs/math/math-lib/math/private/syntax-utils.rkt>
  making #<path:/Users/ben/code/racket/fork/extra-pkgs/math/math-lib/math/private/utils.rkt>
  making #<path:/Users/ben/code/racket/fork/extra-pkgs/math/math-lib/math/private/flonum/flvector-syntax.rkt>
  making #<path:/Users/ben/code/racket/fork/extra-pkgs/math/math-lib/math/private/flonum/flvector.rkt>
  making #<path:/Users/ben/code/racket/fork/extra-pkgs/math/math-lib/math/private/flonum/flonum-log.rkt>
  making #<path:/Users/ben/code/racket/fork/extra-pkgs/math/math-lib/math/private/flonum/flonum-more-functions.rkt>
  making #<path:/Users/ben/code/racket/fork/extra-pkgs/math/math-lib/math/private/base/base-functions.rkt>
  making #<path:/Users/ben/code/racket/fork/extra-pkgs/math/math-lib/math/private/base/base-random.rkt>
  making #<path:/Users/ben/code/racket/fork/extra-pkgs/math/math-lib/math/base.rkt>
  making #<path:/Users/ben/code/racket/fork/extra-pkgs/math/math-lib/math/private/array/typed-array-transform.rkt>
  making #<path:/Users/ben/code/racket/fork/extra-pkgs/math/math-lib/math/private/array/array-transform.rkt>
  making #<path:/Users/ben/code/racket/fork/extra-pkgs/math/math-lib/math/private/array/fcarray-struct.rkt>
  making #<path:/Users/ben/code/racket/fork/extra-pkgs/math/math-lib/math/private/parameters.rkt>
  making #<path:/Users/ben/code/racket/fork/extra-pkgs/math/math-lib/math/private/vector/vector-fft.rkt>
  making #<path:/Users/ben/code/racket/fork/extra-pkgs/math/math-lib/math/private/array/array-fft.rkt>
  making #<path:/Users/ben/code/racket/fork/extra-pkgs/math/math-lib/math/private/array/untyped-array-pointwise.rkt>
  making #<path:/Users/ben/code/racket/fork/extra-pkgs/math/math-lib/math/private/array/typed-array-pointwise.rkt>
  making #<path:/Users/ben/code/racket/fork/extra-pkgs/math/math-lib/math/private/array/array-pointwise.rkt>
  making #<path:/Users/ben/code/racket/fork/extra-pkgs/math/math-lib/math/private/array/typed-array-indexing.rkt>
  making #<path:/Users/ben/code/racket/fork/extra-pkgs/math/math-lib/math/private/array/array-indexing.rkt>
  making #<path:/Users/ben/code/racket/fork/extra-pkgs/math/math-lib/math/private/array/typed-array-fold.rkt>
  making #<path:/Users/ben/code/racket/fork/extra-pkgs/math/math-lib/math/private/array/array-fold.rkt>
  making #<path:/Users/ben/code/racket/fork/extra-pkgs/math/math-lib/math/private/array/array-parallel.rkt>
  making #<path:/Users/ben/code/racket/fork/extra-pkgs/math/math-lib/math/private/array/array-print.rkt>
  making #<path:/Users/ben/code/racket/fork/extra-pkgs/math/math-lib/math/private/array/typed-array-sequence.rkt>
  making #<path:/Users/ben/code/racket/fork/extra-pkgs/math/math-lib/math/private/array/array-sequence.rkt>
  making #<path:/Users/ben/code/racket/fork/extra-pkgs/math/math-lib/math/private/array/array-unfold.rkt>
  making #<path:/Users/ben/code/racket/fork/extra-pkgs/math/math-lib/math/private/array/flarray-struct.rkt>
  making #<path:/Users/ben/code/racket/fork/extra-pkgs/math/math-lib/math/private/array/fcarray-pointwise.rkt>
  making #<path:/Users/ben/code/racket/fork/extra-pkgs/math/math-lib/math/private/array/flarray-pointwise.rkt>
  making #<path:/Users/ben/code/racket/fork/extra-pkgs/math/math-lib/math/array.rkt>
 [output to "compiled/ta6osx/for-last_rkt.zo"]
raco test: "for-last.rkt"
raco test: @(test-responsible '(samth stamourv endobson asumu "andmkent@iu.edu" ben))
4 tests passed
"for-list.rkt":
  making #<path:/Users/ben/code/racket/fork/extra-pkgs/typed-racket/typed-racket-test/t-succeed/for-list.rkt>
 [output to "compiled/ta6osx/for-list_rkt.zo"]
raco test: "for-list.rkt"
raco test: @(test-responsible '(samth stamourv endobson asumu "andmkent@iu.edu" ben))
'(103 112 112 99 98 115)
'(3 4 5 4 5 6 6 7 8)
"for-lists.rkt":
  making #<path:/Users/ben/code/racket/fork/extra-pkgs/typed-racket/typed-racket-test/t-succeed/for-lists.rkt>
 [output to "compiled/ta6osx/for-lists_rkt.zo"]
raco test: "for-lists.rkt"
raco test: @(test-responsible '(samth stamourv endobson asumu "andmkent@iu.edu" ben))
'(1 2 3)
"for-no-anns.rkt":
  making #<path:/Users/ben/code/racket/fork/extra-pkgs/typed-racket/typed-racket-test/t-succeed/for-no-anns.rkt>
 [output to "compiled/ta6osx/for-no-anns_rkt.zo"]
raco test: "for-no-anns.rkt"
raco test: @(test-responsible '(samth stamourv endobson asumu "andmkent@iu.edu" ben))
1012141618202224262845
25
"for-no-body-anns.rkt":
  making #<path:/Users/ben/code/racket/fork/extra-pkgs/typed-racket/typed-racket-test/t-succeed/for-no-body-anns.rkt>
 [output to "compiled/ta6osx/for-no-body-anns_rkt.zo"]
raco test: "for-no-body-anns.rkt"
raco test: @(test-responsible '(samth stamourv endobson asumu "andmkent@iu.edu" ben))
'(1 2 3)
'(1 2 3)
7
"for-over-hash.rkt":
  making #<path:/Users/ben/code/racket/fork/extra-pkgs/typed-racket/typed-racket-test/t-succeed/for-over-hash.rkt>
 [output to "compiled/ta6osx/for-over-hash_rkt.zo"]
raco test: "for-over-hash.rkt"
raco test: @(test-responsible '(samth stamourv endobson asumu "andmkent@iu.edu" ben))
"for-result.rkt":
  making #<path:/Users/ben/code/racket/fork/extra-pkgs/typed-racket/typed-racket-test/t-succeed/for-result.rkt>
 [output to "compiled/ta6osx/for-result_rkt.zo"]
raco test: "for-result.rkt"
raco test: @(test-responsible '(samth stamourv endobson asumu "andmkent@iu.edu" ben))
6 tests passed
"for-seq.rkt":
  making #<path:/Users/ben/code/racket/fork/extra-pkgs/typed-racket/typed-racket-test/t-succeed/for-seq.rkt>
 [output to "compiled/ta6osx/for-seq_rkt.zo"]
raco test: "for-seq.rkt"
raco test: @(test-responsible '(samth stamourv endobson asumu "andmkent@iu.edu" ben))
(1 a)(2 b)(3 c)'(0 1 2 3 4 5 6 7 8 9)
"for-set.rkt":
  making #<path:/Users/ben/code/racket/fork/extra-pkgs/typed-racket/typed-racket-test/t-succeed/for-set.rkt>
 [output to "compiled/ta6osx/for-set_rkt.zo"]
raco test: "for-set.rkt"
raco test: @(test-responsible '(samth stamourv endobson asumu "andmkent@iu.edu" ben))
1
2
3
"for-vector.rkt":
  making #<path:/Users/ben/code/racket/fork/extra-pkgs/typed-racket/typed-racket-test/t-succeed/for-vector.rkt>
 [output to "compiled/ta6osx/for-vector_rkt.zo"]
raco test: "for-vector.rkt"
raco test: @(test-responsible '(samth stamourv endobson asumu "andmkent@iu.edu" ben))
64 tests passed
"for.rkt":
  making #<path:/Users/ben/code/racket/fork/extra-pkgs/typed-racket/typed-racket-test/t-succeed/for.rkt>
 [output to "compiled/ta6osx/for_rkt.zo"]
raco test: "for.rkt"
raco test: @(test-responsible '(samth stamourv endobson asumu "andmkent@iu.edu" ben))
#t
#t
#t
#t
#t
#t
#t
#t
#t
#t
#t
#t
#t
#t
#t
#t
#t
#t
#t
#t
#t
#t
#t
#t
#t
#t
#t
#t
#t
#t
#t
#t
#t
#t
#t
#t
#t
#t
#t
#t
#t
#t
#t
#t
#t
#t
#t
#t
#t
#t
#t
#t
#t
#t
#t
#t
#t
#t
#t
#t
#t
#t
#t
#t
#t
#t
#t
#t
#t
"force-delay.rkt":
  making #<path:/Users/ben/code/racket/fork/extra-pkgs/typed-racket/typed-racket-test/t-succeed/force-delay.rkt>
 [output to "compiled/ta6osx/force-delay_rkt.zo"]
raco test: "force-delay.rkt"
raco test: @(test-responsible '(samth stamourv endobson asumu "andmkent@iu.edu" ben))
3
'(3)
"format.rkt":
  making #<path:/Users/ben/code/racket/fork/extra-pkgs/typed-racket/typed-racket-test/t-succeed/format.rkt>
 [output to "compiled/ta6osx/format_rkt.zo"]
raco test: "format.rkt"
raco test: @(test-responsible '(samth stamourv endobson asumu "andmkent@iu.edu" ben))
"fooa3"
"foo, a, 3           "
"fooa3     "
"ooa3"
"\"foo\" a 3"
"\"foo\", a, 3         "
"\"foo\" a 3 "
"...3"
"\"foo\" 'a 3"
"\"foo\", 'a, 3        "
"\"foo\" 'a 3"
"...3"
"fooa3"
"foo, a, 3           "
"fooa3     "
"ooa3"
"\"foo\" a 3"
"\"foo\", a, 3         "
"\"foo\" a 3 "
"...3"
"\"foo\" 'a 3"
"\"foo\", 'a, 3        "
"\"foo\" 'a 3"
"...3"
"234234"
"+,,,,10.112"
"x3.5"
"function.rkt":
  making #<path:/Users/ben/code/racket/fork/extra-pkgs/typed-racket/typed-racket-test/t-succeed/function.rkt>
 [output to "compiled/ta6osx/function_rkt.zo"]
raco test: "function.rkt"
raco test: @(test-responsible '(samth stamourv endobson asumu "andmkent@iu.edu" ben))
5
#<procedure:...ucceed/function.rkt:6:10>
'foo
'(1 2 3)
'(#f #t #t)
'(5)
"fx-filter.rkt":
  making #<path:/Users/ben/code/racket/fork/extra-pkgs/typed-racket/typed-racket-test/t-succeed/fx-filter.rkt>
 [output to "compiled/ta6osx/fx-filter_rkt.zo"]
raco test: "fx-filter.rkt"
raco test: @(test-responsible '(samth stamourv endobson asumu "andmkent@iu.edu" ben))
"generalize-vectors.rkt":
  making #<path:/Users/ben/code/racket/fork/extra-pkgs/typed-racket/typed-racket-test/t-succeed/generalize-vectors.rkt>
 [output to "compiled/ta6osx/generalize-vectors_rkt.zo"]
raco test: "generalize-vectors.rkt"
raco test: @(test-responsible '(samth stamourv endobson asumu "andmkent@iu.edu" ben))
'#(1.0 2.0)
"gh-issue-144.rkt":
  making #<path:/Users/ben/code/racket/fork/extra-pkgs/typed-racket/typed-racket-test/t-succeed/gh-issue-144.rkt>
 [output to "compiled/ta6osx/gh-issue-144_rkt.zo"]
raco test: "gh-issue-144.rkt"
raco test: @(test-responsible '(samth stamourv endobson asumu "andmkent@iu.edu" ben))
"gh-issue-157.rkt":
  making #<path:/Users/ben/code/racket/fork/extra-pkgs/typed-racket/typed-racket-test/t-succeed/gh-issue-157.rkt>
 [output to "compiled/ta6osx/gh-issue-157_rkt.zo"]
raco test: "gh-issue-157.rkt"
raco test: @(test-responsible '(samth stamourv endobson asumu "andmkent@iu.edu" ben))
"gh-issue-163-1.rkt":
  making #<path:/Users/ben/code/racket/fork/extra-pkgs/typed-racket/typed-racket-test/t-succeed/gh-issue-163-1.rkt>
 [output to "compiled/ta6osx/gh-issue-163-1_rkt.zo"]
raco test: (submod "gh-issue-163-1.rkt" test)
raco test: @(test-responsible '(samth stamourv endobson asumu "andmkent@iu.edu" ben))
"gh-issue-163-2.rkt":
  making #<path:/Users/ben/code/racket/fork/extra-pkgs/typed-racket/typed-racket-test/t-succeed/gh-issue-163-2.rkt>
 [output to "compiled/ta6osx/gh-issue-163-2_rkt.zo"]
raco test: "gh-issue-163-2.rkt"
raco test: @(test-responsible '(samth stamourv endobson asumu "andmkent@iu.edu" ben))
"gh-issue-164.rkt":
  making #<path:/Users/ben/code/racket/fork/extra-pkgs/typed-racket/typed-racket-test/t-succeed/gh-issue-164.rkt>
 [output to "compiled/ta6osx/gh-issue-164_rkt.zo"]
raco test: "gh-issue-164.rkt"
raco test: @(test-responsible '(samth stamourv endobson asumu "andmkent@iu.edu" ben))
2
2
"gh-issue-181.rkt":
  making #<path:/Users/ben/code/racket/fork/extra-pkgs/typed-racket/typed-racket-test/t-succeed/gh-issue-181.rkt>
 [output to "compiled/ta6osx/gh-issue-181_rkt.zo"]
raco test: "gh-issue-181.rkt"
raco test: @(test-responsible '(samth stamourv endobson asumu "andmkent@iu.edu" ben))
"gh-issue-205.rkt":
  making #<path:/Users/ben/code/racket/fork/extra-pkgs/typed-racket/typed-racket-test/t-succeed/gh-issue-205.rkt>
 [output to "compiled/ta6osx/gh-issue-205_rkt.zo"]
raco test: "gh-issue-205.rkt"
raco test: @(test-responsible '(samth stamourv endobson asumu "andmkent@iu.edu" ben))
1 test passed
"gh-issue-214.rkt":
  making #<path:/Users/ben/code/racket/fork/extra-pkgs/typed-racket/typed-racket-test/t-succeed/gh-issue-214.rkt>
 [output to "compiled/ta6osx/gh-issue-214_rkt.zo"]
raco test: "gh-issue-214.rkt"
raco test: @(test-responsible '(samth stamourv endobson asumu "andmkent@iu.edu" ben))
"gh-issue-26.rkt":
  making #<path:/Users/ben/code/racket/fork/extra-pkgs/typed-racket/typed-racket-test/t-succeed/gh-issue-26.rkt>
 [output to "compiled/ta6osx/gh-issue-26_rkt.zo"]
raco test: "gh-issue-26.rkt"
raco test: @(test-responsible '(samth stamourv endobson asumu "andmkent@iu.edu" ben))
"gh-issue-291.rkt":
  making #<path:/Users/ben/code/racket/fork/extra-pkgs/typed-racket/typed-racket-test/t-succeed/gh-issue-291.rkt>
 [output to "compiled/ta6osx/gh-issue-291_rkt.zo"]
raco test: "gh-issue-291.rkt"
raco test: @(test-responsible '(samth stamourv endobson asumu "andmkent@iu.edu" ben))
#<procedure:sB>
#<procedure:...ed/gh-issue-291.rkt:12:0>
"gh-issue-304.rkt":
  making #<path:/Users/ben/code/racket/fork/extra-pkgs/typed-racket/typed-racket-test/t-succeed/gh-issue-304.rkt>
 [output to "compiled/ta6osx/gh-issue-304_rkt.zo"]
raco test: "gh-issue-304.rkt"
raco test: @(test-responsible '(samth stamourv endobson asumu "andmkent@iu.edu" ben))
stx->arrow-type: failed to parse arrow from type of syntax object
  e: '(lambda (f) (#%app apply conjoin f))
  stx: #<syntax:/Users/ben/code/racket/fork/extra-pkgs/typed-racket/typed-racket-test/t-succeed/gh-issue-336.rkt:7:0 (lambda (f) (#%app apply conjoin f))>
  type: (All (A ... B ...) (-> (List (-> A ... B B) ... B) Any))
  compilation context...:
   /Users/ben/code/racket/fork/extra-pkgs/typed-racket/typed-racket-test/t-succeed/gh-issue-336.rkt
  context...:
   raise-arguments-error
   .../private/parse.rkt:559:26
   .../defender/defender.rkt:177:12: for-loop
   .../private/runtime.rkt:82:34: fail-handler52
   .../defender/defender.rkt:177:12: for-loop
   .../private/runtime.rkt:82:34: fail-handler52
   winder-dummy
   .../defender/defender.rkt:68:0: defend-top
   .../typed-racket/tc-setup.rkt:42:0: maybe-defend
   .../typed-racket/core.rkt:40:10
   winder-dummy
   .../typed-racket/typed-racket.rkt:23:4
   call-in-empty-metacontinuation-frame
   apply-transformer
   dispatch-transformer
   expand-module
"gh-issue-336.rkt":
  making #<path:/Users/ben/code/racket/fork/extra-pkgs/typed-racket/typed-racket-test/t-succeed/gh-issue-336.rkt>
"gh-issue-343.rkt":
  making #<path:/Users/ben/code/racket/fork/extra-pkgs/typed-racket/typed-racket-test/t-succeed/gh-issue-343.rkt>
 [output to "compiled/ta6osx/gh-issue-343_rkt.zo"]
raco test: "gh-issue-343.rkt"
raco test: @(test-responsible '(samth stamourv endobson asumu "andmkent@iu.edu" ben))
(object:c% ...)
"gh-issue-366.rkt":
  making #<path:/Users/ben/code/racket/fork/extra-pkgs/typed-racket/typed-racket-test/t-succeed/gh-issue-366.rkt>
 [output to "compiled/ta6osx/gh-issue-366_rkt.zo"]
raco test: "gh-issue-366.rkt"
raco test: @(test-responsible '(samth stamourv endobson asumu "andmkent@iu.edu" ben))
'x
"gh-issue-38.rkt":
  making #<path:/Users/ben/code/racket/fork/extra-pkgs/typed-racket/typed-racket-test/t-succeed/gh-issue-38.rkt>
 [output to "compiled/ta6osx/gh-issue-38_rkt.zo"]
raco test: "gh-issue-38.rkt"
raco test: @(test-responsible '(samth stamourv endobson asumu "andmkent@iu.edu" ben))
1 test passed
"gh-issue-426.rkt":
  making #<path:/Users/ben/code/racket/fork/extra-pkgs/typed-racket/typed-racket-test/t-succeed/gh-issue-426.rkt>
 [output to "compiled/ta6osx/gh-issue-426_rkt.zo"]
raco test: "gh-issue-426.rkt"
raco test: @(test-responsible '(samth stamourv endobson asumu "andmkent@iu.edu" ben))
4 tests passed
"gh-issue-43.rkt":
  making #<path:/Users/ben/code/racket/fork/extra-pkgs/typed-racket/typed-racket-test/t-succeed/gh-issue-43.rkt>
 [output to "compiled/ta6osx/gh-issue-43_rkt.zo"]
raco test: "gh-issue-43.rkt"
raco test: @(test-responsible '(samth stamourv endobson asumu "andmkent@iu.edu" ben))
5
5
"gh-issue-506.rkt":
  making #<path:/Users/ben/code/racket/fork/extra-pkgs/typed-racket/typed-racket-test/t-succeed/gh-issue-506.rkt>
 [output to "compiled/ta6osx/gh-issue-506_rkt.zo"]
raco test: "gh-issue-506.rkt"
raco test: @(test-responsible '(samth stamourv endobson asumu "andmkent@iu.edu" ben))
"gh-issue-542.rkt":
  making #<path:/Users/ben/code/racket/fork/extra-pkgs/typed-racket/typed-racket-test/t-succeed/gh-issue-542.rkt>
 [output to "compiled/ta6osx/gh-issue-542_rkt.zo"]
raco test: "gh-issue-542.rkt"
raco test: @(test-responsible '(samth stamourv endobson asumu "andmkent@iu.edu" ben))
"gh-issue-829.rkt":
  making #<path:/Users/ben/code/racket/fork/extra-pkgs/typed-racket/typed-racket-test/t-succeed/gh-issue-829.rkt>
 [output to "compiled/ta6osx/gh-issue-829_rkt.zo"]
raco test: "gh-issue-829.rkt"
raco test: @(test-responsible '(samth stamourv endobson asumu "andmkent@iu.edu" ben))
"gui-lang.rkt":
  making #<path:/Users/ben/code/racket/fork/extra-pkgs/typed-racket/typed-racket-test/t-succeed/gui-lang.rkt>
  making #<path:/Users/ben/code/racket/fork/extra-pkgs/typed-racket/typed-racket-more/typed/racket/private/gui-types.rkt>
  making #<path:/Users/ben/code/racket/fork/extra-pkgs/typed-racket/typed-racket-more/typed/racket/draw.rkt>
  making #<path:/Users/ben/code/racket/fork/extra-pkgs/typed-racket/typed-racket-more/typed/racket/snip.rkt>
  making #<path:/Users/ben/code/racket/fork/extra-pkgs/typed-racket/typed-racket-more/typed/racket/gui/base.rkt>
  making #<path:/Users/ben/code/racket/fork/extra-pkgs/typed-racket/typed-racket-more/typed/racket/gui.rkt>
 [output to "compiled/ta6osx/gui-lang_rkt.zo"]
raco test: "gui-lang.rkt"
raco test: @(test-responsible '(samth stamourv endobson asumu "andmkent@iu.edu" ben))
4
(object:bitmap% ...)
"hari-vector-bug.rkt":
  making #<path:/Users/ben/code/racket/fork/extra-pkgs/typed-racket/typed-racket-test/t-succeed/hari-vector-bug.rkt>
 [output to "compiled/ta6osx/hari-vector-bug_rkt.zo"]
raco test: "hari-vector-bug.rkt"
raco test: @(test-responsible '(samth stamourv endobson asumu "andmkent@iu.edu" ben))
"hash-literal.rkt":
  making #<path:/Users/ben/code/racket/fork/extra-pkgs/typed-racket/typed-racket-test/t-succeed/hash-literal.rkt>
 [output to "compiled/ta6osx/hash-literal_rkt.zo"]
raco test: "hash-literal.rkt"
raco test: @(test-responsible '(samth stamourv endobson asumu "andmkent@iu.edu" ben))
'#hash()
'#hash()
"hash-ref.rkt":
  making #<path:/Users/ben/code/racket/fork/extra-pkgs/typed-racket/typed-racket-test/t-succeed/hash-ref.rkt>
 [output to "compiled/ta6osx/hash-ref_rkt.zo"]
raco test: "hash-ref.rkt"
raco test: @(test-responsible '(samth stamourv endobson asumu "andmkent@iu.edu" ben))
1
1
1
"hashtabletop-flat-contract.rkt":
  making #<path:/Users/ben/code/racket/fork/extra-pkgs/typed-racket/typed-racket-test/t-succeed/hashtabletop-flat-contract.rkt>
 [output to "compiled/ta6osx/hashtabletop-flat-contract_rkt.zo"]
raco test: "hashtabletop-flat-contract.rkt"
raco test: @(test-responsible '(samth stamourv endobson asumu "andmkent@iu.edu" ben))
"het-vec.rkt":
  making #<path:/Users/ben/code/racket/fork/extra-pkgs/typed-racket/typed-racket-test/t-succeed/het-vec.rkt>
 [output to "compiled/ta6osx/het-vec_rkt.zo"]
raco test: "het-vec.rkt"
raco test: @(test-responsible '(samth stamourv endobson asumu "andmkent@iu.edu" ben))
1
"foo"
'bar
1.0
"het-vec2.rkt":
  making #<path:/Users/ben/code/racket/fork/extra-pkgs/typed-racket/typed-racket-test/t-succeed/het-vec2.rkt>
 [output to "compiled/ta6osx/het-vec2_rkt.zo"]
raco test: "het-vec2.rkt"
raco test: @(test-responsible '(samth stamourv endobson asumu "andmkent@iu.edu" ben))
'#(1 2 3)
3
1
1
1
3
"ho-box.rkt":
  making #<path:/Users/ben/code/racket/fork/extra-pkgs/typed-racket/typed-racket-test/t-succeed/ho-box.rkt>
 [output to "compiled/ta6osx/ho-box_rkt.zo"]
raco test: "ho-box.rkt"
raco test: @(test-responsible '(samth stamourv endobson asumu "andmkent@iu.edu" ben))
"icfp-examples.rkt":
  making #<path:/Users/ben/code/racket/fork/extra-pkgs/typed-racket/typed-racket-test/t-succeed/icfp-examples.rkt>
 [output to "compiled/ta6osx/icfp-examples_rkt.zo"]
raco test: "icfp-examples.rkt"
raco test: @(test-responsible '(samth stamourv endobson asumu "andmkent@iu.edu" ben))
8
13
8
10
10
8
2
#<procedure:...d/icfp-examples.rkt:53:0>
8
#<procedure:...d/icfp-examples.rkt:69:0>
"if-splitting-test.rkt":
  making #<path:/Users/ben/code/racket/fork/extra-pkgs/typed-racket/typed-racket-test/t-succeed/if-splitting-test.rkt>
 [output to "compiled/ta6osx/if-splitting-test_rkt.zo"]
raco test: "if-splitting-test.rkt"
raco test: @(test-responsible '(samth stamourv endobson asumu "andmkent@iu.edu" ben))
"in-hash-in-vector-subtype.rkt":
  making #<path:/Users/ben/code/racket/fork/extra-pkgs/typed-racket/typed-racket-test/t-succeed/in-hash-in-vector-subtype.rkt>
 [output to "compiled/ta6osx/in-hash-in-vector-subtype_rkt.zo"]
raco test: "in-hash-in-vector-subtype.rkt"
raco test: @(test-responsible '(samth stamourv endobson asumu "andmkent@iu.edu" ben))
"in-vector-range.rkt":
  making #<path:/Users/ben/code/racket/fork/extra-pkgs/typed-racket/typed-racket-test/t-succeed/in-vector-range.rkt>
 [output to "compiled/ta6osx/in-vector-range_rkt.zo"]
raco test: "in-vector-range.rkt"
raco test: @(test-responsible '(samth stamourv endobson asumu "andmkent@iu.edu" ben))
1
2
"index-of.rkt":
  making #<path:/Users/ben/code/racket/fork/extra-pkgs/typed-racket/typed-racket-test/t-succeed/index-of.rkt>
 [output to "compiled/ta6osx/index-of_rkt.zo"]
raco test: "index-of.rkt"
raco test: @(test-responsible '(samth stamourv endobson asumu "andmkent@iu.edu" ben))
3 tests passed
"inexact-complex.rkt":
  making #<path:/Users/ben/code/racket/fork/extra-pkgs/typed-racket/typed-racket-test/t-succeed/inexact-complex.rkt>
 [output to "compiled/ta6osx/inexact-complex_rkt.zo"]
raco test: "inexact-complex.rkt"
raco test: @(test-responsible '(samth stamourv endobson asumu "andmkent@iu.edu" ben))
1.1+2.0i
1.0+2.0i
1.1
1.0
2.0
4.0+2.0i
4.0+2.0i
"inf-nested-bot.rkt":
  making #<path:/Users/ben/code/racket/fork/extra-pkgs/typed-racket/typed-racket-test/t-succeed/inf-nested-bot.rkt>
 [output to "compiled/ta6osx/inf-nested-bot_rkt.zo"]
raco test: "inf-nested-bot.rkt"
raco test: @(test-responsible '(samth stamourv endobson asumu "andmkent@iu.edu" ben))
#f
"infer-dots.rkt":
  making #<path:/Users/ben/code/racket/fork/extra-pkgs/typed-racket/typed-racket-test/t-succeed/infer-dots.rkt>
 [output to "compiled/ta6osx/infer-dots_rkt.zo"]
raco test: "infer-dots.rkt"
raco test: @(test-responsible '(samth stamourv endobson asumu "andmkent@iu.edu" ben))
'(11 22 33)
'(21 42 63)
'(151 302 453)
'(5 7 9)
'(9 12 15)
"infer-funargs.rkt":
  making #<path:/Users/ben/code/racket/fork/extra-pkgs/typed-racket/typed-racket-test/t-succeed/infer-funargs.rkt>
 [output to "compiled/ta6osx/infer-funargs_rkt.zo"]
raco test: "infer-funargs.rkt"
raco test: @(test-responsible '(samth stamourv endobson asumu "andmkent@iu.edu" ben))
"inst-dots.rkt":
  making #<path:/Users/ben/code/racket/fork/extra-pkgs/typed-racket/typed-racket-test/t-succeed/inst-dots.rkt>
 [output to "compiled/ta6osx/inst-dots_rkt.zo"]
raco test: "inst-dots.rkt"
raco test: @(test-responsible '(samth stamourv endobson asumu "andmkent@iu.edu" ben))
'(9 15 21)
"inst-expected.rkt":
  making #<path:/Users/ben/code/racket/fork/extra-pkgs/typed-racket/typed-racket-test/t-succeed/inst-expected.rkt>
 [output to "compiled/ta6osx/inst-expected_rkt.zo"]
raco test: "inst-expected.rkt"
raco test: @(test-responsible '(samth stamourv endobson asumu "andmkent@iu.edu" ben))
"int-def-colon.rkt":
  making #<path:/Users/ben/code/racket/fork/extra-pkgs/typed-racket/typed-racket-test/t-succeed/int-def-colon.rkt>
 [output to "compiled/ta6osx/int-def-colon_rkt.zo"]
raco test: "int-def-colon.rkt"
raco test: @(test-responsible '(samth stamourv endobson asumu "andmkent@iu.edu" ben))
"integer-contracts.rkt":
  making #<path:/Users/ben/code/racket/fork/extra-pkgs/typed-racket/typed-racket-test/t-succeed/integer-contracts.rkt>
 [output to "compiled/ta6osx/integer-contracts_rkt.zo"]
raco test: "integer-contracts.rkt"
raco test: @(test-responsible '(samth stamourv endobson asumu "andmkent@iu.edu" ben))
2
2
-2
2
-2
"internal-scoped-tvar.rkt":
  making #<path:/Users/ben/code/racket/fork/extra-pkgs/typed-racket/typed-racket-test/t-succeed/internal-scoped-tvar.rkt>
 [output to "compiled/ta6osx/internal-scoped-tvar_rkt.zo"]
raco test: "internal-scoped-tvar.rkt"
raco test: @(test-responsible '(samth stamourv endobson asumu "andmkent@iu.edu" ben))
7
"intersect-no-intersections.rkt":
  making #<path:/Users/ben/code/racket/fork/extra-pkgs/typed-racket/typed-racket-test/t-succeed/intersect-no-intersections.rkt>
 [output to "compiled/ta6osx/intersect-no-intersections_rkt.zo"]
raco test: "intersect-no-intersections.rkt"
raco test: @(test-responsible '(samth stamourv endobson asumu "andmkent@iu.edu" ben))
"intersection1.rkt":
  making #<path:/Users/ben/code/racket/fork/extra-pkgs/typed-racket/typed-racket-test/t-succeed/intersection1.rkt>
 [output to "compiled/ta6osx/intersection1_rkt.zo"]
raco test: "intersection1.rkt"
raco test: @(test-responsible '(samth stamourv endobson asumu "andmkent@iu.edu" ben))
transient-assert: got "42" in 'x : (U ( Byte-Larger-Than-One g1694) ( Exact-Complex g1694) ( Exact-Imaginary g1694) ( Float-Complex g1694) ( Float-Imaginary g1694) ( Flonum-Nan g1694) ( Flonum-Negative-Zero g1694) ( Flonum-Positive-Zero g1694) ( Negative-Fixnum g1694) ( Negative-Float-No-NaN g1694) ( Negative-Integer-Not-Fixnum g1694) ( Negative-Rational-Not-Integer g1694) ( Negative-Single-Flonum-No-Nan g1694) ( One g1694) ( Positive-Fixnum-Not-Index g1694) ( Positive-Float-No-NaN g1694) ( Positive-Index-Not-Byte g1694) ( Positive-Integer-Not-Fixnum g1694) ( Positive-Rational-Not-Integer g1694) ( Positive-Single-Flonum-No-Nan g1694) ( Single-Flonum-Complex g1694) ( Single-Flonum-Imaginary g1694) ( Single-Flonum-Nan g1694) ( Single-Flonum-Negative-Zero g1694) ( Single-Flonum-Positive-Zero g1694) ( Zero g1694))
  context...:
   do-error
   .../t-succeed/intersection1.rkt:7:2: num-id
   call-in-empty-metacontinuation-frame
   call-with-values
   call-in-empty-metacontinuation-frame
   body of "/Users/ben/code/racket/fork/extra-pkgs/typed-racket/typed-racket-test/t-succeed/intersection1.rkt"
   for-loop
   run-module-instance!
   .../commands/test.rkt:179:16
   call-in-empty-metacontinuation-frame
   call-with-empty-metacontinuation-frame-for-swap
intersection1.rkt: raco test: test raised an exception
"issue-33.rkt":
  making #<path:/Users/ben/code/racket/fork/extra-pkgs/typed-racket/typed-racket-test/t-succeed/issue-33.rkt>
 [output to "compiled/ta6osx/issue-33_rkt.zo"]
raco test: "issue-33.rkt"
raco test: @(test-responsible '(samth stamourv endobson asumu "andmkent@iu.edu" ben))
'("foo" bold)
"issue-447.rkt":
  making #<path:/Users/ben/code/racket/fork/extra-pkgs/typed-racket/typed-racket-test/t-succeed/issue-447.rkt>
 [output to "compiled/ta6osx/issue-447_rkt.zo"]
raco test: "issue-447.rkt"
raco test: @(test-responsible '(samth stamourv endobson asumu "andmkent@iu.edu" ben))
"issue-598.rkt":
  making #<path:/Users/ben/code/racket/fork/extra-pkgs/typed-racket/typed-racket-test/t-succeed/issue-598.rkt>
 [output to "compiled/ta6osx/issue-598_rkt.zo"]
raco test: (submod "issue-598.rkt" test)
raco test: @(test-responsible '(samth stamourv endobson asumu "andmkent@iu.edu" ben))
--------------------
FAILURE
name:       check-exn
location:
  /Users/ben/code/racket/fork/extra-pkgs/rackunit/rackunit-typed/rackunit/main.rkt:45:2
params:
  '(#<procedure:exn:fail:contract?> #<procedure:...cceed/issue-598.rkt:18:4>)
message:    "No exception raised"
--------------------
+: contract violation
  expected: number?
  given: "hello"
  context...:
   condition->exn
   do-raise
   dynamic-wind
   .../t-succeed/issue-598.rkt:20:2
   call-with-values
   call-in-empty-metacontinuation-frame
   body of (submod "/Users/ben/code/racket/fork/extra-pkgs/typed-racket/typed-racket-test/t-succeed/issue-598.rkt" test)
   for-loop
   run-module-instance!
   .../commands/test.rkt:179:16
   call-in-empty-metacontinuation-frame
   call-with-empty-metacontinuation-frame-for-swap
issue-598.rkt: raco test: test raised an exception
1/1 test failures
"issue-625.rkt":
  making #<path:/Users/ben/code/racket/fork/extra-pkgs/typed-racket/typed-racket-test/t-succeed/issue-625.rkt>
 [output to "compiled/ta6osx/issue-625_rkt.zo"]
raco test: "issue-625.rkt"
raco test: @(test-responsible '(samth stamourv endobson asumu "andmkent@iu.edu" ben))
--------------------
FAILURE
name:       check-exn
location:   issue-625.rkt:16:0
params:
  '(#rx"hash-equal\\?.*key contract is not a flat contract"
    #<procedure:...cceed/issue-625.rkt:17:2>)
message:    "No exception raised"
--------------------
--------------------
FAILURE
name:       check-exn
location:   issue-625.rkt:19:0
params:
  '(#rx"hash-equal\\?.*key contract is not a flat contract"
    #<procedure:...cceed/issue-625.rkt:20:2>)
message:    "No exception raised"
--------------------
2/3 test failures
"issue-628.rkt":
  making #<path:/Users/ben/code/racket/fork/extra-pkgs/typed-racket/typed-racket-test/t-succeed/issue-628.rkt>
 [output to "compiled/ta6osx/issue-628_rkt.zo"]
raco test: "issue-628.rkt"
raco test: @(test-responsible '(samth stamourv endobson asumu "andmkent@iu.edu" ben))
"issue-807.rkt":
  making #<path:/Users/ben/code/racket/fork/extra-pkgs/typed-racket/typed-racket-test/t-succeed/issue-807.rkt>
 [output to "compiled/ta6osx/issue-807_rkt.zo"]
raco test: "issue-807.rkt"
raco test: @(test-responsible '(samth stamourv endobson asumu "andmkent@iu.edu" ben))
"issue-823.rkt":
  making #<path:/Users/ben/code/racket/fork/extra-pkgs/typed-racket/typed-racket-test/t-succeed/issue-823.rkt>
 [output to "compiled/ta6osx/issue-823_rkt.zo"]
raco test: "issue-823.rkt"
raco test: @(test-responsible '(samth stamourv endobson asumu "andmkent@iu.edu" ben))
#t
"json-hash.rkt":
  making #<path:/Users/ben/code/racket/fork/extra-pkgs/typed-racket/typed-racket-test/t-succeed/json-hash.rkt>
  making #<path:/Users/ben/code/racket/fork/extra-pkgs/typed-racket/typed-racket-more/typed/json.rkt>
 [output to "compiled/ta6osx/json-hash_rkt.zo"]
raco test: "json-hash.rkt"
raco test: @(test-responsible '(samth stamourv endobson asumu "andmkent@iu.edu" ben))
"keyword-function-order.rkt":
  making #<path:/Users/ben/code/racket/fork/extra-pkgs/typed-racket/typed-racket-test/t-succeed/keyword-function-order.rkt>
 [output to "compiled/ta6osx/keyword-function-order_rkt.zo"]
raco test: "keyword-function-order.rkt"
raco test: @(test-responsible '(samth stamourv endobson asumu "andmkent@iu.edu" ben))
'x
"kw-def.rkt":
  making #<path:/Users/ben/code/racket/fork/extra-pkgs/typed-racket/typed-racket-test/t-succeed/kw-def.rkt>
 [output to "compiled/ta6osx/kw-def_rkt.zo"]
raco test: "kw-def.rkt"
raco test: @(test-responsible '(samth stamourv endobson asumu "andmkent@iu.edu" ben))
1
1
1
1
1
1
1
1
1
1
1
1
"kw.rkt":
  making #<path:/Users/ben/code/racket/fork/extra-pkgs/typed-racket/typed-racket-test/t-succeed/kw.rkt>
 [output to "compiled/ta6osx/kw_rkt.zo"]
raco test: "kw.rkt"
raco test: @(test-responsible '(samth stamourv endobson asumu "andmkent@iu.edu" ben))
#<procedure:...st/t-succeed/kw.rkt:3:0>
'(3 2 1)
'(1 2 3)
'(1 2 3)
'(1 2 3)
'("foo")
'(3 2 1)
"leftist-heap.rkt":
  making #<path:/Users/ben/code/racket/fork/extra-pkgs/typed-racket/typed-racket-test/t-succeed/leftist-heap.rkt>
 [output to "compiled/ta6osx/leftist-heap_rkt.zo"]
raco test: "leftist-heap.rkt"
raco test: @(test-responsible '(samth stamourv endobson asumu "andmkent@iu.edu" ben))
"let-no-anns.rkt":
  making #<path:/Users/ben/code/racket/fork/extra-pkgs/typed-racket/typed-racket-test/t-succeed/let-no-anns.rkt>
 [output to "compiled/ta6osx/let-no-anns_rkt.zo"]
raco test: "let-no-anns.rkt"
raco test: @(test-responsible '(samth stamourv endobson asumu "andmkent@iu.edu" ben))
7
7
7
3
"let-partial-annotations.rkt":
  making #<path:/Users/ben/code/racket/fork/extra-pkgs/typed-racket/typed-racket-test/t-succeed/let-partial-annotations.rkt>
 [output to "compiled/ta6osx/let-partial-annotations_rkt.zo"]
raco test: "let-partial-annotations.rkt"
raco test: @(test-responsible '(samth stamourv endobson asumu "andmkent@iu.edu" ben))
'(10 9 8 7 6 5 4 3 2 1 0)
"let-values-tests.rkt":
  making #<path:/Users/ben/code/racket/fork/extra-pkgs/typed-racket/typed-racket-test/t-succeed/let-values-tests.rkt>
 [output to "compiled/ta6osx/let-values-tests_rkt.zo"]
raco test: "let-values-tests.rkt"
raco test: @(test-responsible '(samth stamourv endobson asumu "andmkent@iu.edu" ben))
7
7
7
"lifting-top-level.rkt":
  making #<path:/Users/ben/code/racket/fork/extra-pkgs/typed-racket/typed-racket-test/t-succeed/lifting-top-level.rkt>
 [output to "compiled/ta6osx/lifting-top-level_rkt.zo"]
raco test: "lifting-top-level.rkt"
raco test: @(test-responsible '(samth stamourv endobson asumu "andmkent@iu.edu" ben))
- : String
- : String
"linear-integer-simple.rkt":
  making #<path:/Users/ben/code/racket/fork/extra-pkgs/typed-racket/typed-racket-test/t-succeed/linear-integer-simple.rkt>
 [output to "compiled/ta6osx/linear-integer-simple_rkt.zo"]
raco test: "linear-integer-simple.rkt"
raco test: @(test-responsible '(samth stamourv endobson asumu "andmkent@iu.edu" ben))
1
1
stx->arrow-type: failed to parse arrow from type of syntax object
  e: '(lambda (x) x)
  stx: #<syntax:/Users/ben/code/racket/fork/extra-pkgs/typed-racket/typed-racket-test/t-succeed/list-dots.rkt:6:0 (lambda (x) x)>
  type: (All (a ...) (-> (List a ... a) (List a ... a)))
  compilation context...:
   /Users/ben/code/racket/fork/extra-pkgs/typed-racket/typed-racket-test/t-succeed/list-dots.rkt
  context...:
   raise-arguments-error
   .../private/parse.rkt:559:26
   .../defender/defender.rkt:177:12: for-loop
   .../private/runtime.rkt:82:34: fail-handler52
   .../defender/defender.rkt:177:12: for-loop
   .../private/runtime.rkt:82:34: fail-handler52
   winder-dummy
   .../defender/defender.rkt:68:0: defend-top
   .../typed-racket/tc-setup.rkt:42:0: maybe-defend
   .../typed-racket/core.rkt:40:10
   winder-dummy
   .../typed-racket/typed-racket.rkt:23:4
   call-in-empty-metacontinuation-frame
   apply-transformer
   dispatch-transformer
   expand-module
"list-dots.rkt":
  making #<path:/Users/ben/code/racket/fork/extra-pkgs/typed-racket/typed-racket-test/t-succeed/list-dots.rkt>
"list-ref-vec.rkt":
  making #<path:/Users/ben/code/racket/fork/extra-pkgs/typed-racket/typed-racket-test/t-succeed/list-ref-vec.rkt>
 [output to "compiled/ta6osx/list-ref-vec_rkt.zo"]
raco test: "list-ref-vec.rkt"
raco test: @(test-responsible '(samth stamourv endobson asumu "andmkent@iu.edu" ben))
'#(1 2 3)
"list-struct-sum.rkt":
  making #<path:/Users/ben/code/racket/fork/extra-pkgs/typed-racket/typed-racket-test/t-succeed/list-struct-sum.rkt>
 [output to "compiled/ta6osx/list-struct-sum_rkt.zo"]
raco test: "list-struct-sum.rkt"
raco test: @(test-responsible '(samth stamourv endobson asumu "andmkent@iu.edu" ben))
9
9
"literal-char-gh-issue-434.rkt":
  making #<path:/Users/ben/code/racket/fork/extra-pkgs/typed-racket/typed-racket-test/t-succeed/literal-char-gh-issue-434.rkt>
 [output to "compiled/ta6osx/literal-char-gh-issue-434_rkt.zo"]
raco test: "literal-char-gh-issue-434.rkt"
raco test: @(test-responsible '(samth stamourv endobson asumu "andmkent@iu.edu" ben))
#\nul
#\nul
#\b
#<procedure:...ar-gh-issue-434.rkt:13:9>
type->static-contract/transient: unexpected Val-able value
  value: #rx#"abc"
  original type: #rx#"abc"
  compilation context...:
   /Users/ben/code/racket/fork/extra-pkgs/typed-racket/typed-racket-test/t-succeed/literal-regexp-gh-issue-539.rkt
  context...:
   raise-arguments-error
   .../private/type-contract.rkt:794:2: loop
   .../private/type-contract.rkt:314:2
   call-in-empty-metacontinuation-frame
   .../private/type-contract.rkt:88:0: generate-contract-def
   .../private/type-contract.rkt:217:3: for-loop
   .../private/type-contract.rkt:215:0: change-contract-fixups
   .../typed-racket/core.rkt:40:10
   winder-dummy
   .../typed-racket/typed-racket.rkt:23:4
   call-in-empty-metacontinuation-frame
   apply-transformer
   dispatch-transformer
   expand-module
   expand-capturing-lifts
   expand-single
"literal-regexp-gh-issue-539.rkt":
  making #<path:/Users/ben/code/racket/fork/extra-pkgs/typed-racket/typed-racket-test/t-succeed/literal-regexp-gh-issue-539.rkt>
"little-schemer.rkt":
  making #<path:/Users/ben/code/racket/fork/extra-pkgs/typed-racket/typed-racket-test/t-succeed/little-schemer.rkt>
 [output to "compiled/ta6osx/little-schemer_rkt.zo"]
raco test: "little-schemer.rkt"
raco test: @(test-responsible '(samth stamourv endobson asumu "andmkent@iu.edu" ben))
'(2 3 4)
"logic.rkt":
  making #<path:/Users/ben/code/racket/fork/extra-pkgs/typed-racket/typed-racket-test/t-succeed/logic.rkt>
 [output to "compiled/ta6osx/logic_rkt.zo"]
raco test: "logic.rkt"
raco test: @(test-responsible '(samth stamourv endobson asumu "andmkent@iu.edu" ben))
stx->arrow-type: failed to parse arrow from type of syntax object
  e: '(lambda () (#%expression (lambda ys '3)))
  stx: #<syntax:/Users/ben/code/racket/fork/extra-pkgs/typed-racket/typed-racket-test/t-succeed/lots-o-bugs.rkt:5:0 (lambda () (#%expression (lambda ys (quote 3))))>
  type: (All (a ...) (-> (-> a ... a Positive-Byte)))
  compilation context...:
   /Users/ben/code/racket/fork/extra-pkgs/typed-racket/typed-racket-test/t-succeed/lots-o-bugs.rkt
  context...:
   raise-arguments-error
   .../private/parse.rkt:559:26
   .../defender/defender.rkt:177:12: for-loop
   .../private/runtime.rkt:82:34: fail-handler52
   .../defender/defender.rkt:177:12: for-loop
   .../private/runtime.rkt:82:34: fail-handler52
   .../defender/defender.rkt:68:0: defend-top
   .../typed-racket/tc-setup.rkt:42:0: maybe-defend
   .../typed-racket/core.rkt:40:10
   winder-dummy
   .../typed-racket/typed-racket.rkt:23:4
   call-in-empty-metacontinuation-frame
   apply-transformer
   dispatch-transformer
   expand-module
   expand-capturing-lifts
"lots-o-bugs.rkt":
  making #<path:/Users/ben/code/racket/fork/extra-pkgs/typed-racket/typed-racket-test/t-succeed/lots-o-bugs.rkt>
"macro-in-unit.rkt":
  making #<path:/Users/ben/code/racket/fork/extra-pkgs/typed-racket/typed-racket-test/t-succeed/macro-in-unit.rkt>
 [output to "compiled/ta6osx/macro-in-unit_rkt.zo"]
raco test: "macro-in-unit.rkt"
raco test: @(test-responsible '(samth stamourv endobson asumu "andmkent@iu.edu" ben))
#<unit:...ed/macro-in-unit.rkt:8:0>
"make-predicate-mod.rkt":
  making #<path:/Users/ben/code/racket/fork/extra-pkgs/typed-racket/typed-racket-test/t-succeed/make-predicate-mod.rkt>
 [output to "compiled/ta6osx/make-predicate-mod_rkt.zo"]
raco test: "make-predicate-mod.rkt"
raco test: @(test-responsible '(samth stamourv endobson asumu "andmkent@iu.edu" ben))
"make-predicate-top-level.rkt":
  making #<path:/Users/ben/code/racket/fork/extra-pkgs/typed-racket/typed-racket-test/t-succeed/make-predicate-top-level.rkt>
 [output to "compiled/ta6osx/make-predicate-top-level_rkt.zo"]
raco test: "make-predicate-top-level.rkt"
raco test: @(test-responsible '(samth stamourv endobson asumu "andmkent@iu.edu" ben))
"make-top-predicate.rkt":
  making #<path:/Users/ben/code/racket/fork/extra-pkgs/typed-racket/typed-racket-test/t-succeed/make-top-predicate.rkt>
 [output to "compiled/ta6osx/make-top-predicate_rkt.zo"]
raco test: "make-top-predicate.rkt"
raco test: @(test-responsible '(samth stamourv endobson asumu "andmkent@iu.edu" ben))
#<procedure:vector?>
#<procedure:box?>
#<procedure:channel?>
#<procedure:async-channel?>
#<procedure:hash?>
#<procedure:mpair?>
#<procedure:thread-cell?>
#<procedure:continuation-prompt-tag?>
#<procedure:continuation-mark-key?>
#<procedure:class?>
type->static-contract/transient: contract generation not supported for this type
  type: (Futureof Bytes)
  compilation context...:
   /Users/ben/code/racket/fork/extra-pkgs/typed-racket/typed-racket-test/t-succeed/mandelbrot.rkt
  context...:
   raise-arguments-error
   .../private/type-contract.rkt:794:2: loop
   .../private/type-contract.rkt:314:2
   call-in-empty-metacontinuation-frame
   .../defender/defender.rkt:675:0: type->flat-contract
   .../defender/defender.rkt:689:2: for-loop
   .../defender/defender.rkt:688:0: type->flat-contract*
   .../defender/defender.rkt:497:0: protect-codomain
   .../private/runtime.rkt:82:34: fail-handler101
   .../defender/defender.rkt:177:12: for-loop
   .../private/runtime.rkt:82:34: fail-handler52
   .../defender/defender.rkt:177:12: for-loop
   .../private/runtime.rkt:82:34: fail-handler52
   .../defender/defender.rkt:177:12: for-loop
   .../private/runtime.rkt:82:34: fail-handler52
   .../defender/defender.rkt:177:12: for-loop
"mandelbrot.rkt":
  making #<path:/Users/ben/code/racket/fork/extra-pkgs/typed-racket/typed-racket-test/t-succeed/mandelbrot.rkt>
"manual-examples.rkt":
  making #<path:/Users/ben/code/racket/fork/extra-pkgs/typed-racket/typed-racket-test/t-succeed/manual-examples.rkt>
 [output to "compiled/ta6osx/manual-examples_rkt.zo"]
raco test: "manual-examples.rkt"
raco test: @(test-responsible '(samth stamourv endobson asumu "andmkent@iu.edu" ben))
"map-nonempty.rkt":
  making #<path:/Users/ben/code/racket/fork/extra-pkgs/typed-racket/typed-racket-test/t-succeed/map-nonempty.rkt>
 [output to "compiled/ta6osx/map-nonempty_rkt.zo"]
raco test: "map-nonempty.rkt"
raco test: @(test-responsible '(samth stamourv endobson asumu "andmkent@iu.edu" ben))
5
"map1.rkt":
  making #<path:/Users/ben/code/racket/fork/extra-pkgs/typed-racket/typed-racket-test/t-succeed/map1.rkt>
 [output to "compiled/ta6osx/map1_rkt.zo"]
raco test: "map1.rkt"
raco test: @(test-responsible '(samth stamourv endobson asumu "andmkent@iu.edu" ben))
'(#<void> #<void> #<void>)
"map2.rkt":
  making #<path:/Users/ben/code/racket/fork/extra-pkgs/typed-racket/typed-racket-test/t-succeed/map2.rkt>
 [output to "compiled/ta6osx/map2_rkt.zo"]
raco test: "map2.rkt"
raco test: @(test-responsible '(samth stamourv endobson asumu "andmkent@iu.edu" ben))
'(2 3 4)
'(2 3 4)
"match-dots.rkt":
  making #<path:/Users/ben/code/racket/fork/extra-pkgs/typed-racket/typed-racket-test/t-succeed/match-dots.rkt>
 [output to "compiled/ta6osx/match-dots_rkt.zo"]
raco test: "match-dots.rkt"
raco test: @(test-responsible '(samth stamourv endobson asumu "andmkent@iu.edu" ben))
"match-dots2.rkt":
  making #<path:/Users/ben/code/racket/fork/extra-pkgs/typed-racket/typed-racket-test/t-succeed/match-dots2.rkt>
 [output to "compiled/ta6osx/match-dots2_rkt.zo"]
raco test: "match-dots2.rkt"
raco test: @(test-responsible '(samth stamourv endobson asumu "andmkent@iu.edu" ben))
"match-expander-problem.rkt":
  making #<path:/Users/ben/code/racket/fork/extra-pkgs/typed-racket/typed-racket-test/t-succeed/match-expander-problem.rkt>
 [output to "compiled/ta6osx/match-expander-problem_rkt.zo"]
raco test: "match-expander-problem.rkt"
raco test: @(test-responsible '(samth stamourv endobson asumu "andmkent@iu.edu" ben))
"match-or.rkt":
  making #<path:/Users/ben/code/racket/fork/extra-pkgs/typed-racket/typed-racket-test/t-succeed/match-or.rkt>
 [output to "compiled/ta6osx/match-or_rkt.zo"]
raco test: "match-or.rkt"
raco test: @(test-responsible '(samth stamourv endobson asumu "andmkent@iu.edu" ben))
"match-overlap-unsafe-struct-ref.rkt":
  making #<path:/Users/ben/code/racket/fork/extra-pkgs/typed-racket/typed-racket-test/t-succeed/match-overlap-unsafe-struct-ref.rkt>
 [output to "compiled/ta6osx/match-overlap-unsafe-struct-ref_rkt.zo"]
raco test: "match-overlap-unsafe-struct-ref.rkt"
raco test: @(test-responsible '(samth stamourv endobson asumu "andmkent@iu.edu" ben))
"match-tests.rkt":
  making #<path:/Users/ben/code/racket/fork/extra-pkgs/typed-racket/typed-racket-test/t-succeed/match-tests.rkt>
 [output to "compiled/ta6osx/match-tests_rkt.zo"]
raco test: "match-tests.rkt"
raco test: @(test-responsible '(samth stamourv endobson asumu "andmkent@iu.edu" ben))
1
1
"match.rkt":
  making #<path:/Users/ben/code/racket/fork/extra-pkgs/typed-racket/typed-racket-test/t-succeed/match.rkt>
 [output to "compiled/ta6osx/match_rkt.zo"]
raco test: "match.rkt"
raco test: @(test-responsible '(samth stamourv endobson asumu "andmkent@iu.edu" ben))
4
"member-pred.rkt":
  making #<path:/Users/ben/code/racket/fork/extra-pkgs/typed-racket/typed-racket-test/t-succeed/member-pred.rkt>
 [output to "compiled/ta6osx/member-pred_rkt.zo"]
raco test: "member-pred.rkt"
raco test: @(test-responsible '(samth stamourv endobson asumu "andmkent@iu.edu" ben))
"member-with-is-equal-argument.rkt":
  making #<path:/Users/ben/code/racket/fork/extra-pkgs/typed-racket/typed-racket-test/t-succeed/member-with-is-equal-argument.rkt>
 [output to "compiled/ta6osx/member-with-is-equal-argument_rkt.zo"]
raco test: "member-with-is-equal-argument.rkt"
raco test: @(test-responsible '(samth stamourv endobson asumu "andmkent@iu.edu" ben))
'(170 171 172 173 174 175 176 177 178 179 180 181 182 183 184 185 186 187 188 189 190 191 192 193 194 195 196 197 198 199 200 201 202 203 204 205 206 207 208 209 210 211 212 213 214 215 216 217 218 219 220 221 222 223 224 225 226 227 228 229 230 231 232 233 234 235 236 237 238 239 240 241 242 243 244 245 246 247 248 249 250 251 252 253 254 255 256 257 258 259 260 261 262 263 264 265 266 267 268 269 270 271 272 273 274 275 276 277 278 279 280 281 282 283 284 285 286 287 288 289 290 291 292 293 294 295 296 297 298 299 300 301 302 303 304 305 306 307 308 309 310 311 312 313 314 315 316 317 318 319 320 321 322 323 324 325 326 327 328 329 330 331 332 333 334 335 336 337 338 339 340 341 342 343 344 345 346 347 348 349 350 351 352 353 354 355 356 357 358 359 360 361 362 363 364 365 366 367 368 369 370 371 372 373 374 375 376 377 378 379 380 381 382 383 384 385 386 387 388 389 390 391 392 393 394 395 396 397 398 399 400 401 402 403 404 405 406 407 408 409 410 411 412 413 414 415 416 417 418 419 420 421 422 423 424 425 426 427 428 429 430 431 432 433 434 435 436 437 438 439 440 441 442 443 444 445 446 447 448 449 450 451 452 453 454 455 456 457 458 459 460 461 462 463 464 465 466 467 468 469 470 471 472 473 474 475 476 477 478 479 480 481 482 483 484 485 486 487 488 489 490 491 492 493 494 495 496 497 498 499 500 501 502 503 504 505 506 507 508 509 510 511 512 513 514 515 516 517 518 519 520 521 522 523 524 525 526 527 528 529 530 531 532 533 534 535 536 537 538 539 540 541 542 543 544 545 546 547 548 549 550 551 552 553 554 555 556 557 558 559 560 561 562 563 564 565 566 567 568 569 570 571 572 573 574 575 576 577 578 579 580 581 582 583 584 585 586 587 588 589 590 591 592 593 594 595 596 597 598 599 600 601 602 603 604 605 606 607 608 609 610 611 612 613 614 615 616 617 618 619 620 621 622 623 624 625 626 627 628 629 630 631 632 633 634 635 636 637 638 639 640 641 642 643 644 645 646 647 648 649 650 651 652 653 654 655 656 657 658 659 660 661 662 663 664 665 666 667 668 669 670 671 672 673 674 675 676 677 678 679 680 681 682 683 684 685 686 687 688 689 690 691 692 693 694 695 696 697 698 699 700 701 702 703 704 705 706 707 708 709 710 711 712 713 714 715 716 717 718 719 720 721 722 723 724 725 726 727 728 729 730 731 732 733 734 735 736 737 738 739 740 741 742 743 744 745 746 747 748 749 750 751 752 753 754 755 756 757 758 759 760 761 762 763 764 765 766 767 768 769 770 771 772 773 774 775 776 777 778 779 780 781 782 783 784 785 786 787 788 789 790 791 792 793 794 795 796 797 798 799 800 801 802 803 804 805 806 807 808 809 810 811 812 813 814 815 816 817 818 819 820 821 822 823 824 825 826 827 828 829 830 831 832 833 834 835 836 837 838 839 840 841 842 843 844 845 846 847 848 849 850 851 852 853 854 855 856 857 858 859 860 861 862 863 864 865 866 867 868 869 870 871 872 873 874 875 876 877 878 879 880 881 882 883 884 885 886 887 888 889 890 891 892 893 894 895 896 897 898 899 900 901 902 903 904 905 906 907 908 909 910 911 912 913 914 915 916 917 918 919 920 921 922 923 924 925 926 927 928 929 930 931 932 933 934 935 936 937 938 939 940 941 942 943 944 945 946 947 948 949 950 951 952 953 954 955 956 957 958 959 960 961 962 963 964 965 966 967 968 969 970 971 972 973 974 975 976 977 978 979 980 981 982 983 984 985 986 987 988 989 990 991 992 993 994 995 996 997 998 999)
344 tests passed
open-input-file: cannot open module file
  module path: /Users/ben/code/racket/fork/extra-pkgs/typed-racket/typed-racket-test/t-succeed/patch.rkt
  path: /Users/ben/code/racket/fork/extra-pkgs/typed-racket/typed-racket-test/t-succeed/patch.rkt
  system error: no such file or directory; rkt_err=3
  compilation context...:
   /Users/ben/code/racket/fork/extra-pkgs/typed-racket/typed-racket-test/t-succeed/metrics.rkt
  context...:
   maybe-raise-missing-module
   open-input-file
   pre
   dynamic-wind
   default-load-handler
   call-in-empty-metacontinuation-frame
   standard-module-name-resolver
   module-path-index-resolve
   syntax-local-module-exports
   .../racket/require-transform.rkt:269:2: expand-import
   .../private/reqprov.rkt:439:5
   .../racket/require-transform.rkt:269:2: expand-import
   .../private/reqprov.rkt:266:21: try-next
   .../private/reqprov.rkt:243:2
   call-in-empty-metacontinuation-frame
   apply-transformer
"metrics.rkt":
  making #<path:/Users/ben/code/racket/fork/extra-pkgs/typed-racket/typed-racket-test/t-succeed/metrics.rkt>
"module-lang.rkt":
  making #<path:/Users/ben/code/racket/fork/extra-pkgs/typed-racket/typed-racket-test/t-succeed/module-lang.rkt>
 [output to "compiled/ta6osx/module-lang_rkt.zo"]
raco test: "module-lang.rkt"
raco test: @(test-responsible '(samth stamourv endobson asumu "andmkent@iu.edu" ben))
- : Integer [more precisely: One]
"module-plus.rkt":
  making #<path:/Users/ben/code/racket/fork/extra-pkgs/typed-racket/typed-racket-test/t-succeed/module-plus.rkt>
 [output to "compiled/ta6osx/module-plus_rkt.zo"]
raco test: "module-plus.rkt"
raco test: @(test-responsible '(samth stamourv endobson asumu "andmkent@iu.edu" ben))
"module-repl.rkt":
  making #<path:/Users/ben/code/racket/fork/extra-pkgs/typed-racket/typed-racket-test/t-succeed/module-repl.rkt>
 [output to "compiled/ta6osx/module-repl_rkt.zo"]
raco test: "module-repl.rkt"
raco test: @(test-responsible '(samth stamourv endobson asumu "andmkent@iu.edu" ben))
"mpair.rkt":
  making #<path:/Users/ben/code/racket/fork/extra-pkgs/typed-racket/typed-racket-test/t-succeed/mpair.rkt>
 [output to "compiled/ta6osx/mpair_rkt.zo"]
raco test: "mpair.rkt"
raco test: @(test-responsible '(samth stamourv endobson asumu "andmkent@iu.edu" ben))
-7
2
"mu-rec.rkt":
  making #<path:/Users/ben/code/racket/fork/extra-pkgs/typed-racket/typed-racket-test/t-succeed/mu-rec.rkt>
 [output to "compiled/ta6osx/mu-rec_rkt.zo"]
raco test: "mu-rec.rkt"
raco test: @(test-responsible '(samth stamourv endobson asumu "andmkent@iu.edu" ben))
"multi-arr-parse.rkt":
  making #<path:/Users/ben/code/racket/fork/extra-pkgs/typed-racket/typed-racket-test/t-succeed/multi-arr-parse.rkt>
 [output to "compiled/ta6osx/multi-arr-parse_rkt.zo"]
raco test: "multi-arr-parse.rkt"
raco test: @(test-responsible '(samth stamourv endobson asumu "andmkent@iu.edu" ben))
"mutable-poly-struct.rkt":
  making #<path:/Users/ben/code/racket/fork/extra-pkgs/typed-racket/typed-racket-test/t-succeed/mutable-poly-struct.rkt>
 [output to "compiled/ta6osx/mutable-poly-struct_rkt.zo"]
raco test: "mutable-poly-struct.rkt"
raco test: @(test-responsible '(samth stamourv endobson asumu "andmkent@iu.edu" ben))
#<procedure:set-X-b!>
"mutable-struct-pred.rkt":
  making #<path:/Users/ben/code/racket/fork/extra-pkgs/typed-racket/typed-racket-test/t-succeed/mutable-struct-pred.rkt>
 [output to "compiled/ta6osx/mutable-struct-pred_rkt.zo"]
raco test: "mutable-struct-pred.rkt"
raco test: @(test-responsible '(samth stamourv endobson asumu "andmkent@iu.edu" ben))
1
"namespace-anchor.rkt":
  making #<path:/Users/ben/code/racket/fork/extra-pkgs/typed-racket/typed-racket-test/t-succeed/namespace-anchor.rkt>
 [output to "compiled/ta6osx/namespace-anchor_rkt.zo"]
raco test: "namespace-anchor.rkt"
raco test: @(test-responsible '(samth stamourv endobson asumu "andmkent@iu.edu" ben))
stx->arrow-type: failed to parse arrow from type of syntax object
  e: '(lambda xs '5)
  stx: #<syntax:/Users/ben/code/racket/fork/extra-pkgs/typed-racket/typed-racket-test/t-succeed/nested-poly.rkt:7:0 (lambda xs (quote 5))>
  type: (All (A ...) (All (B ...) (-> A ... A Integer)))
  compilation context...:
   /Users/ben/code/racket/fork/extra-pkgs/typed-racket/typed-racket-test/t-succeed/nested-poly.rkt
  context...:
   raise-arguments-error
   .../private/parse.rkt:559:26
   .../defender/defender.rkt:177:12: for-loop
   .../private/runtime.rkt:82:34: fail-handler52
   .../defender/defender.rkt:177:12: for-loop
   .../private/runtime.rkt:82:34: fail-handler52
   winder-dummy
   .../defender/defender.rkt:68:0: defend-top
   .../typed-racket/tc-setup.rkt:42:0: maybe-defend
   .../typed-racket/core.rkt:40:10
   winder-dummy
   .../typed-racket/typed-racket.rkt:23:4
   call-in-empty-metacontinuation-frame
   apply-transformer
   dispatch-transformer
   expand-module
"nested-poly.rkt":
  making #<path:/Users/ben/code/racket/fork/extra-pkgs/typed-racket/typed-racket-test/t-succeed/nested-poly.rkt>
stx->arrow-type: failed to parse arrow from type of syntax object
  e: '(lambda (arg . args) (#%app apply map (lambda (n . ns) (#%app apply / n ns)) arg args))
  stx: #<syntax:/Users/ben/code/racket/fork/extra-pkgs/typed-racket/typed-racket-test/t-succeed/new-metrics.rkt:487:0 (lambda (arg . args) (#%app apply map (lambda (n . ns) (#%app apply / n ns)) arg args))>
  type: (All (a ...) (-> (Listof Number) (Listof Number) ... a (Listof Number)))
  compilation context...:
   /Users/ben/code/racket/fork/extra-pkgs/typed-racket/typed-racket-test/t-succeed/new-metrics.rkt
  context...:
   raise-arguments-error
   .../private/parse.rkt:559:26
   .../defender/defender.rkt:177:12: for-loop
   .../private/runtime.rkt:82:34: fail-handler52
   .../defender/defender.rkt:177:12: for-loop
   .../private/runtime.rkt:82:34: fail-handler52
   .../defender/defender.rkt:68:0: defend-top
   .../typed-racket/tc-setup.rkt:42:0: maybe-defend
   .../typed-racket/core.rkt:40:10
   winder-dummy
   .../typed-racket/typed-racket.rkt:23:4
   call-in-empty-metacontinuation-frame
   apply-transformer
   dispatch-transformer
   expand-module
   expand-capturing-lifts
"new-metrics.rkt":
  making #<path:/Users/ben/code/racket/fork/extra-pkgs/typed-racket/typed-racket-test/t-succeed/new-metrics.rkt>
stx->arrow-type: failed to parse arrow from type of syntax object
  e: '(lambda (f a . bss) (if (#%app ormap null? bss) a (#%app apply fold-left f (#%app apply f a (#%app map car bss)) (#%app map cdr bss))))
  stx: #<syntax:/Users/ben/code/racket/fork/extra-pkgs/typed-racket/typed-racket-test/t-succeed/no-bound-fl.rkt:4:0 (lambda (f a . bss) (if (#%app ormap null? bss) a (#%app apply fold-left f (#%app apply f a (#%app map car bss)) (#%app map cdr bss))))>
  type: (All (a b ...) (-> (-> a b ... b a) a (Listof b) ... b a))
  compilation context...:
   /Users/ben/code/racket/fork/extra-pkgs/typed-racket/typed-racket-test/t-succeed/no-bound-fl.rkt
  context...:
   raise-arguments-error
   .../private/parse.rkt:559:26
   .../defender/defender.rkt:177:12: for-loop
   .../private/runtime.rkt:82:34: fail-handler52
   .../defender/defender.rkt:177:12: for-loop
   .../private/runtime.rkt:82:34: fail-handler52
   .../defender/defender.rkt:68:0: defend-top
   .../typed-racket/tc-setup.rkt:42:0: maybe-defend
   .../typed-racket/core.rkt:40:10
   winder-dummy
   .../typed-racket/typed-racket.rkt:23:4
   call-in-empty-metacontinuation-frame
   apply-transformer
   dispatch-transformer
   expand-module
   expand-capturing-lifts
"no-bound-fl.rkt":
  making #<path:/Users/ben/code/racket/fork/extra-pkgs/typed-racket/typed-racket-test/t-succeed/no-bound-fl.rkt>
"non-recursive-and-recursive-type-aliases.rkt":
  making #<path:/Users/ben/code/racket/fork/extra-pkgs/typed-racket/typed-racket-test/t-succeed/non-recursive-and-recursive-type-aliases.rkt>
 [output to "compiled/ta6osx/non-recursive-and-recursive-type-aliases_rkt.zo"]
raco test: "non-recursive-and-recursive-type-aliases.rkt"
raco test: @(test-responsible '(samth stamourv endobson asumu "andmkent@iu.edu" ben))
"nonnegative-float.rkt":
  making #<path:/Users/ben/code/racket/fork/extra-pkgs/typed-racket/typed-racket-test/t-succeed/nonnegative-float.rkt>
 [output to "compiled/ta6osx/nonnegative-float_rkt.zo"]
raco test: "nonnegative-float.rkt"
raco test: @(test-responsible '(samth stamourv endobson asumu "andmkent@iu.edu" ben))
3.1
3.1
3.7199999999999998
1.8708286933869707
"null-program.rkt":
  making #<path:/Users/ben/code/racket/fork/extra-pkgs/typed-racket/typed-racket-test/t-succeed/null-program.rkt>
 [output to "compiled/ta6osx/null-program_rkt.zo"]
raco test: "null-program.rkt"
raco test: @(test-responsible '(samth stamourv endobson asumu "andmkent@iu.edu" ben))
"num-equal-filter.rkt":
  making #<path:/Users/ben/code/racket/fork/extra-pkgs/typed-racket/typed-racket-test/t-succeed/num-equal-filter.rkt>
 [output to "compiled/ta6osx/num-equal-filter_rkt.zo"]
raco test: "num-equal-filter.rkt"
raco test: @(test-responsible '(samth stamourv endobson asumu "andmkent@iu.edu" ben))
"opaque-non-opaque-contracts-together.rkt":
  making #<path:/Users/ben/code/racket/fork/extra-pkgs/typed-racket/typed-racket-test/t-succeed/opaque-non-opaque-contracts-together.rkt>
 [output to "compiled/ta6osx/opaque-non-opaque-contracts-together_rkt.zo"]
raco test: "opaque-non-opaque-contracts-together.rkt"
raco test: @(test-responsible '(samth stamourv endobson asumu "andmkent@iu.edu" ben))
(object:automaton% ...)
"opaque-object-contract.rkt":
  making #<path:/Users/ben/code/racket/fork/extra-pkgs/typed-racket/typed-racket-test/t-succeed/opaque-object-contract.rkt>
 [output to "compiled/ta6osx/opaque-object-contract_rkt.zo"]
raco test: "opaque-object-contract.rkt"
raco test: @(test-responsible '(samth stamourv endobson asumu "andmkent@iu.edu" ben))
"opaque-object-name.rkt":
  making #<path:/Users/ben/code/racket/fork/extra-pkgs/typed-racket/typed-racket-test/t-succeed/opaque-object-name.rkt>
 [output to "compiled/ta6osx/opaque-object-name_rkt.zo"]
raco test: "opaque-object-name.rkt"
raco test: @(test-responsible '(samth stamourv endobson asumu "andmkent@iu.edu" ben))
13 tests passed
"opt-arg-test.rkt":
  making #<path:/Users/ben/code/racket/fork/extra-pkgs/typed-racket/typed-racket-test/t-succeed/opt-arg-test.rkt>
 [output to "compiled/ta6osx/opt-arg-test_rkt.zo"]
raco test: "opt-arg-test.rkt"
raco test: @(test-responsible '(samth stamourv endobson asumu "andmkent@iu.edu" ben))
1
1
"opt-lambda.rkt":
  making #<path:/Users/ben/code/racket/fork/extra-pkgs/typed-racket/typed-racket-test/t-succeed/opt-lambda.rkt>
 [output to "compiled/ta6osx/opt-lambda_rkt.zo"]
raco test: "opt-lambda.rkt"
raco test: @(test-responsible '(samth stamourv endobson asumu "andmkent@iu.edu" ben))
01"optimize-simple.rkt":
  making #<path:/Users/ben/code/racket/fork/extra-pkgs/typed-racket/typed-racket-test/t-succeed/optimize-simple.rkt>
 [output to "compiled/ta6osx/optimize-simple_rkt.zo"]
raco test: "optimize-simple.rkt"
raco test: @(test-responsible '(samth stamourv endobson asumu "andmkent@iu.edu" ben))
7
"or-sym.rkt":
  making #<path:/Users/ben/code/racket/fork/extra-pkgs/typed-racket/typed-racket-test/t-succeed/or-sym.rkt>
 [output to "compiled/ta6osx/or-sym_rkt.zo"]
raco test: "or-sym.rkt"
raco test: @(test-responsible '(samth stamourv endobson asumu "andmkent@iu.edu" ben))
"overloading.rkt":
  making #<path:/Users/ben/code/racket/fork/extra-pkgs/typed-racket/typed-racket-test/t-succeed/overloading.rkt>
 [output to "compiled/ta6osx/overloading_rkt.zo"]
raco test: "overloading.rkt"
raco test: @(test-responsible '(samth stamourv endobson asumu "andmkent@iu.edu" ben))
"pair-test.rkt":
  making #<path:/Users/ben/code/racket/fork/extra-pkgs/typed-racket/typed-racket-test/t-succeed/pair-test.rkt>
 [output to "compiled/ta6osx/pair-test_rkt.zo"]
raco test: "pair-test.rkt"
raco test: @(test-responsible '(samth stamourv endobson asumu "andmkent@iu.edu" ben))
"pair-test2.rkt":
  making #<path:/Users/ben/code/racket/fork/extra-pkgs/typed-racket/typed-racket-test/t-succeed/pair-test2.rkt>
 [output to "compiled/ta6osx/pair-test2_rkt.zo"]
raco test: "pair-test2.rkt"
raco test: @(test-responsible '(samth stamourv endobson asumu "andmkent@iu.edu" ben))
1
'(1 1)
'(2 2 2)
'((3 3 3) (4 4 4) (5 5 5))
2
'(2 2)
1
'(1)
'(3 3 3)
'((4 4 4) (5 5 5))
1
'()
2
'(2)
3
'(3 3)
'(4 4 4)
'((5 5 5))
11
'(11)
11
'()
12
'(12)
21
'(21)
111
'(111)
"pair-test3.rkt":
  making #<path:/Users/ben/code/racket/fork/extra-pkgs/typed-racket/typed-racket-test/t-succeed/pair-test3.rkt>
 [output to "compiled/ta6osx/pair-test3_rkt.zo"]
raco test: "pair-test3.rkt"
raco test: @(test-responsible '(samth stamourv endobson asumu "andmkent@iu.edu" ben))
'((1 . "1") #t)
'(1 . "1")
1
"1"
'(#t)
#t
'()
'((#f . #\f) "2")
'(#f . #\f)
#f
#\f
'("2")
"2"
'()
'(("3" . 4) 1.0)
'("3" . 4)
"3"
4
'(1.0)
1.0
'()
'((#(2.0 3.0 -4.0) . #t) (2.0 3.0 4.0) . #f)
'(#(2.0 3.0 -4.0) . #t)
'#(2.0 3.0 -4.0)
#t
'((2.0 3.0 4.0) . #f)
'(2.0 3.0 4.0)
#f
"param.rkt":
  making #<path:/Users/ben/code/racket/fork/extra-pkgs/typed-racket/typed-racket-test/t-succeed/param.rkt>
 [output to "compiled/ta6osx/param_rkt.zo"]
raco test: "param.rkt"
raco test: @(test-responsible '(samth stamourv endobson asumu "andmkent@iu.edu" ben))
#<path:/Users/ben/code/racket/fork/extra-pkgs/typed-racket/typed-racket-test/>
#t
"parameter-c.rkt":
  making #<path:/Users/ben/code/racket/fork/extra-pkgs/typed-racket/typed-racket-test/t-succeed/parameter-c.rkt>
 [output to "compiled/ta6osx/parameter-c_rkt.zo"]
raco test: "parameter-c.rkt"
raco test: @(test-responsible '(samth stamourv endobson asumu "andmkent@iu.edu" ben))
"parameter-proc.rkt":
  making #<path:/Users/ben/code/racket/fork/extra-pkgs/typed-racket/typed-racket-test/t-succeed/parameter-proc.rkt>
 [output to "compiled/ta6osx/parameter-proc_rkt.zo"]
raco test: "parameter-proc.rkt"
raco test: @(test-responsible '(samth stamourv endobson asumu "andmkent@iu.edu" ben))
"parametric-require-tr-base.rkt":
  making #<path:/Users/ben/code/racket/fork/extra-pkgs/typed-racket/typed-racket-test/t-succeed/parametric-require-tr-base.rkt>
 [output to "compiled/ta6osx/parametric-require-tr-base_rkt.zo"]
raco test: "parametric-require-tr-base.rkt"
raco test: @(test-responsible '(samth stamourv endobson asumu "andmkent@iu.edu" ben))
"parse-path.rkt":
  making #<path:/Users/ben/code/racket/fork/extra-pkgs/typed-racket/typed-racket-test/t-succeed/parse-path.rkt>
 [output to "compiled/ta6osx/parse-path_rkt.zo"]
raco test: "parse-path.rkt"
raco test: @(test-responsible '(samth stamourv endobson asumu "andmkent@iu.edu" ben))
"paths.rkt":
  making #<path:/Users/ben/code/racket/fork/extra-pkgs/typed-racket/typed-racket-test/t-succeed/paths.rkt>
 [output to "compiled/ta6osx/paths_rkt.zo"]
raco test: "paths.rkt"
raco test: @(test-responsible '(samth stamourv endobson asumu "andmkent@iu.edu" ben))
5
"foo/bar/./.."
"foo\\bar\\.\\.."
#"foo/bar/./.."
#"foo\\bar\\.\\.."
#<windows-path:foo>
#<path:foo>
#<windows-path:foo>
#<path:foo>
#<path:foo/bar/./..>
#<windows-path:foo\bar\.\..>
#<path:foo/bar/./..>
#f
#t
#f
#<path:foo/bar/./>
'up
#t
#<windows-path:foo\bar\.\>
'up
#t
"pathstrings.rkt":
  making #<path:/Users/ben/code/racket/fork/extra-pkgs/typed-racket/typed-racket-test/t-succeed/pathstrings.rkt>
 [output to "compiled/ta6osx/pathstrings_rkt.zo"]
raco test: "pathstrings.rkt"
raco test: @(test-responsible '(samth stamourv endobson asumu "andmkent@iu.edu" ben))
"pict.rkt":
  making #<path:/Users/ben/code/racket/fork/extra-pkgs/typed-racket/typed-racket-test/t-succeed/pict.rkt>
  making #<path:/Users/ben/code/racket/fork/extra-pkgs/typed-racket/typed-racket-more/typed/pict.rkt>
 [output to "compiled/ta6osx/pict_rkt.zo"]
raco test: "pict.rkt"
raco test: @(test-responsible '(samth stamourv endobson asumu "andmkent@iu.edu" ben))
transient-assert: got 0 in '(#%app pict-chil... : ((Listof child))
  context...:
   do-error
   call-with-values
   call-in-empty-metacontinuation-frame
   body of "/Users/ben/code/racket/fork/extra-pkgs/typed-racket/typed-racket-test/t-succeed/pict.rkt"
   for-loop
   run-module-instance!
   .../commands/test.rkt:179:16
   call-in-empty-metacontinuation-frame
   call-with-empty-metacontinuation-frame-for-swap
pict.rkt: raco test: test raised an exception
"places.rkt":
  making #<path:/Users/ben/code/racket/fork/extra-pkgs/typed-racket/typed-racket-test/t-succeed/places.rkt>
 [output to "compiled/ta6osx/places_rkt.zo"]
raco test: "places.rkt"
raco test: @(test-responsible '(samth stamourv endobson asumu "andmkent@iu.edu" ben))
20
0
-4+8i
0
'echo-this
0
stx->arrow-type: failed to parse arrow from type of syntax object
  e: '(lambda (f . x) (#%app apply f x))
  stx: #<syntax:/Users/ben/code/racket/fork/extra-pkgs/typed-racket/typed-racket-test/t-succeed/poly-apply.rkt:4:0 (lambda (f . x) (#%app apply f x))>
  type: (All (a ...) (-> (-> Any ... a Any) a ... a Any))
  compilation context...:
   /Users/ben/code/racket/fork/extra-pkgs/typed-racket/typed-racket-test/t-succeed/poly-apply.rkt
  context...:
   raise-arguments-error
   .../private/parse.rkt:559:26
   .../defender/defender.rkt:177:12: for-loop
   .../private/runtime.rkt:82:34: fail-handler52
   .../defender/defender.rkt:177:12: for-loop
   .../private/runtime.rkt:82:34: fail-handler52
   .../defender/defender.rkt:68:0: defend-top
   .../typed-racket/tc-setup.rkt:42:0: maybe-defend
   .../typed-racket/core.rkt:40:10
   winder-dummy
   .../typed-racket/typed-racket.rkt:23:4
   call-in-empty-metacontinuation-frame
   apply-transformer
   dispatch-transformer
   expand-module
   expand-capturing-lifts
"poly-apply.rkt":
  making #<path:/Users/ben/code/racket/fork/extra-pkgs/typed-racket/typed-racket-test/t-succeed/poly-apply.rkt>
stx->arrow-type: failed to parse arrow from type of syntax object
  e: '(lambda (fs) (#%expression (lambda bs (#%app apply values (#%app map (lambda (f) (#%app apply f bs)) fs)))))
  stx: #<syntax:/Users/ben/code/racket/fork/extra-pkgs/typed-racket/typed-racket-test/t-succeed/poly-dots.rkt:4:0 (lambda (fs) (#%expression (lambda bs (#%app apply values (#%app map (lambda (f) (#%app apply f bs)) fs)))))>
  type: (All (b ...) (-> (List (-> b ... b b) ... b) (-> b ... b (values b ... b))))
  compilation context...:
   /Users/ben/code/racket/fork/extra-pkgs/typed-racket/typed-racket-test/t-succeed/poly-dots.rkt
  context...:
   raise-arguments-error
   .../private/parse.rkt:559:26
   .../defender/defender.rkt:177:12: for-loop
   .../private/runtime.rkt:82:34: fail-handler52
   .../defender/defender.rkt:177:12: for-loop
   .../private/runtime.rkt:82:34: fail-handler52
   winder-dummy
   .../defender/defender.rkt:68:0: defend-top
   .../typed-racket/tc-setup.rkt:42:0: maybe-defend
   .../typed-racket/core.rkt:40:10
   winder-dummy
   .../typed-racket/typed-racket.rkt:23:4
   call-in-empty-metacontinuation-frame
   apply-transformer
   dispatch-transformer
   expand-module
"poly-dots.rkt":
  making #<path:/Users/ben/code/racket/fork/extra-pkgs/typed-racket/typed-racket-test/t-succeed/poly-dots.rkt>
"poly-ret-ann.rkt":
  making #<path:/Users/ben/code/racket/fork/extra-pkgs/typed-racket/typed-racket-test/t-succeed/poly-ret-ann.rkt>
 [output to "compiled/ta6osx/poly-ret-ann_rkt.zo"]
raco test: "poly-ret-ann.rkt"
raco test: @(test-responsible '(samth stamourv endobson asumu "andmkent@iu.edu" ben))
"poly-same-annotation.rkt":
  making #<path:/Users/ben/code/racket/fork/extra-pkgs/typed-racket/typed-racket-test/t-succeed/poly-same-annotation.rkt>
 [output to "compiled/ta6osx/poly-same-annotation_rkt.zo"]
raco test: "poly-same-annotation.rkt"
raco test: @(test-responsible '(samth stamourv endobson asumu "andmkent@iu.edu" ben))
"poly-simple-contract.rkt":
  making #<path:/Users/ben/code/racket/fork/extra-pkgs/typed-racket/typed-racket-test/t-succeed/poly-simple-contract.rkt>
 [output to "compiled/ta6osx/poly-simple-contract_rkt.zo"]
raco test: "poly-simple-contract.rkt"
raco test: @(test-responsible '(samth stamourv endobson asumu "andmkent@iu.edu" ben))
"poly-struct-parent.rkt":
  making #<path:/Users/ben/code/racket/fork/extra-pkgs/typed-racket/typed-racket-test/t-succeed/poly-struct-parent.rkt>
 [output to "compiled/ta6osx/poly-struct-parent_rkt.zo"]
raco test: "poly-struct-parent.rkt"
raco test: @(test-responsible '(samth stamourv endobson asumu "andmkent@iu.edu" ben))
#<Mutable-Box2>
#<Mutable-Box2>
#<Mutable-Box2>
"poly-struct-pred.rkt":
  making #<path:/Users/ben/code/racket/fork/extra-pkgs/typed-racket/typed-racket-test/t-succeed/poly-struct-pred.rkt>
 [output to "compiled/ta6osx/poly-struct-pred_rkt.zo"]
raco test: "poly-struct-pred.rkt"
raco test: @(test-responsible '(samth stamourv endobson asumu "andmkent@iu.edu" ben))
"poly-struct-union.rkt":
  making #<path:/Users/ben/code/racket/fork/extra-pkgs/typed-racket/typed-racket-test/t-succeed/poly-struct-union.rkt>
 [output to "compiled/ta6osx/poly-struct-union_rkt.zo"]
raco test: "poly-struct-union.rkt"
raco test: @(test-responsible '(samth stamourv endobson asumu "andmkent@iu.edu" ben))
(a:join (a:singleton 1) (a:singleton 2))
"poly-struct.rkt":
  making #<path:/Users/ben/code/racket/fork/extra-pkgs/typed-racket/typed-racket-test/t-succeed/poly-struct.rkt>
 [output to "compiled/ta6osx/poly-struct_rkt.zo"]
raco test: "poly-struct.rkt"
raco test: @(test-responsible '(samth stamourv endobson asumu "andmkent@iu.edu" ben))
#f
"poly-subtype.rkt":
  making #<path:/Users/ben/code/racket/fork/extra-pkgs/typed-racket/typed-racket-test/t-succeed/poly-subtype.rkt>
 [output to "compiled/ta6osx/poly-subtype_rkt.zo"]
raco test: "poly-subtype.rkt"
raco test: @(test-responsible '(samth stamourv endobson asumu "andmkent@iu.edu" ben))
"poly-tests.rkt":
  making #<path:/Users/ben/code/racket/fork/extra-pkgs/typed-racket/typed-racket-test/t-succeed/poly-tests.rkt>
 [output to "compiled/ta6osx/poly-tests_rkt.zo"]
raco test: "poly-tests.rkt"
raco test: @(test-responsible '(samth stamourv endobson asumu "andmkent@iu.edu" ben))
"ports.rkt":
  making #<path:/Users/ben/code/racket/fork/extra-pkgs/typed-racket/typed-racket-test/t-succeed/ports.rkt>
 [output to "compiled/ta6osx/ports_rkt.zo"]
raco test: "ports.rkt"
raco test: @(test-responsible '(samth stamourv endobson asumu "andmkent@iu.edu" ben))
""
#t
#f
#f
#f
#f
#f
4
1
4
5
'This
#""
"pr10057.rkt":
  making #<path:/Users/ben/code/racket/fork/extra-pkgs/typed-racket/typed-racket-test/t-succeed/pr10057.rkt>
 [output to "compiled/ta6osx/pr10057_rkt.zo"]
raco test: "pr10057.rkt"
raco test: @(test-responsible '(samth stamourv endobson asumu "andmkent@iu.edu" ben))
1
"pr10318.rkt":
  making #<path:/Users/ben/code/racket/fork/extra-pkgs/typed-racket/typed-racket-test/t-succeed/pr10318.rkt>
 [output to "compiled/ta6osx/pr10318_rkt.zo"]
raco test: "pr10318.rkt"
raco test: @(test-responsible '(samth stamourv endobson asumu "andmkent@iu.edu" ben))
"pr10319.rkt":
  making #<path:/Users/ben/code/racket/fork/extra-pkgs/typed-racket/typed-racket-test/t-succeed/pr10319.rkt>
 [output to "compiled/ta6osx/pr10319_rkt.zo"]
raco test: "pr10319.rkt"
raco test: @(test-responsible '(samth stamourv endobson asumu "andmkent@iu.edu" ben))
5
"pr10342.rkt":
  making #<path:/Users/ben/code/racket/fork/extra-pkgs/typed-racket/typed-racket-test/t-succeed/pr10342.rkt>
 [output to "compiled/ta6osx/pr10342_rkt.zo"]
raco test: "pr10342.rkt"
raco test: @(test-responsible '(samth stamourv endobson asumu "andmkent@iu.edu" ben))
"pr10470.rkt":
  making #<path:/Users/ben/code/racket/fork/extra-pkgs/typed-racket/typed-racket-test/t-succeed/pr10470.rkt>
 [output to "compiled/ta6osx/pr10470_rkt.zo"]
raco test: "pr10470.rkt"
raco test: @(test-responsible '(samth stamourv endobson asumu "andmkent@iu.edu" ben))
"pr10552.rkt":
  making #<path:/Users/ben/code/racket/fork/extra-pkgs/typed-racket/typed-racket-test/t-succeed/pr10552.rkt>
 [output to "compiled/ta6osx/pr10552_rkt.zo"]
raco test: "pr10552.rkt"
raco test: @(test-responsible '(samth stamourv endobson asumu "andmkent@iu.edu" ben))
"pr10562.rkt":
  making #<path:/Users/ben/code/racket/fork/extra-pkgs/typed-racket/typed-racket-test/t-succeed/pr10562.rkt>
 [output to "compiled/ta6osx/pr10562_rkt.zo"]
raco test: "pr10562.rkt"
raco test: @(test-responsible '(samth stamourv endobson asumu "andmkent@iu.edu" ben))
"pr10718+10755.rkt":
  making #<path:/Users/ben/code/racket/fork/extra-pkgs/typed-racket/typed-racket-test/t-succeed/pr10718+10755.rkt>
 [output to "compiled/ta6osx/pr10718+10755_rkt.zo"]
raco test: "pr10718+10755.rkt"
raco test: @(test-responsible '(samth stamourv endobson asumu "andmkent@iu.edu" ben))
"pr10729.rkt":
  making #<path:/Users/ben/code/racket/fork/extra-pkgs/typed-racket/typed-racket-test/t-succeed/pr10729.rkt>
 [output to "compiled/ta6osx/pr10729_rkt.zo"]
raco test: "pr10729.rkt"
raco test: @(test-responsible '(samth stamourv endobson asumu "andmkent@iu.edu" ben))
"pr10765.rkt":
  making #<path:/Users/ben/code/racket/fork/extra-pkgs/typed-racket/typed-racket-test/t-succeed/pr10765.rkt>
 [output to "compiled/ta6osx/pr10765_rkt.zo"]
raco test: "pr10765.rkt"
raco test: @(test-responsible '(samth stamourv endobson asumu "andmkent@iu.edu" ben))
#<Point>
"pr10937.rkt":
  making #<path:/Users/ben/code/racket/fork/extra-pkgs/typed-racket/typed-racket-test/t-succeed/pr10937.rkt>
 [output to "compiled/ta6osx/pr10937_rkt.zo"]
raco test: "pr10937.rkt"
raco test: @(test-responsible '(samth stamourv endobson asumu "andmkent@iu.edu" ben))
"pr10939.rkt":
  making #<path:/Users/ben/code/racket/fork/extra-pkgs/typed-racket/typed-racket-test/t-succeed/pr10939.rkt>
 [output to "compiled/ta6osx/pr10939_rkt.zo"]
raco test: "pr10939.rkt"
raco test: @(test-responsible '(samth stamourv endobson asumu "andmkent@iu.edu" ben))
"pr11099.rkt":
  making #<path:/Users/ben/code/racket/fork/extra-pkgs/typed-racket/typed-racket-test/t-succeed/pr11099.rkt>
 [output to "compiled/ta6osx/pr11099_rkt.zo"]
raco test: "pr11099.rkt"
raco test: @(test-responsible '(samth stamourv endobson asumu "andmkent@iu.edu" ben))
'#(1)
"pr11171.rkt":
  making #<path:/Users/ben/code/racket/fork/extra-pkgs/typed-racket/typed-racket-test/t-succeed/pr11171.rkt>
 [output to "compiled/ta6osx/pr11171_rkt.zo"]
raco test: "pr11171.rkt"
raco test: @(test-responsible '(samth stamourv endobson asumu "andmkent@iu.edu" ben))
"pr11172.rkt":
  making #<path:/Users/ben/code/racket/fork/extra-pkgs/typed-racket/typed-racket-test/t-succeed/pr11172.rkt>
 [output to "compiled/ta6osx/pr11172_rkt.zo"]
raco test: "pr11172.rkt"
raco test: @(test-responsible '(samth stamourv endobson asumu "andmkent@iu.edu" ben))
"pr11193.rkt":
  making #<path:/Users/ben/code/racket/fork/extra-pkgs/typed-racket/typed-racket-test/t-succeed/pr11193.rkt>
 [output to "compiled/ta6osx/pr11193_rkt.zo"]
raco test: "pr11193.rkt"
raco test: @(test-responsible '(samth stamourv endobson asumu "andmkent@iu.edu" ben))
6
"pr11194.rkt":
  making #<path:/Users/ben/code/racket/fork/extra-pkgs/typed-racket/typed-racket-test/t-succeed/pr11194.rkt>
 [output to "compiled/ta6osx/pr11194_rkt.zo"]
raco test: "pr11194.rkt"
raco test: @(test-responsible '(samth stamourv endobson asumu "andmkent@iu.edu" ben))
"pr11314.rkt":
  making #<path:/Users/ben/code/racket/fork/extra-pkgs/typed-racket/typed-racket-test/t-succeed/pr11314.rkt>
 [output to "compiled/ta6osx/pr11314_rkt.zo"]
raco test: "pr11314.rkt"
raco test: @(test-responsible '(samth stamourv endobson asumu "andmkent@iu.edu" ben))
#<point>
#<point>
#<pt>
"pr11390.rkt":
  making #<path:/Users/ben/code/racket/fork/extra-pkgs/typed-racket/typed-racket-test/t-succeed/pr11390.rkt>
 [output to "compiled/ta6osx/pr11390_rkt.zo"]
raco test: "pr11390.rkt"
raco test: @(test-responsible '(samth stamourv endobson asumu "andmkent@iu.edu" ben))
"pr11392.rkt":
  making #<path:/Users/ben/code/racket/fork/extra-pkgs/typed-racket/typed-racket-test/t-succeed/pr11392.rkt>
 [output to "compiled/ta6osx/pr11392_rkt.zo"]
raco test: "pr11392.rkt"
raco test: @(test-responsible '(samth stamourv endobson asumu "andmkent@iu.edu" ben))
"pr11425.rkt":
  making #<path:/Users/ben/code/racket/fork/extra-pkgs/typed-racket/typed-racket-test/t-succeed/pr11425.rkt>
 [output to "compiled/ta6osx/pr11425_rkt.zo"]
raco test: "pr11425.rkt"
raco test: @(test-responsible '(samth stamourv endobson asumu "andmkent@iu.edu" ben))
"pr11504.rkt":
  making #<path:/Users/ben/code/racket/fork/extra-pkgs/typed-racket/typed-racket-test/t-succeed/pr11504.rkt>
 [output to "compiled/ta6osx/pr11504_rkt.zo"]
raco test: "pr11504.rkt"
raco test: @(test-responsible '(samth stamourv endobson asumu "andmkent@iu.edu" ben))
"pr11509.rkt":
  making #<path:/Users/ben/code/racket/fork/extra-pkgs/typed-racket/typed-racket-test/t-succeed/pr11509.rkt>
 [output to "compiled/ta6osx/pr11509_rkt.zo"]
raco test: "pr11509.rkt"
raco test: @(test-responsible '(samth stamourv endobson asumu "andmkent@iu.edu" ben))
'(100 200 red)
'(100 200 red)
"pr11532.rkt":
  making #<path:/Users/ben/code/racket/fork/extra-pkgs/typed-racket/typed-racket-test/t-succeed/pr11532.rkt>
 [output to "compiled/ta6osx/pr11532_rkt.zo"]
raco test: "pr11532.rkt"
raco test: @(test-responsible '(samth stamourv endobson asumu "andmkent@iu.edu" ben))
stx->arrow-type: failed to parse arrow from type of syntax object
  e: '(lambda xs xs)
  stx: #<syntax:/Users/ben/code/racket/fork/extra-pkgs/typed-racket/typed-racket-test/t-succeed/pr11545+11776.rkt:4:0 (lambda xs xs)>
  type: (All (X ...) (-> X ... X (Listof Any)))
  compilation context...:
   /Users/ben/code/racket/fork/extra-pkgs/typed-racket/typed-racket-test/t-succeed/pr11545+11776.rkt
  context...:
   raise-arguments-error
   .../private/parse.rkt:559:26
   .../defender/defender.rkt:177:12: for-loop
   .../private/runtime.rkt:82:34: fail-handler52
   .../defender/defender.rkt:177:12: for-loop
   .../private/runtime.rkt:82:34: fail-handler52
   winder-dummy
   .../defender/defender.rkt:68:0: defend-top
   .../typed-racket/tc-setup.rkt:42:0: maybe-defend
   .../typed-racket/core.rkt:40:10
   winder-dummy
   .../typed-racket/typed-racket.rkt:23:4
   call-in-empty-metacontinuation-frame
   apply-transformer
   dispatch-transformer
   expand-module
"pr11545+11776.rkt":
  making #<path:/Users/ben/code/racket/fork/extra-pkgs/typed-racket/typed-racket-test/t-succeed/pr11545+11776.rkt>
"pr11560.rkt":
  making #<path:/Users/ben/code/racket/fork/extra-pkgs/typed-racket/typed-racket-test/t-succeed/pr11560.rkt>
 [output to "compiled/ta6osx/pr11560_rkt.zo"]
raco test: "pr11560.rkt"
raco test: @(test-responsible '(samth stamourv endobson asumu "andmkent@iu.edu" ben))
5
"pr11578.rkt":
  making #<path:/Users/ben/code/racket/fork/extra-pkgs/typed-racket/typed-racket-test/t-succeed/pr11578.rkt>
 [output to "compiled/ta6osx/pr11578_rkt.zo"]
raco test: "pr11578.rkt"
raco test: @(test-responsible '(samth stamourv endobson asumu "andmkent@iu.edu" ben))
#<foo>
"pr11617.rkt":
  making #<path:/Users/ben/code/racket/fork/extra-pkgs/typed-racket/typed-racket-test/t-succeed/pr11617.rkt>
 [output to "compiled/ta6osx/pr11617_rkt.zo"]
raco test: "pr11617.rkt"
raco test: @(test-responsible '(samth stamourv endobson asumu "andmkent@iu.edu" ben))
2
2
"pr11669.rkt":
  making #<path:/Users/ben/code/racket/fork/extra-pkgs/typed-racket/typed-racket-test/t-succeed/pr11669.rkt>
 [output to "compiled/ta6osx/pr11669_rkt.zo"]
raco test: "pr11669.rkt"
raco test: @(test-responsible '(samth stamourv endobson asumu "andmkent@iu.edu" ben))
- : (-> Quux Qux)
- : (-> Integer Foo)
- : (-> Foo Bar)
"pr11686.rkt":
  making #<path:/Users/ben/code/racket/fork/extra-pkgs/typed-racket/typed-racket-test/t-succeed/pr11686.rkt>
 [output to "compiled/ta6osx/pr11686_rkt.zo"]
raco test: "pr11686.rkt"
raco test: @(test-responsible '(samth stamourv endobson asumu "andmkent@iu.edu" ben))
"pr11709.rkt":
  making #<path:/Users/ben/code/racket/fork/extra-pkgs/typed-racket/typed-racket-test/t-succeed/pr11709.rkt>
 [output to "compiled/ta6osx/pr11709_rkt.zo"]
raco test: "pr11709.rkt"
raco test: @(test-responsible '(samth stamourv endobson asumu "andmkent@iu.edu" ben))
#<procedure:...succeed/pr11709.rkt:12:11>
#<procedure:...succeed/pr11709.rkt:13:11>
#<procedure:...succeed/pr11709.rkt:13:11>
"pr11728.rkt":
  making #<path:/Users/ben/code/racket/fork/extra-pkgs/typed-racket/typed-racket-test/t-succeed/pr11728.rkt>
 [output to "compiled/ta6osx/pr11728_rkt.zo"]
raco test: "pr11728.rkt"
raco test: @(test-responsible '(samth stamourv endobson asumu "andmkent@iu.edu" ben))
"pr11747.rkt":
  making #<path:/Users/ben/code/racket/fork/extra-pkgs/typed-racket/typed-racket-test/t-succeed/pr11747.rkt>
 [output to "compiled/ta6osx/pr11747_rkt.zo"]
raco test: "pr11747.rkt"
raco test: @(test-responsible '(samth stamourv endobson asumu "andmkent@iu.edu" ben))
"pr11756.rkt":
  making #<path:/Users/ben/code/racket/fork/extra-pkgs/typed-racket/typed-racket-test/t-succeed/pr11756.rkt>
 [output to "compiled/ta6osx/pr11756_rkt.zo"]
raco test: "pr11756.rkt"
raco test: @(test-responsible '(samth stamourv endobson asumu "andmkent@iu.edu" ben))
"pr11859.rkt":
  making #<path:/Users/ben/code/racket/fork/extra-pkgs/typed-racket/typed-racket-test/t-succeed/pr11859.rkt>
 [output to "compiled/ta6osx/pr11859_rkt.zo"]
raco test: "pr11859.rkt"
raco test: @(test-responsible '(samth stamourv endobson asumu "andmkent@iu.edu" ben))
"pr11866.rkt":
  making #<path:/Users/ben/code/racket/fork/extra-pkgs/typed-racket/typed-racket-test/t-succeed/pr11866.rkt>
 [output to "compiled/ta6osx/pr11866_rkt.zo"]
raco test: "pr11866.rkt"
raco test: @(test-responsible '(samth stamourv endobson asumu "andmkent@iu.edu" ben))
(S 5)
"pr11887.rkt":
  making #<path:/Users/ben/code/racket/fork/extra-pkgs/typed-racket/typed-racket-test/t-succeed/pr11887.rkt>
 [output to "compiled/ta6osx/pr11887_rkt.zo"]
raco test: "pr11887.rkt"
raco test: @(test-responsible '(samth stamourv endobson asumu "andmkent@iu.edu" ben))
"pr11897.rkt":
  making #<path:/Users/ben/code/racket/fork/extra-pkgs/typed-racket/typed-racket-test/t-succeed/pr11897.rkt>
 [output to "compiled/ta6osx/pr11897_rkt.zo"]
raco test: "pr11897.rkt"
raco test: @(test-responsible '(samth stamourv endobson asumu "andmkent@iu.edu" ben))
"pr11901.rkt":
  making #<path:/Users/ben/code/racket/fork/extra-pkgs/typed-racket/typed-racket-test/t-succeed/pr11901.rkt>
 [output to "compiled/ta6osx/pr11901_rkt.zo"]
raco test: "pr11901.rkt"
raco test: @(test-responsible '(samth stamourv endobson asumu "andmkent@iu.edu" ben))
"pr11912.rkt":
  making #<path:/Users/ben/code/racket/fork/extra-pkgs/typed-racket/typed-racket-test/t-succeed/pr11912.rkt>
 [output to "compiled/ta6osx/pr11912_rkt.zo"]
raco test: "pr11912.rkt"
raco test: @(test-responsible '(samth stamourv endobson asumu "andmkent@iu.edu" ben))
6 tests passed
"pr11971.rkt":
  making #<path:/Users/ben/code/racket/fork/extra-pkgs/typed-racket/typed-racket-test/t-succeed/pr11971.rkt>
 [output to "compiled/ta6osx/pr11971_rkt.zo"]
raco test: "pr11971.rkt"
raco test: @(test-responsible '(samth stamourv endobson asumu "andmkent@iu.edu" ben))
#t
"pr12224.rkt":
  making #<path:/Users/ben/code/racket/fork/extra-pkgs/typed-racket/typed-racket-test/t-succeed/pr12224.rkt>
 [output to "compiled/ta6osx/pr12224_rkt.zo"]
raco test: "pr12224.rkt"
raco test: @(test-responsible '(samth stamourv endobson asumu "andmkent@iu.edu" ben))
"pr12644.rkt":
  making #<path:/Users/ben/code/racket/fork/extra-pkgs/typed-racket/typed-racket-test/t-succeed/pr12644.rkt>
 [output to "compiled/ta6osx/pr12644_rkt.zo"]
raco test: "pr12644.rkt"
raco test: @(test-responsible '(samth stamourv endobson asumu "andmkent@iu.edu" ben))
'(6 7 8 9)
"pr12678.rkt":
  making #<path:/Users/ben/code/racket/fork/extra-pkgs/typed-racket/typed-racket-test/t-succeed/pr12678.rkt>
 [output to "compiled/ta6osx/pr12678_rkt.zo"]
raco test: "pr12678.rkt"
raco test: @(test-responsible '(samth stamourv endobson asumu "andmkent@iu.edu" ben))
'#hash((0 . "Hello") (1 . "Goodbye"))
'#hash((0 . "Hello") (1 . "Goodbye"))
"pr12806.rkt":
  making #<path:/Users/ben/code/racket/fork/extra-pkgs/typed-racket/typed-racket-test/t-succeed/pr12806.rkt>
 [output to "compiled/ta6osx/pr12806_rkt.zo"]
raco test: "pr12806.rkt"
raco test: @(test-responsible '(samth stamourv endobson asumu "andmkent@iu.edu" ben))
#<foo>
"pr12807.rkt":
  making #<path:/Users/ben/code/racket/fork/extra-pkgs/typed-racket/typed-racket-test/t-succeed/pr12807.rkt>
 [output to "compiled/ta6osx/pr12807_rkt.zo"]
raco test: "pr12807.rkt"
raco test: @(test-responsible '(samth stamourv endobson asumu "andmkent@iu.edu" ben))
'(2)
'(3)
"pr12905.rkt":
  making #<path:/Users/ben/code/racket/fork/extra-pkgs/typed-racket/typed-racket-test/t-succeed/pr12905.rkt>
 [output to "compiled/ta6osx/pr12905_rkt.zo"]
raco test: "pr12905.rkt"
raco test: @(test-responsible '(samth stamourv endobson asumu "andmkent@iu.edu" ben))
4
4
4
4
5
"pr12913.rkt":
  making #<path:/Users/ben/code/racket/fork/extra-pkgs/typed-racket/typed-racket-test/t-succeed/pr12913.rkt>
 [output to "compiled/ta6osx/pr12913_rkt.zo"]
raco test: "pr12913.rkt"
raco test: @(test-responsible '(samth stamourv endobson asumu "andmkent@iu.edu" ben))
"pr12970.rkt":
  making #<path:/Users/ben/code/racket/fork/extra-pkgs/typed-racket/typed-racket-test/t-succeed/pr12970.rkt>
 [output to "compiled/ta6osx/pr12970_rkt.zo"]
raco test: "pr12970.rkt"
raco test: @(test-responsible '(samth stamourv endobson asumu "andmkent@iu.edu" ben))
"pr12974.rkt":
  making #<path:/Users/ben/code/racket/fork/extra-pkgs/typed-racket/typed-racket-test/t-succeed/pr12974.rkt>
 [output to "compiled/ta6osx/pr12974_rkt.zo"]
raco test: "pr12974.rkt"
raco test: @(test-responsible '(samth stamourv endobson asumu "andmkent@iu.edu" ben))
"pr13094.rkt":
  making #<path:/Users/ben/code/racket/fork/extra-pkgs/typed-racket/typed-racket-test/t-succeed/pr13094.rkt>
 [output to "compiled/ta6osx/pr13094_rkt.zo"]
raco test: "pr13094.rkt"
raco test: @(test-responsible '(samth stamourv endobson asumu "andmkent@iu.edu" ben))
"pr13124.rkt":
  making #<path:/Users/ben/code/racket/fork/extra-pkgs/typed-racket/typed-racket-test/t-succeed/pr13124.rkt>
 [output to "compiled/ta6osx/pr13124_rkt.zo"]
raco test: "pr13124.rkt"
raco test: @(test-responsible '(samth stamourv endobson asumu "andmkent@iu.edu" ben))
"pr13155.rkt":
  making #<path:/Users/ben/code/racket/fork/extra-pkgs/typed-racket/typed-racket-test/t-succeed/pr13155.rkt>
 [output to "compiled/ta6osx/pr13155_rkt.zo"]
raco test: "pr13155.rkt"
raco test: @(test-responsible '(samth stamourv endobson asumu "andmkent@iu.edu" ben))
4
"pr13160.rkt":
  making #<path:/Users/ben/code/racket/fork/extra-pkgs/typed-racket/typed-racket-test/t-succeed/pr13160.rkt>
 [output to "compiled/ta6osx/pr13160_rkt.zo"]
raco test: "pr13160.rkt"
raco test: @(test-responsible '(samth stamourv endobson asumu "andmkent@iu.edu" ben))
"pr13161.rkt":
  making #<path:/Users/ben/code/racket/fork/extra-pkgs/typed-racket/typed-racket-test/t-succeed/pr13161.rkt>
 [output to "compiled/ta6osx/pr13161_rkt.zo"]
raco test: "pr13161.rkt"
raco test: @(test-responsible '(samth stamourv endobson asumu "andmkent@iu.edu" ben))
"pr13185.rkt":
  making #<path:/Users/ben/code/racket/fork/extra-pkgs/typed-racket/typed-racket-test/t-succeed/pr13185.rkt>
 [output to "compiled/ta6osx/pr13185_rkt.zo"]
raco test: "pr13185.rkt"
raco test: @(test-responsible '(samth stamourv endobson asumu "andmkent@iu.edu" ben))
'#(0 1 2 3 4 5 6 7 8 9 10 11 12 13 14 15 16 17 18 19)
"pr13326.rkt":
  making #<path:/Users/ben/code/racket/fork/extra-pkgs/typed-racket/typed-racket-test/t-succeed/pr13326.rkt>
 [output to "compiled/ta6osx/pr13326_rkt.zo"]
raco test: "pr13326.rkt"
raco test: @(test-responsible '(samth stamourv endobson asumu "andmkent@iu.edu" ben))
1 test passed
"pr13339.rkt":
  making #<path:/Users/ben/code/racket/fork/extra-pkgs/typed-racket/typed-racket-test/t-succeed/pr13339.rkt>
 [output to "compiled/ta6osx/pr13339_rkt.zo"]
raco test: "pr13339.rkt"
raco test: @(test-responsible '(samth stamourv endobson asumu "andmkent@iu.edu" ben))
15 tests passed
"pr13412.rkt":
  making #<path:/Users/ben/code/racket/fork/extra-pkgs/typed-racket/typed-racket-test/t-succeed/pr13412.rkt>
 [output to "compiled/ta6osx/pr13412_rkt.zo"]
raco test: "pr13412.rkt"
raco test: @(test-responsible '(samth stamourv endobson asumu "andmkent@iu.edu" ben))
"pr13464.rkt":
  making #<path:/Users/ben/code/racket/fork/extra-pkgs/typed-racket/typed-racket-test/t-succeed/pr13464.rkt>
 [output to "compiled/ta6osx/pr13464_rkt.zo"]
raco test: "pr13464.rkt"
raco test: @(test-responsible '(samth stamourv endobson asumu "andmkent@iu.edu" ben))
+nan.t
+nan.t
+nan.t
+nan.t
0.0t0
0.0t0
-0.0t0
-0.0t0
+nan.0
+nan.0
+nan.0
+nan.0
0.0
0.0
-0.0
-0.0
+nan.0
+nan.0
+nan.0
+nan.0
+nan.0
+nan.0
+nan.0
+nan.0
+nan.0
+nan.0
+nan.0
+nan.0
0.0
0.0
-0.0
-0.0
0.0
0.0
-0.0
-0.0
0.0
0.0
-0.0
-0.0
"pr13490.rkt":
  making #<path:/Users/ben/code/racket/fork/extra-pkgs/typed-racket/typed-racket-test/t-succeed/pr13490.rkt>
 [output to "compiled/ta6osx/pr13490_rkt.zo"]
raco test: "pr13490.rkt"
raco test: @(test-responsible '(samth stamourv endobson asumu "andmkent@iu.edu" ben))
"0.0+3.14i"
"pr13503.rkt":
  making #<path:/Users/ben/code/racket/fork/extra-pkgs/typed-racket/typed-racket-test/t-succeed/pr13503.rkt>
 [output to "compiled/ta6osx/pr13503_rkt.zo"]
raco test: "pr13503.rkt"
raco test: @(test-responsible '(samth stamourv endobson asumu "andmkent@iu.edu" ben))
(case-> (-> Zero) (-> Number Number) (-> Zero Zero Zero) (-> Number Zero Number) (-> Zero Number Number) (-> Positive-Byte Positive-Byte Positive-Index) (-> Byte Byte Index) (-> Positive-Byte Positive-Byte Positive-Byte Positive-Index) (-> Byte Byte Byte Index) (-> Positive-Index Index Positive-Fixnum) (-> Index Positive-Index Positive-Fixnum) (-> Positive-Index Index Index Positive-Fixnum) (-> Index Positive-Index Index Positive-Fixnum) (-> Index Index Positive-Index Positive-Fixnum) (->* (Index Index) (Index) Nonnegative-Fixnum) (-> Negative-Fixnum One Nonpositive-Fixnum) (-> One Negative-Fixnum Nonpositive-Fixnum) (-> Nonpositive-Fixnum Nonnegative-Fixnum Fixnum) (-> Nonnegative-Fixnum Nonpositive-Fixnum Fixnum) (-> Positive-Integer Nonnegative-Integer Nonnegative-Integer * Positive-Integer) (-> Nonnegative-Integer Positive-Integer Nonnegative-Integer * Positive-Integer) (-> Nonnegative-Integer Nonnegative-Integer Positive-Integer Nonnegative-Integer * Positive-Integer) (-> Negative-Integer Nonpositive-Integer Nonpositive-Integer * Negative-Integer) (-> Nonpositive-Integer Negative-Integer Nonpositive-Integer * Negative-Integer) (-> Nonpositive-Integer Nonpositive-Integer Negative-Integer Nonpositive-Integer * Negative-Integer) (-> Nonnegative-Integer * Nonnegative-Integer) (-> Nonpositive-Integer * Nonpositive-Integer) (-> Integer * Integer) (-> Positive-Exact-Rational Nonnegative-Exact-Rational Nonnegative-Exact-Rational * Positive-Exact-Rational) (-> Nonnegative-Exact-Rational Positive-Exact-Rational Nonnegative-Exact-Rational * Positive-Exact-Rational) (-> Nonnegative-Exact-Rational Nonnegative-Exact-Rational Positive-Exact-Rational Nonnegative-Exact-Rational * Positive-Exact-Rational) (-> Negative-Exact-Rational Nonpositive-Exact-Rational Nonpositive-Exact-Rational * Negative-Exact-Rational) (-> Nonpositive-Exact-Rational Negative-Exact-Rational Nonpositive-Exact-Rational * Negative-Exact-Rational) (-> Nonpositive-Exact-Rational Nonpositive-Exact-Rational Negative-Exact-Rational Nonpositive-Exact-Rational * Negative-Exact-Rational) (-> Nonnegative-Exact-Rational * Nonnegative-Exact-Rational) (-> Nonpositive-Exact-Rational * Nonpositive-Exact-Rational) (-> Exact-Rational * Exact-Rational) (-> Positive-Flonum Nonnegative-Real Nonnegative-Real * Positive-Flonum) (-> Nonnegative-Real Positive-Flonum Nonnegative-Real * Positive-Flonum) (-> Nonnegative-Real Nonnegative-Real Positive-Flonum Nonnegative-Real * Positive-Flonum) (-> Positive-Real Nonnegative-Flonum Nonnegative-Flonum * Positive-Flonum) (-> Nonnegative-Flonum Positive-Real Nonnegative-Flonum * Positive-Flonum) (-> Nonnegative-Flonum Nonnegative-Flonum Positive-Real Nonnegative-Flonum * Positive-Flonum) (-> Negative-Flonum Nonpositive-Real Nonpositive-Real * Negative-Flonum) (-> Nonpositive-Real Negative-Flonum Nonpositive-Real * Negative-Flonum) (-> Nonpositive-Real Nonpositive-Real Negative-Flonum Nonpositive-Real * Negative-Flonum) (-> Negative-Real Nonpositive-Flonum Nonpositive-Flonum * Negative-Flonum) (-> Nonpositive-Flonum Negative-Real Nonpositive-Flonum * Negative-Flonum) (-> Nonpositive-Flonum Nonpositive-Flonum Negative-Real Nonpositive-Flonum * Negative-Flonum) (-> Nonnegative-Flonum Nonnegative-Real Nonnegative-Real * Nonnegative-Flonum) (-> Nonnegative-Real Nonnegative-Flonum Nonnegative-Real * Nonnegative-Flonum) (-> Nonnegative-Real Nonnegative-Real Nonnegative-Flonum Nonnegative-Real * Nonnegative-Flonum) (-> Nonpositive-Flonum Nonpositive-Real Nonpositive-Real * Nonpositive-Flonum) (-> Nonpositive-Real Nonpositive-Flonum Nonpositive-Real * Nonpositive-Flonum) (-> Nonpositive-Real Nonpositive-Real Nonpositive-Flonum Nonpositive-Real * Nonpositive-Flonum) (-> Flonum Real Real * Flonum) (-> Real Flonum Real * Flonum) (-> Real Real Flonum Real * Flonum) (-> Flonum Flonum * Flonum) (-> Positive-Single-Flonum (U Nonnegative-Exact-Rational Nonnegative-Single-Flonum) (U Nonnegative-Exact-Rational Nonnegative-Single-Flonum) * Positive-Single-Flonum) (-> (U Nonnegative-Exact-Rational Nonnegative-Single-Flonum) Positive-Single-Flonum (U Nonnegative-Exact-Rational Nonnegative-Single-Flonum) * Positive-Single-Flonum) (-> (U Nonnegative-Exact-Rational Nonnegative-Single-Flonum) (U Nonnegative-Exact-Rational Nonnegative-Single-Flonum) Positive-Single-Flonum (U Nonnegative-Exact-Rational Nonnegative-Single-Flonum) * Positive-Single-Flonum) (-> (U Positive-Exact-Rational Positive-Single-Flonum) Nonnegative-Single-Flonum Nonnegative-Single-Flonum * Positive-Single-Flonum) (-> Nonnegative-Single-Flonum (U Positive-Exact-Rational Positive-Single-Flonum) Nonnegative-Single-Flonum * Positive-Single-Flonum) (-> Nonnegative-Single-Flonum Nonnegative-Single-Flonum (U Positive-Exact-Rational Positive-Single-Flonum) Nonnegative-Single-Flonum * Positive-Single-Flonum) (-> Negative-Single-Flonum (U Nonpositive-Exact-Rational Nonpositive-Single-Flonum) (U Nonpositive-Exact-Rational Nonpositive-Single-Flonum) * Negative-Single-Flonum) (-> (U Nonpositive-Exact-Rational Nonpositive-Single-Flonum) Negative-Single-Flonum (U Nonpositive-Exact-Rational Nonpositive-Single-Flonum) * Negative-Single-Flonum) (-> (U Nonpositive-Exact-Rational Nonpositive-Single-Flonum) (U Nonpositive-Exact-Rational Nonpositive-Single-Flonum) Negative-Single-Flonum (U Nonpositive-Exact-Rational Nonpositive-Single-Flonum) * Negative-Single-Flonum) (-> (U Negative-Exact-Rational Negative-Single-Flonum) Nonpositive-Single-Flonum Nonpositive-Single-Flonum * Negative-Single-Flonum) (-> Nonpositive-Single-Flonum (U Negative-Exact-Rational Negative-Single-Flonum) Nonpositive-Single-Flonum * Negative-Single-Flonum) (-> Nonpositive-Single-Flonum Nonpositive-Single-Flonum (U Negative-Exact-Rational Negative-Single-Flonum) Nonpositive-Single-Flonum * Negative-Single-Flonum) (-> Nonnegative-Single-Flonum (U Nonnegative-Exact-Rational Nonnegative-Single-Flonum) (U Nonnegative-Exact-Rational Nonnegative-Single-Flonum) * Nonnegative-Single-Flonum) (-> (U Nonnegative-Exact-Rational Nonnegative-Single-Flonum) Nonnegative-Single-Flonum (U Nonnegative-Exact-Rational Nonnegative-Single-Flonum) * Nonnegative-Single-Flonum) (-> (U Nonnegative-Exact-Rational Nonnegative-Single-Flonum) (U Nonnegative-Exact-Rational Nonnegative-Single-Flonum) Nonnegative-Single-Flonum (U Nonnegative-Exact-Rational Nonnegative-Single-Flonum) * Nonnegative-Single-Flonum) (-> Nonpositive-Single-Flonum (U Nonpositive-Exact-Rational Nonpositive-Single-Flonum) (U Nonpositive-Exact-Rational Nonpositive-Single-Flonum) * Nonpositive-Single-Flonum) (-> (U Nonpositive-Exact-Rational Nonpositive-Single-Flonum) Nonpositive-Single-Flonum (U Nonpositive-Exact-Rational Nonpositive-Single-Flonum) * Nonpositive-Single-Flonum) (-> (U Nonpositive-Exact-Rational Nonpositive-Single-Flonum) (U Nonpositive-Exact-Rational Nonpositive-Single-Flonum) Nonpositive-Single-Flonum (U Nonpositive-Exact-Rational Nonpositive-Single-Flonum) * Nonpositive-Single-Flonum) (-> Single-Flonum (U Exact-Rational Single-Flonum) (U Exact-Rational Single-Flonum) * Single-Flonum) (-> (U Exact-Rational Single-Flonum) Single-Flonum (U Exact-Rational Single-Flonum) * Single-Flonum) (-> (U Exact-Rational Single-Flonum) (U Exact-Rational Single-Flonum) Single-Flonum (U Exact-Rational Single-Flonum) * Single-Flonum) (-> Single-Flonum Single-Flonum * Single-Flonum) (-> Positive-Inexact-Real Nonnegative-Real Nonnegative-Real * Positive-Inexact-Real) (-> Nonnegative-Real Positive-Inexact-Real Nonnegative-Real * Positive-Inexact-Real) (-> Nonnegative-Real Nonnegative-Real Positive-Inexact-Real Nonnegative-Real * Positive-Inexact-Real) (-> Positive-Real Nonnegative-Inexact-Real Nonnegative-Inexact-Real * Positive-Inexact-Real) (-> Nonnegative-Inexact-Real Positive-Real Nonnegative-Inexact-Real * Positive-Inexact-Real) (-> Nonnegative-Inexact-Real Nonnegative-Inexact-Real Positive-Real Nonnegative-Inexact-Real * Positive-Inexact-Real) (-> Negative-Inexact-Real Nonpositive-Real Nonpositive-Real * Negative-Inexact-Real) (-> Nonpositive-Real Negative-Inexact-Real Nonpositive-Real * Negative-Inexact-Real) (-> Nonpositive-Real Nonpositive-Real Negative-Inexact-Real Nonpositive-Real * Negative-Inexact-Real) (-> Negative-Real Nonpositive-Inexact-Real Nonpositive-Inexact-Real * Negative-Inexact-Real) (-> Nonpositive-Inexact-Real Negative-Real Nonpositive-Inexact-Real * Negative-Inexact-Real) (-> Nonpositive-Inexact-Real Nonpositive-Inexact-Real Negative-Real Nonpositive-Inexact-Real * Negative-Inexact-Real) (-> Nonnegative-Inexact-Real Nonnegative-Real Nonnegative-Real * Nonnegative-Inexact-Real) (-> Nonnegative-Real Nonnegative-Inexact-Real Nonnegative-Real * Nonnegative-Inexact-Real) (-> Nonnegative-Real Nonnegative-Real Nonnegative-Inexact-Real Nonnegative-Real * Nonnegative-Inexact-Real) (-> Nonpositive-Inexact-Real Nonpositive-Real Nonpositive-Real * Nonpositive-Inexact-Real) (-> Nonpositive-Real Nonpositive-Inexact-Real Nonpositive-Real * Nonpositive-Inexact-Real) (-> Nonpositive-Real Nonpositive-Real Nonpositive-Inexact-Real Nonpositive-Real * Nonpositive-Inexact-Real) (-> Inexact-Real Real Real * Inexact-Real) (-> Real Inexact-Real Real * Inexact-Real) (-> Real Real Inexact-Real Real * Inexact-Real) (-> Positive-Real Nonnegative-Real Nonnegative-Real * Positive-Real) (-> Nonnegative-Real Positive-Real Nonnegative-Real * Positive-Real) (-> Nonnegative-Real Nonnegative-Real Positive-Real Nonnegative-Real * Positive-Real) (-> Negative-Real Nonpositive-Real Nonpositive-Real * Negative-Real) (-> Nonpositive-Real Negative-Real Nonpositive-Real * Negative-Real) (-> Nonpositive-Real Nonpositive-Real Negative-Real Nonpositive-Real * Negative-Real) (-> Nonnegative-Real * Nonnegative-Real) (-> Nonpositive-Real * Nonpositive-Real) (-> Real * Real) (-> Exact-Number * Exact-Number) (-> Float-Complex Number Number * Float-Complex) (-> Number Float-Complex Number * Float-Complex) (-> Number Number Float-Complex Number * Float-Complex) (-> Flonum Inexact-Complex Inexact-Complex * Float-Complex) (-> Inexact-Complex Flonum Inexact-Complex * Float-Complex) (-> Inexact-Complex Inexact-Complex Flonum Inexact-Complex * Float-Complex) (-> Single-Flonum-Complex (U Exact-Rational Single-Flonum Single-Flonum-Complex) (U Exact-Rational Single-Flonum Single-Flonum-Complex) * Single-Flonum-Complex) (-> (U Exact-Rational Single-Flonum Single-Flonum-Complex) Single-Flonum-Complex (U Exact-Rational Single-Flonum Single-Flonum-Complex) * Single-Flonum-Complex) (-> (U Exact-Rational Single-Flonum Single-Flonum-Complex) (U Exact-Rational Single-Flonum Single-Flonum-Complex) Single-Flonum-Complex (U Exact-Rational Single-Flonum Single-Flonum-Complex) * Single-Flonum-Complex) (-> Inexact-Complex (U Inexact-Complex Real) (U Inexact-Complex Real) * Inexact-Complex) (-> (U Inexact-Complex Real) Inexact-Complex (U Inexact-Complex Real) * Inexact-Complex) (-> (U Inexact-Complex Real) (U Inexact-Complex Real) Inexact-Complex (U Inexact-Complex Real) * Inexact-Complex) (-> Number * Number))
(values Positive-Byte Positive-Byte Positive-Byte)
Nothing
stx->arrow-type: failed to parse arrow from type of syntax object
  e: '(lambda args (#%expression args))
  stx: #<syntax:/Users/ben/code/racket/fork/extra-pkgs/typed-racket/typed-racket-test/t-succeed/pr13576.rkt:3:0 (lambda args (#%expression args))>
  type: (All (A ...) (-> A ... A (List A ... A)))
  compilation context...:
   /Users/ben/code/racket/fork/extra-pkgs/typed-racket/typed-racket-test/t-succeed/pr13576.rkt
  context...:
   raise-arguments-error
   .../private/parse.rkt:559:26
   .../defender/defender.rkt:177:12: for-loop
   .../private/runtime.rkt:82:34: fail-handler52
   .../defender/defender.rkt:177:12: for-loop
   .../private/runtime.rkt:82:34: fail-handler52
   winder-dummy
   .../defender/defender.rkt:68:0: defend-top
   .../typed-racket/tc-setup.rkt:42:0: maybe-defend
   .../typed-racket/core.rkt:40:10
   winder-dummy
   .../typed-racket/typed-racket.rkt:23:4
   call-in-empty-metacontinuation-frame
   apply-transformer
   dispatch-transformer
   expand-module
"pr13576.rkt":
  making #<path:/Users/ben/code/racket/fork/extra-pkgs/typed-racket/typed-racket-test/t-succeed/pr13576.rkt>
"pr13584.rkt":
  making #<path:/Users/ben/code/racket/fork/extra-pkgs/typed-racket/typed-racket-test/t-succeed/pr13584.rkt>
 [output to "compiled/ta6osx/pr13584_rkt.zo"]
raco test: "pr13584.rkt"
raco test: @(test-responsible '(samth stamourv endobson asumu "andmkent@iu.edu" ben))
#t
"pr13646.rkt":
  making #<path:/Users/ben/code/racket/fork/extra-pkgs/typed-racket/typed-racket-test/t-succeed/pr13646.rkt>
 [output to "compiled/ta6osx/pr13646_rkt.zo"]
raco test: "pr13646.rkt"
raco test: @(test-responsible '(samth stamourv endobson asumu "andmkent@iu.edu" ben))
"pr13691.rkt":
  making #<path:/Users/ben/code/racket/fork/extra-pkgs/typed-racket/typed-racket-test/t-succeed/pr13691.rkt>
 [output to "compiled/ta6osx/pr13691_rkt.zo"]
raco test: "pr13691.rkt"
raco test: @(test-responsible '(samth stamourv endobson asumu "andmkent@iu.edu" ben))
3
"pr13710.rkt":
  making #<path:/Users/ben/code/racket/fork/extra-pkgs/typed-racket/typed-racket-test/t-succeed/pr13710.rkt>
 [output to "compiled/ta6osx/pr13710_rkt.zo"]
raco test: "pr13710.rkt"
raco test: @(test-responsible '(samth stamourv endobson asumu "andmkent@iu.edu" ben))
"pr13747.rkt":
  making #<path:/Users/ben/code/racket/fork/extra-pkgs/typed-racket/typed-racket-test/t-succeed/pr13747.rkt>
 [output to "compiled/ta6osx/pr13747_rkt.zo"]
raco test: "pr13747.rkt"
raco test: @(test-responsible '(samth stamourv endobson asumu "andmkent@iu.edu" ben))
1
"pr13821.rkt":
  making #<path:/Users/ben/code/racket/fork/extra-pkgs/typed-racket/typed-racket-test/t-succeed/pr13821.rkt>
 [output to "compiled/ta6osx/pr13821_rkt.zo"]
raco test: "pr13821.rkt"
raco test: @(test-responsible '(samth stamourv endobson asumu "andmkent@iu.edu" ben))
#f
"pr13870.rkt":
  making #<path:/Users/ben/code/racket/fork/extra-pkgs/typed-racket/typed-racket-test/t-succeed/pr13870.rkt>
 [output to "compiled/ta6osx/pr13870_rkt.zo"]
raco test: "pr13870.rkt"
raco test: @(test-responsible '(samth stamourv endobson asumu "andmkent@iu.edu" ben))
6
"pr13901.rkt":
  making #<path:/Users/ben/code/racket/fork/extra-pkgs/typed-racket/typed-racket-test/t-succeed/pr13901.rkt>
 [output to "compiled/ta6osx/pr13901_rkt.zo"]
raco test: "pr13901.rkt"
raco test: @(test-responsible '(samth stamourv endobson asumu "andmkent@iu.edu" ben))
2 tests passed
"pr13937.rkt":
  making #<path:/Users/ben/code/racket/fork/extra-pkgs/typed-racket/typed-racket-test/t-succeed/pr13937.rkt>
 [output to "compiled/ta6osx/pr13937_rkt.zo"]
raco test: "pr13937.rkt"
raco test: @(test-responsible '(samth stamourv endobson asumu "andmkent@iu.edu" ben))
'#hash((a . 5))
type-map-ref: unbound key
  key: 0
  map: '#hash()
  compilation context...:
   /Users/ben/code/racket/fork/extra-pkgs/typed-racket/typed-racket-test/t-succeed/pr14138.rkt
  context...:
   raise-arguments-error
   .../defender/defender.rkt:583:2: loop
   .../private/parse.rkt:559:26
   .../defender/defender.rkt:177:12: for-loop
   .../private/runtime.rkt:82:34: fail-handler52
   .../defender/defender.rkt:177:12: for-loop
   .../private/runtime.rkt:82:34: fail-handler52
   .../defender/defender.rkt:68:0: defend-top
   .../typed-racket/tc-setup.rkt:42:0: maybe-defend
   .../typed-racket/core.rkt:40:10
   winder-dummy
   .../typed-racket/typed-racket.rkt:23:4
   call-in-empty-metacontinuation-frame
   apply-transformer
   dispatch-transformer
   expand-module
"pr14138.rkt":
  making #<path:/Users/ben/code/racket/fork/extra-pkgs/typed-racket/typed-racket-test/t-succeed/pr14138.rkt>
"pr14217.rkt":
  making #<path:/Users/ben/code/racket/fork/extra-pkgs/typed-racket/typed-racket-test/t-succeed/pr14217.rkt>
 [output to "compiled/ta6osx/pr14217_rkt.zo"]
raco test: "pr14217.rkt"
raco test: @(test-responsible '(samth stamourv endobson asumu "andmkent@iu.edu" ben))
5
"pr14355.rkt":
  making #<path:/Users/ben/code/racket/fork/extra-pkgs/typed-racket/typed-racket-test/t-succeed/pr14355.rkt>
 [output to "compiled/ta6osx/pr14355_rkt.zo"]
raco test: "pr14355.rkt"
raco test: @(test-responsible '(samth stamourv endobson asumu "andmkent@iu.edu" ben))
"x"
"pr14364.rkt":
  making #<path:/Users/ben/code/racket/fork/extra-pkgs/typed-racket/typed-racket-test/t-succeed/pr14364.rkt>
 [output to "compiled/ta6osx/pr14364_rkt.zo"]
raco test: "pr14364.rkt"
raco test: @(test-responsible '(samth stamourv endobson asumu "andmkent@iu.edu" ben))
"pr14374.rkt":
  making #<path:/Users/ben/code/racket/fork/extra-pkgs/typed-racket/typed-racket-test/t-succeed/pr14374.rkt>
 [output to "compiled/ta6osx/pr14374_rkt.zo"]
raco test: "pr14374.rkt"
raco test: @(test-responsible '(samth stamourv endobson asumu "andmkent@iu.edu" ben))
2 tests passed
"pr14458.rkt":
  making #<path:/Users/ben/code/racket/fork/extra-pkgs/typed-racket/typed-racket-test/t-succeed/pr14458.rkt>
 [output to "compiled/ta6osx/pr14458_rkt.zo"]
raco test: "pr14458.rkt"
raco test: @(test-responsible '(samth stamourv endobson asumu "andmkent@iu.edu" ben))
"pr14521.rkt":
  making #<path:/Users/ben/code/racket/fork/extra-pkgs/typed-racket/typed-racket-test/t-succeed/pr14521.rkt>
 [output to "compiled/ta6osx/pr14521_rkt.zo"]
raco test: "pr14521.rkt"
raco test: @(test-responsible '(samth stamourv endobson asumu "andmkent@iu.edu" ben))
"pr14567.rkt":
  making #<path:/Users/ben/code/racket/fork/extra-pkgs/typed-racket/typed-racket-test/t-succeed/pr14567.rkt>
 [output to "compiled/ta6osx/pr14567_rkt.zo"]
raco test: "pr14567.rkt"
raco test: @(test-responsible '(samth stamourv endobson asumu "andmkent@iu.edu" ben))
"pr14568.rkt":
  making #<path:/Users/ben/code/racket/fork/extra-pkgs/typed-racket/typed-racket-test/t-succeed/pr14568.rkt>
 [output to "compiled/ta6osx/pr14568_rkt.zo"]
raco test: "pr14568.rkt"
raco test: @(test-responsible '(samth stamourv endobson asumu "andmkent@iu.edu" ben))
1.1428571428571428
-3.0
"pr14582.rkt":
  making #<path:/Users/ben/code/racket/fork/extra-pkgs/typed-racket/typed-racket-test/t-succeed/pr14582.rkt>
 [output to "compiled/ta6osx/pr14582_rkt.zo"]
raco test: "pr14582.rkt"
raco test: @(test-responsible '(samth stamourv endobson asumu "andmkent@iu.edu" ben))
"pr14587.rkt":
  making #<path:/Users/ben/code/racket/fork/extra-pkgs/typed-racket/typed-racket-test/t-succeed/pr14587.rkt>
 [output to "compiled/ta6osx/pr14587_rkt.zo"]
raco test: "pr14587.rkt"
raco test: @(test-responsible '(samth stamourv endobson asumu "andmkent@iu.edu" ben))
no module instance found: #<resolved-module-path:"/Users/ben/code/racket/fork/extra-pkgs/typed-racket/typed-racket-lib/typed-racket/utils/any-wrap.rkt"> 0
  context...:
   namespace->module-instance
   namespace-module-use->module+linklet-instances
   for-loop
   temp35_0
   for-loop
   run-module-instance!
   .../commands/test.rkt:179:16
   call-in-empty-metacontinuation-frame
   call-with-empty-metacontinuation-frame-for-swap
pr14587.rkt: raco test: test raised an exception
"pr14702.rkt":
  making #<path:/Users/ben/code/racket/fork/extra-pkgs/typed-racket/typed-racket-test/t-succeed/pr14702.rkt>
 [output to "compiled/ta6osx/pr14702_rkt.zo"]
raco test: "pr14702.rkt"
raco test: @(test-responsible '(samth stamourv endobson asumu "andmkent@iu.edu" ben))
"pr14823.rkt":
  making #<path:/Users/ben/code/racket/fork/extra-pkgs/typed-racket/typed-racket-test/t-succeed/pr14823.rkt>
 [output to "compiled/ta6osx/pr14823_rkt.zo"]
raco test: "pr14823.rkt"
raco test: @(test-responsible '(samth stamourv endobson asumu "andmkent@iu.edu" ben))
2
"pr14828.rkt":
  making #<path:/Users/ben/code/racket/fork/extra-pkgs/typed-racket/typed-racket-test/t-succeed/pr14828.rkt>
 [output to "compiled/ta6osx/pr14828_rkt.zo"]
raco test: "pr14828.rkt"
raco test: @(test-responsible '(samth stamourv endobson asumu "andmkent@iu.edu" ben))
"pr14829.rkt":
  making #<path:/Users/ben/code/racket/fork/extra-pkgs/typed-racket/typed-racket-test/t-succeed/pr14829.rkt>
 [output to "compiled/ta6osx/pr14829_rkt.zo"]
raco test: "pr14829.rkt"
raco test: @(test-responsible '(samth stamourv endobson asumu "andmkent@iu.edu" ben))
(exn:fail "foo" #<continuation-mark-set>)
1 test passed
"pr14896.rkt":
  making #<path:/Users/ben/code/racket/fork/extra-pkgs/typed-racket/typed-racket-test/t-succeed/pr14896.rkt>
 [output to "compiled/ta6osx/pr14896_rkt.zo"]
raco test: "pr14896.rkt"
raco test: @(test-responsible '(samth stamourv endobson asumu "andmkent@iu.edu" ben))
0
"pr14997.rkt":
  making #<path:/Users/ben/code/racket/fork/extra-pkgs/typed-racket/typed-racket-test/t-succeed/pr14997.rkt>
 [output to "compiled/ta6osx/pr14997_rkt.zo"]
raco test: "pr14997.rkt"
raco test: @(test-responsible '(samth stamourv endobson asumu "andmkent@iu.edu" ben))
1
1
1
1
1
"pr15026-a.rkt":
  making #<path:/Users/ben/code/racket/fork/extra-pkgs/typed-racket/typed-racket-test/t-succeed/pr15026-a.rkt>
 [output to "compiled/ta6osx/pr15026-a_rkt.zo"]
raco test: "pr15026-a.rkt"
raco test: @(test-responsible '(samth stamourv endobson asumu "andmkent@iu.edu" ben))
"pr15026-b.rkt":
  making #<path:/Users/ben/code/racket/fork/extra-pkgs/typed-racket/typed-racket-test/t-succeed/pr15026-b.rkt>
 [output to "compiled/ta6osx/pr15026-b_rkt.zo"]
raco test: (submod "pr15026-b.rkt" test)
raco test: @(test-responsible '(samth stamourv endobson asumu "andmkent@iu.edu" ben))
43
"pr15144.rkt":
  making #<path:/Users/ben/code/racket/fork/extra-pkgs/typed-racket/typed-racket-test/t-succeed/pr15144.rkt>
 [output to "compiled/ta6osx/pr15144_rkt.zo"]
raco test: "pr15144.rkt"
raco test: @(test-responsible '(samth stamourv endobson asumu "andmkent@iu.edu" ben))
"pr15330.rkt":
  making #<path:/Users/ben/code/racket/fork/extra-pkgs/typed-racket/typed-racket-test/t-succeed/pr15330.rkt>
 [output to "compiled/ta6osx/pr15330_rkt.zo"]
raco test: "pr15330.rkt"
raco test: @(test-responsible '(samth stamourv endobson asumu "andmkent@iu.edu" ben))
(Record 0)
"pr226-variation-1.rkt":
  making #<path:/Users/ben/code/racket/fork/extra-pkgs/typed-racket/typed-racket-test/t-succeed/pr226-variation-1.rkt>
 [output to "compiled/ta6osx/pr226-variation-1_rkt.zo"]
raco test: "pr226-variation-1.rkt"
raco test: @(test-responsible '(samth stamourv endobson asumu "andmkent@iu.edu" ben))
"pr226-variation-2.rkt":
  making #<path:/Users/ben/code/racket/fork/extra-pkgs/typed-racket/typed-racket-test/t-succeed/pr226-variation-2.rkt>
 [output to "compiled/ta6osx/pr226-variation-2_rkt.zo"]
raco test: "pr226-variation-2.rkt"
raco test: @(test-responsible '(samth stamourv endobson asumu "andmkent@iu.edu" ben))
pr226: Untyped code invoked a higher-order value passed as 'Any'
  context...:
   do-error
   .../t-succeed/pr226-variation-2.rkt:9:38
   call-in-empty-metacontinuation-frame
   call-with-values
   call-in-empty-metacontinuation-frame
   body of "/Users/ben/code/racket/fork/extra-pkgs/typed-racket/typed-racket-test/t-succeed/pr226-variation-2.rkt"
   for-loop
   run-module-instance!
   .../commands/test.rkt:179:16
   call-in-empty-metacontinuation-frame
   call-with-empty-metacontinuation-frame-for-swap
pr226-variation-2.rkt: raco test: test raised an exception
"pr226-variation-3.rkt":
  making #<path:/Users/ben/code/racket/fork/extra-pkgs/typed-racket/typed-racket-test/t-succeed/pr226-variation-3.rkt>
 [output to "compiled/ta6osx/pr226-variation-3_rkt.zo"]
raco test: "pr226-variation-3.rkt"
raco test: @(test-responsible '(samth stamourv endobson asumu "andmkent@iu.edu" ben))
transient-assert: got #<void> in '(#%app unbox sui... : ('$$$)
  context...:
   do-error
   .../optimizer/dead-code.rkt:42:12
   call-with-values
   call-in-empty-metacontinuation-frame
   body of "/Users/ben/code/racket/fork/extra-pkgs/typed-racket/typed-racket-test/t-succeed/pr226-variation-3.rkt"
   for-loop
   run-module-instance!
   .../commands/test.rkt:179:16
   call-in-empty-metacontinuation-frame
   call-with-empty-metacontinuation-frame-for-swap
pr226-variation-3.rkt: raco test: test raised an exception
"pr241-variation-0.rkt":
  making #<path:/Users/ben/code/racket/fork/extra-pkgs/typed-racket/typed-racket-test/t-succeed/pr241-variation-0.rkt>
 [output to "compiled/ta6osx/pr241-variation-0_rkt.zo"]
raco test: "pr241-variation-0.rkt"
raco test: @(test-responsible '(samth stamourv endobson asumu "andmkent@iu.edu" ben))
#f
#t
"pr241-variation-1.rkt":
  making #<path:/Users/ben/code/racket/fork/extra-pkgs/typed-racket/typed-racket-test/t-succeed/pr241-variation-1.rkt>
 [output to "compiled/ta6osx/pr241-variation-1_rkt.zo"]
raco test: "pr241-variation-1.rkt"
raco test: @(test-responsible '(samth stamourv endobson asumu "andmkent@iu.edu" ben))
transient-assert: got 5 in '(#%app unbox b) : (String)
  context...:
   do-error
   .../optimizer/optimizer.rkt:71:24
   call-with-values
   call-in-empty-metacontinuation-frame
   body of (submod "/Users/ben/code/racket/fork/extra-pkgs/typed-racket/typed-racket-test/t-succeed/pr241-variation-1.rkt" typed)
   for-loop
   run-module-instance!
   for-loop
   [repeats 1 more time]
   run-module-instance!
   .../commands/test.rkt:179:16
   call-in-empty-metacontinuation-frame
   call-with-empty-metacontinuation-frame-for-swap
pr241-variation-1.rkt: raco test: test raised an exception
"pr241-variation-2.rkt":
  making #<path:/Users/ben/code/racket/fork/extra-pkgs/typed-racket/typed-racket-test/t-succeed/pr241-variation-2.rkt>
 [output to "compiled/ta6osx/pr241-variation-2_rkt.zo"]
raco test: "pr241-variation-2.rkt"
raco test: @(test-responsible '(samth stamourv endobson asumu "andmkent@iu.edu" ben))
#t
#f
#f
"pr241-variation-3.rkt":
  making #<path:/Users/ben/code/racket/fork/extra-pkgs/typed-racket/typed-racket-test/t-succeed/pr241-variation-3.rkt>
 [output to "compiled/ta6osx/pr241-variation-3_rkt.zo"]
raco test: "pr241-variation-3.rkt"
raco test: @(test-responsible '(samth stamourv endobson asumu "andmkent@iu.edu" ben))
#f
#t
"pr241-variation-5.rkt":
  making #<path:/Users/ben/code/racket/fork/extra-pkgs/typed-racket/typed-racket-test/t-succeed/pr241-variation-5.rkt>
WARNING: Missing test for base type 'Positive-Single-Flonum'
WARNING: Missing test for base type 'Single-Flonum'
WARNING: Missing test for base type 'Inexact-Imaginary'
WARNING: Missing test for base type 'Single-Flonum-Complex'
WARNING: Missing test for base type 'Single-Flonum-Zero'
WARNING: Missing test for base type 'ExtFlVector'
WARNING: Missing test for base type 'ExtFlonum-Positive-Zero'
WARNING: Missing test for base type 'Nonpositive-ExtFlonum'
WARNING: Missing test for base type 'Place'
WARNING: Missing test for base type 'ExtFlonum-Zero'
WARNING: Missing test for base type 'Internal-Definition-Context'
WARNING: Missing test for base type 'Read-Table'
WARNING: Missing test for base type 'Negative-Single-Flonum'
WARNING: Missing test for base type 'Negative-ExtFlonum'
WARNING: Missing test for base type 'Single-Flonum-Negative-Zero'
WARNING: Missing test for base type 'Single-Flonum-Positive-Zero'
WARNING: Missing test for base type 'ExtFlonum'
WARNING: Missing test for base type 'Nonnegative-Single-Flonum'
WARNING: Missing test for base type 'ExtFlonum-Nan'
WARNING: Missing test for base type 'ExtFlonum-Negative-Zero'
WARNING: Missing test for base type 'Single-Flonum-Nan'
WARNING: Missing test for base type 'Positive-ExtFlonum'
WARNING: Missing test for base type 'Nonnegative-ExtFlonum'
WARNING: Missing test for base type 'Nonpositive-Single-Flonum'
 [output to "compiled/ta6osx/pr241-variation-5_rkt.zo"]
raco test: "pr241-variation-5.rkt"
raco test: @(test-responsible '(samth stamourv endobson asumu "andmkent@iu.edu" ben))
Successfully used 173 wrapped values
Successfully typechecked 173 identifiers
"pr390-variation-1.rkt":
  making #<path:/Users/ben/code/racket/fork/extra-pkgs/typed-racket/typed-racket-test/t-succeed/pr390-variation-1.rkt>
 [output to "compiled/ta6osx/pr390-variation-1_rkt.zo"]
raco test: "pr390-variation-1.rkt"
raco test: @(test-responsible '(samth stamourv endobson asumu "andmkent@iu.edu" ben))
"pr390-variation-2.rkt":
  making #<path:/Users/ben/code/racket/fork/extra-pkgs/typed-racket/typed-racket-test/t-succeed/pr390-variation-2.rkt>
 [output to "compiled/ta6osx/pr390-variation-2_rkt.zo"]
raco test: "pr390-variation-2.rkt"
raco test: @(test-responsible '(samth stamourv endobson asumu "andmkent@iu.edu" ben))
"pr390-variation-3.rkt":
  making #<path:/Users/ben/code/racket/fork/extra-pkgs/typed-racket/typed-racket-test/t-succeed/pr390-variation-3.rkt>
 [output to "compiled/ta6osx/pr390-variation-3_rkt.zo"]
raco test: "pr390-variation-3.rkt"
raco test: @(test-responsible '(samth stamourv endobson asumu "andmkent@iu.edu" ben))
/Users/ben/code/racket/fork/extra-pkgs/typed-racket/typed-racket-test/t-succeed/pr390-variation-4.rkt:7:0: Type Checker: Macro test-case from typed module used in untyped code
  in: (test-case "hash-copy" (check-pred hash? (ann (hash-copy (make-immutable-hash)) Mutable-HashTableTop)) (check-pred hash? (ann (hash-copy (make-immutable-hash (quote ((1 . 1))))) (Mutable-HashTable Integer Integer))) (check-pred hash? (ann (hash-copy (ma...
  compilation context...:
   /Users/ben/code/racket/fork/extra-pkgs/typed-racket/typed-racket-test/t-succeed/pr390-variation-4.rkt
  context...:
   do-raise-syntax-error
   call-in-empty-metacontinuation-frame
   apply-transformer
   dispatch-transformer
   loop
   finish
   pass-1-and-2-loop
   module-begin-k
   do-local-expand
   .../typed-racket/tc-setup.rkt:64:0: tc-setup
   winder-dummy
   .../typed-racket/typed-racket.rkt:23:4
   call-in-empty-metacontinuation-frame
   apply-transformer
   dispatch-transformer
   expand-module
"pr390-variation-4.rkt":
  making #<path:/Users/ben/code/racket/fork/extra-pkgs/typed-racket/typed-racket-test/t-succeed/pr390-variation-4.rkt>
"pr390-variation-5.rkt":
  making #<path:/Users/ben/code/racket/fork/extra-pkgs/typed-racket/typed-racket-test/t-succeed/pr390-variation-5.rkt>
 [output to "compiled/ta6osx/pr390-variation-5_rkt.zo"]
raco test: "pr390-variation-5.rkt"
raco test: @(test-responsible '(samth stamourv endobson asumu "andmkent@iu.edu" ben))
--------------------
FAILURE
name:       check-pred
location:   pr390-variation-5.rkt:28:0
params:     '(#<procedure:value-contract> #hash((a . 1) (b . 2)))
--------------------
--------------------
FAILURE
name:       check-pred
location:   pr390-variation-5.rkt:29:0
params:     '(#<procedure:value-contract> #hash((a . 1) (b . 2)))
--------------------
2/4 test failures
"pr390-variation-6.rkt":
  making #<path:/Users/ben/code/racket/fork/extra-pkgs/typed-racket/typed-racket-test/t-succeed/pr390-variation-6.rkt>
 [output to "compiled/ta6osx/pr390-variation-6_rkt.zo"]
raco test: "pr390-variation-6.rkt"
raco test: @(test-responsible '(samth stamourv endobson asumu "andmkent@iu.edu" ben))
1
"pr390-variation-7.rkt":
  making #<path:/Users/ben/code/racket/fork/extra-pkgs/typed-racket/typed-racket-test/t-succeed/pr390-variation-7.rkt>
 [output to "compiled/ta6osx/pr390-variation-7_rkt.zo"]
raco test: "pr390-variation-7.rkt"
raco test: @(test-responsible '(samth stamourv endobson asumu "andmkent@iu.edu" ben))
"pr403.rkt":
  making #<path:/Users/ben/code/racket/fork/extra-pkgs/typed-racket/typed-racket-test/t-succeed/pr403.rkt>
 [output to "compiled/ta6osx/pr403_rkt.zo"]
raco test: "pr403.rkt"
raco test: @(test-responsible '(samth stamourv endobson asumu "andmkent@iu.edu" ben))
"pr468-in-query.rkt":
  making #<path:/Users/ben/code/racket/fork/extra-pkgs/typed-racket/typed-racket-test/t-succeed/pr468-in-query.rkt>
  making #<path:/Users/ben/code/racket/fork/extra-pkgs/typed-racket/typed-racket-more/typed/db/base.rkt>
  making #<path:/Users/ben/code/racket/fork/extra-pkgs/typed-racket/typed-racket-more/typed/db/sqlite3.rkt>
  making #<path:/Users/ben/code/racket/fork/extra-pkgs/typed-racket/typed-racket-more/typed/db.rkt>
 [output to "compiled/ta6osx/pr468-in-query_rkt.zo"]
raco test: "pr468-in-query.rkt"
raco test: @(test-responsible '(samth stamourv endobson asumu "andmkent@iu.edu" ben))
[table]manual_index: "CREATE TABLE manual_index(id, name, content);"
/Users/ben/code/racket/fork/extra-pkgs/typed-racket/typed-racket-test/t-succeed/pr476-compile-time-images.rkt:7:6: Type Checker: Macro compiled-bitmap from typed module used in untyped code
  in: (compiled-bitmap (standing-stickman-icon #:height 8 #:head-color "red" #:body-color "red") 90)
  compilation context...:
   /Users/ben/code/racket/fork/extra-pkgs/typed-racket/typed-racket-test/t-succeed/pr476-compile-time-images.rkt
  context...:
   do-raise-syntax-error
   call-in-empty-metacontinuation-frame
   apply-transformer
   dispatch-transformer
   for-loop
   loop
   [repeats 2 more times]
   module-begin-k
   do-local-expand
   .../typed-racket/tc-setup.rkt:64:0: tc-setup
   winder-dummy
   .../typed-racket/typed-racket.rkt:23:4
   call-in-empty-metacontinuation-frame
   apply-transformer
   dispatch-transformer
   expand-module
"pr476-compile-time-images.rkt":
  making #<path:/Users/ben/code/racket/fork/extra-pkgs/typed-racket/typed-racket-test/t-succeed/pr476-compile-time-images.rkt>
  making #<path:/Users/ben/code/racket/fork/extra-pkgs/typed-racket/typed-racket-more/typed/images/compile-time.rkt>
  making #<path:/Users/ben/code/racket/fork/extra-pkgs/images/images-lib/images/private/deep-flomap-parameters.rkt>
  making #<path:/Users/ben/code/racket/fork/extra-pkgs/images/images-lib/images/private/flonum.rkt>
  making #<path:/Users/ben/code/racket/fork/extra-pkgs/images/images-lib/images/private/flomap-struct.rkt>
  making #<path:/Users/ben/code/racket/fork/extra-pkgs/images/images-lib/images/private/flomap-blur.rkt>
  making #<path:/Users/ben/code/racket/fork/extra-pkgs/images/images-lib/images/private/flomap-composite.rkt>
  making #<path:/Users/ben/code/racket/fork/extra-pkgs/images/images-lib/images/private/flomap-stats.rkt>
  making #<path:/Users/ben/code/racket/fork/extra-pkgs/images/images-lib/images/private/flomap-pointwise.rkt>
  making #<path:/Users/ben/code/racket/fork/extra-pkgs/images/images-lib/images/private/flomap-resize.rkt>
  making #<path:/Users/ben/code/racket/fork/extra-pkgs/images/images-lib/images/private/flomap-convert.rkt>
  making #<path:/Users/ben/code/racket/fork/extra-pkgs/images/images-lib/images/private/flomap-transform.rkt>
  making #<path:/Users/ben/code/racket/fork/extra-pkgs/images/images-lib/images/private/flomap-effects.rkt>
  making #<path:/Users/ben/code/racket/fork/extra-pkgs/images/images-lib/images/private/flomap-gradient.rkt>
  making #<path:/Users/ben/code/racket/fork/extra-pkgs/images/images-lib/images/private/flomap.rkt>
  making #<path:/Users/ben/code/racket/fork/extra-pkgs/images/images-lib/images/private/deep-flomap-struct.rkt>
  making #<path:/Users/ben/code/racket/fork/extra-pkgs/images/images-lib/images/private/deep-flomap-render.rkt>
  making #<path:/Users/ben/code/racket/fork/extra-pkgs/images/images-lib/images/private/deep-flomap.rkt>
  making #<path:/Users/ben/code/racket/fork/extra-pkgs/images/images-lib/images/icons/style.rkt>
  making #<path:/Users/ben/code/racket/fork/extra-pkgs/images/images-lib/images/private/utils.rkt>
  making #<path:/Users/ben/code/racket/fork/extra-pkgs/images/images-lib/images/icons/stickman.rkt>
"pr575-variation-0.rkt":
  making #<path:/Users/ben/code/racket/fork/extra-pkgs/typed-racket/typed-racket-test/t-succeed/pr575-variation-0.rkt>
 [output to "compiled/ta6osx/pr575-variation-0_rkt.zo"]
raco test: (submod "pr575-variation-0.rkt" test)
raco test: @(test-responsible '(samth stamourv endobson asumu "andmkent@iu.edu" ben))
43 tests passed
"pr575-variation-1.rkt":
  making #<path:/Users/ben/code/racket/fork/extra-pkgs/typed-racket/typed-racket-test/t-succeed/pr575-variation-1.rkt>
 [output to "compiled/ta6osx/pr575-variation-1_rkt.zo"]
raco test: "pr575-variation-1.rkt"
raco test: @(test-responsible '(samth stamourv endobson asumu "andmkent@iu.edu" ben))
1 test passed
"pr575-variation-2.rkt":
  making #<path:/Users/ben/code/racket/fork/extra-pkgs/typed-racket/typed-racket-test/t-succeed/pr575-variation-2.rkt>
 [output to "compiled/ta6osx/pr575-variation-2_rkt.zo"]
raco test: "pr575-variation-2.rkt"
raco test: @(test-responsible '(samth stamourv endobson asumu "andmkent@iu.edu" ben))
"pr575-variation-3.rkt":
  making #<path:/Users/ben/code/racket/fork/extra-pkgs/typed-racket/typed-racket-test/t-succeed/pr575-variation-3.rkt>
 [output to "compiled/ta6osx/pr575-variation-3_rkt.zo"]
raco test: "pr575-variation-3.rkt"
raco test: @(test-responsible '(samth stamourv endobson asumu "andmkent@iu.edu" ben))
4 tests passed
"pr575-variation-4.rkt":
  making #<path:/Users/ben/code/racket/fork/extra-pkgs/typed-racket/typed-racket-test/t-succeed/pr575-variation-4.rkt>
 [output to "compiled/ta6osx/pr575-variation-4_rkt.zo"]
raco test: "pr575-variation-4.rkt"
raco test: @(test-responsible '(samth stamourv endobson asumu "andmkent@iu.edu" ben))
--------------------
FAILURE
name:       check-pred
location:   pr575-variation-4.rkt:20:0
params:     '(#<procedure:value-contract> #(1 2 3))
--------------------
--------------------
FAILURE
name:       check-pred
location:   pr575-variation-4.rkt:22:0
params:     '(#<procedure:value-contract> #(1 2 3))
--------------------
--------------------
FAILURE
name:       check-pred
location:   pr575-variation-4.rkt:25:0
params:     '(#<procedure:value-contract> #(1))
--------------------
--------------------
FAILURE
name:       check-pred
location:   pr575-variation-4.rkt:27:0
params:     '(#<procedure:value-contract> #(1))
--------------------
4/8 test failures
"pr575-variation-5.rkt":
  making #<path:/Users/ben/code/racket/fork/extra-pkgs/typed-racket/typed-racket-test/t-succeed/pr575-variation-5.rkt>
 [output to "compiled/ta6osx/pr575-variation-5_rkt.zo"]
raco test: "pr575-variation-5.rkt"
raco test: @(test-responsible '(samth stamourv endobson asumu "andmkent@iu.edu" ben))
2 tests passed
"pr9043.rkt":
  making #<path:/Users/ben/code/racket/fork/extra-pkgs/typed-racket/typed-racket-test/t-succeed/pr9043.rkt>
 [output to "compiled/ta6osx/pr9043_rkt.zo"]
raco test: "pr9043.rkt"
raco test: @(test-responsible '(samth stamourv endobson asumu "andmkent@iu.edu" ben))
"pr9046.rkt":
  making #<path:/Users/ben/code/racket/fork/extra-pkgs/typed-racket/typed-racket-test/t-succeed/pr9046.rkt>
 [output to "compiled/ta6osx/pr9046_rkt.zo"]
raco test: "pr9046.rkt"
raco test: @(test-responsible '(samth stamourv endobson asumu "andmkent@iu.edu" ben))
"pr9048.rkt":
  making #<path:/Users/ben/code/racket/fork/extra-pkgs/typed-racket/typed-racket-test/t-succeed/pr9048.rkt>
 [output to "compiled/ta6osx/pr9048_rkt.zo"]
raco test: "pr9048.rkt"
raco test: @(test-responsible '(samth stamourv endobson asumu "andmkent@iu.edu" ben))
"pr9053-2.rkt":
  making #<path:/Users/ben/code/racket/fork/extra-pkgs/typed-racket/typed-racket-test/t-succeed/pr9053-2.rkt>
 [output to "compiled/ta6osx/pr9053-2_rkt.zo"]
raco test: "pr9053-2.rkt"
raco test: @(test-responsible '(samth stamourv endobson asumu "andmkent@iu.edu" ben))
"pr9053.rkt":
  making #<path:/Users/ben/code/racket/fork/extra-pkgs/typed-racket/typed-racket-test/t-succeed/pr9053.rkt>
 [output to "compiled/ta6osx/pr9053_rkt.zo"]
raco test: "pr9053.rkt"
raco test: @(test-responsible '(samth stamourv endobson asumu "andmkent@iu.edu" ben))
"pr9054.rkt":
  making #<path:/Users/ben/code/racket/fork/extra-pkgs/typed-racket/typed-racket-test/t-succeed/pr9054.rkt>
 [output to "compiled/ta6osx/pr9054_rkt.zo"]
raco test: "pr9054.rkt"
raco test: @(test-responsible '(samth stamourv endobson asumu "andmkent@iu.edu" ben))
"prefab-field-provide.rkt":
  making #<path:/Users/ben/code/racket/fork/extra-pkgs/typed-racket/typed-racket-test/t-succeed/prefab-field-provide.rkt>
 [output to "compiled/ta6osx/prefab-field-provide_rkt.zo"]
raco test: "prefab-field-provide.rkt"
raco test: @(test-responsible '(samth stamourv endobson asumu "andmkent@iu.edu" ben))
what happened!
  context...:
   do-error
   call-with-values
   call-in-empty-metacontinuation-frame
   body of (submod "/Users/ben/code/racket/fork/extra-pkgs/typed-racket/typed-racket-test/t-succeed/prefab-field-provide.rkt" n)
   for-loop
   run-module-instance!
   for-loop
   [repeats 1 more time]
   run-module-instance!
   .../commands/test.rkt:179:16
   call-in-empty-metacontinuation-frame
   call-with-empty-metacontinuation-frame-for-swap
prefab-field-provide.rkt: raco test: test raised an exception
4243"prefab.rkt":
  making #<path:/Users/ben/code/racket/fork/extra-pkgs/typed-racket/typed-racket-test/t-succeed/prefab.rkt>
 [output to "compiled/ta6osx/prefab_rkt.zo"]
raco test: "prefab.rkt"
raco test: @(test-responsible '(samth stamourv endobson asumu "andmkent@iu.edu" ben))
is-num-tuple? broken!
  context...:
   do-error
   call-with-values
   call-in-empty-metacontinuation-frame
   body of "/Users/ben/code/racket/fork/extra-pkgs/typed-racket/typed-racket-test/t-succeed/prefab.rkt"
   for-loop
   run-module-instance!
   .../commands/test.rkt:179:16
   call-in-empty-metacontinuation-frame
   call-with-empty-metacontinuation-frame-for-swap
prefab.rkt: raco test: test raised an exception
'foo
"bar1"
"hi"
#t
42
"!"
'foo
"bar1"
#<procedure:read-some-unknown-foo1>
#<procedure:read-some-unknown-foo2>
"baz2"
"baz2"
"foo"
3
"foo"
"foo"
3
"foo"
'x
'x
"procedure-top.rkt":
  making #<path:/Users/ben/code/racket/fork/extra-pkgs/typed-racket/typed-racket-test/t-succeed/procedure-top.rkt>
 [output to "compiled/ta6osx/procedure-top_rkt.zo"]
raco test: "procedure-top.rkt"
raco test: @(test-responsible '(samth stamourv endobson asumu "andmkent@iu.edu" ben))
#<procedure:+>
"promise-provide-generate-contract.rkt":
  making #<path:/Users/ben/code/racket/fork/extra-pkgs/typed-racket/typed-racket-test/t-succeed/promise-provide-generate-contract.rkt>
 [output to "compiled/ta6osx/promise-provide-generate-contract_rkt.zo"]
raco test: "promise-provide-generate-contract.rkt"
raco test: @(test-responsible '(samth stamourv endobson asumu "andmkent@iu.edu" ben))
"promise.rkt":
  making #<path:/Users/ben/code/racket/fork/extra-pkgs/typed-racket/typed-racket-test/t-succeed/promise.rkt>
 [output to "compiled/ta6osx/promise_rkt.zo"]
raco test: "promise.rkt"
raco test: @(test-responsible '(samth stamourv endobson asumu "andmkent@iu.edu" ben))
2 tests passed
non exhaustive pattern match #<syntax:/Users/ben/code/racket/fork/extra-pkgs/typed-racket/typed-racket-lib/typed-racket/defender/defender.rkt:150:33 (#%app abort-current-continuation pt3 (lambda () (quote 5)))>
  compilation context...:
   /Users/ben/code/racket/fork/extra-pkgs/typed-racket/typed-racket-test/t-succeed/prompt-tag.rkt
  context...:
   do-error
   .../private/runtime.rkt:80:24: temp510
   .../private/parse.rkt:1020:13: dots-loop
   .../optimizer/float-complex.rkt:439:6: opt1741
   call-with-values
   .../private/promise.rkt:103:0: force/generic
   .../private/residual.rkt:128:2: baseloop
   call-with-values
   .../private/promise.rkt:103:0: force/generic
   .../private/residual.rkt:128:2: baseloop
   loop
   .../private/parse.rkt:1020:13: dots-loop
   .../optimizer/optimizer.rkt:78:27
   call-with-values
   .../private/promise.rkt:103:0: force/generic
   .../private/residual.rkt:128:2: baseloop
"prompt-tag.rkt":
  making #<path:/Users/ben/code/racket/fork/extra-pkgs/typed-racket/typed-racket-test/t-succeed/prompt-tag.rkt>
"provide-alias-omit-define.rkt":
  making #<path:/Users/ben/code/racket/fork/extra-pkgs/typed-racket/typed-racket-test/t-succeed/provide-alias-omit-define.rkt>
 [output to "compiled/ta6osx/provide-alias-omit-define_rkt.zo"]
raco test: "provide-alias-omit-define.rkt"
raco test: @(test-responsible '(samth stamourv endobson asumu "andmkent@iu.edu" ben))
"provide-case-rest.rkt":
  making #<path:/Users/ben/code/racket/fork/extra-pkgs/typed-racket/typed-racket-test/t-succeed/provide-case-rest.rkt>
 [output to "compiled/ta6osx/provide-case-rest_rkt.zo"]
raco test: "provide-case-rest.rkt"
raco test: @(test-responsible '(samth stamourv endobson asumu "andmkent@iu.edu" ben))
"provide-for-meta.rkt":
  making #<path:/Users/ben/code/racket/fork/extra-pkgs/typed-racket/typed-racket-test/t-succeed/provide-for-meta.rkt>
 [output to "compiled/ta6osx/provide-for-meta_rkt.zo"]
raco test: "provide-for-meta.rkt"
raco test: @(test-responsible '(samth stamourv endobson asumu "andmkent@iu.edu" ben))
"provide-poly-struct.rkt":
  making #<path:/Users/ben/code/racket/fork/extra-pkgs/typed-racket/typed-racket-test/t-succeed/provide-poly-struct.rkt>
 [output to "compiled/ta6osx/provide-poly-struct_rkt.zo"]
raco test: "provide-poly-struct.rkt"
raco test: @(test-responsible '(samth stamourv endobson asumu "andmkent@iu.edu" ben))
1
"provide-sexp.rkt":
  making #<path:/Users/ben/code/racket/fork/extra-pkgs/typed-racket/typed-racket-test/t-succeed/provide-sexp.rkt>
 [output to "compiled/ta6osx/provide-sexp_rkt.zo"]
raco test: "provide-sexp.rkt"
raco test: @(test-responsible '(samth stamourv endobson asumu "andmkent@iu.edu" ben))
"provide-struct-untyped.rkt":
  making #<path:/Users/ben/code/racket/fork/extra-pkgs/typed-racket/typed-racket-test/t-succeed/provide-struct-untyped.rkt>
 [output to "compiled/ta6osx/provide-struct-untyped_rkt.zo"]
raco test: "provide-struct-untyped.rkt"
raco test: @(test-responsible '(samth stamourv endobson asumu "andmkent@iu.edu" ben))
7
"provide-struct.rkt":
  making #<path:/Users/ben/code/racket/fork/extra-pkgs/typed-racket/typed-racket-test/t-succeed/provide-struct.rkt>
 [output to "compiled/ta6osx/provide-struct_rkt.zo"]
raco test: "provide-struct.rkt"
raco test: @(test-responsible '(samth stamourv endobson asumu "andmkent@iu.edu" ben))
1
#<procedure:x?>
"provide-syntax.rkt":
  making #<path:/Users/ben/code/racket/fork/extra-pkgs/typed-racket/typed-racket-test/t-succeed/provide-syntax.rkt>
 [output to "compiled/ta6osx/provide-syntax_rkt.zo"]
raco test: "provide-syntax.rkt"
raco test: @(test-responsible '(samth stamourv endobson asumu "andmkent@iu.edu" ben))
"racket-struct.rkt":
  making #<path:/Users/ben/code/racket/fork/extra-pkgs/typed-racket/typed-racket-test/t-succeed/racket-struct.rkt>
 [output to "compiled/ta6osx/racket-struct_rkt.zo"]
raco test: "racket-struct.rkt"
raco test: @(test-responsible '(samth stamourv endobson asumu "andmkent@iu.edu" ben))
#<x>
7
#<procedure:x?>
/Users/ben/code/racket/fork/extra-pkgs/typed-racket/typed-racket-test/t-succeed/rackunit-suite.rkt:7:2: Type Checker: Macro test-suite from typed module used in untyped code
  in: (test-suite "Example Typed Rackunit test suite" (check-equal? 1 1))
  compilation context...:
   /Users/ben/code/racket/fork/extra-pkgs/typed-racket/typed-racket-test/t-succeed/rackunit-suite.rkt
  context...:
   do-raise-syntax-error
   call-in-empty-metacontinuation-frame
   apply-transformer
   dispatch-transformer
   loop
   [repeats 2 more times]
   module-begin-k
   do-local-expand
   .../typed-racket/tc-setup.rkt:64:0: tc-setup
   winder-dummy
   .../typed-racket/typed-racket.rkt:23:4
   call-in-empty-metacontinuation-frame
   apply-transformer
   dispatch-transformer
   expand-module
   expand-capturing-lifts
"rackunit-suite.rkt":
  making #<path:/Users/ben/code/racket/fork/extra-pkgs/typed-racket/typed-racket-test/t-succeed/rackunit-suite.rkt>
  making #<path:/Users/ben/code/racket/fork/extra-pkgs/rackunit/rackunit-typed/rackunit/text-ui.rkt>
/Users/ben/code/racket/fork/extra-pkgs/typed-racket/typed-racket-test/t-succeed/rackunit.rkt:19:0: Type Checker: Macro test-begin from typed module used in untyped code
  in: (test-begin (check-equal? (my-+ 1 1) 2 "Simple addition") (check-equal? (my-* 2 2) 4 "Simple multiplication"))
  compilation context...:
   /Users/ben/code/racket/fork/extra-pkgs/typed-racket/typed-racket-test/t-succeed/rackunit.rkt
  context...:
   do-raise-syntax-error
   call-in-empty-metacontinuation-frame
   apply-transformer
   dispatch-transformer
   loop
   finish
   [repeats 5 more times]
   pass-1-and-2-loop
   module-begin-k
   do-local-expand
   .../typed-racket/tc-setup.rkt:64:0: tc-setup
   winder-dummy
   .../typed-racket/typed-racket.rkt:23:4
   call-in-empty-metacontinuation-frame
   apply-transformer
   dispatch-transformer
"rackunit.rkt":
  making #<path:/Users/ben/code/racket/fork/extra-pkgs/typed-racket/typed-racket-test/t-succeed/rackunit.rkt>
"random-bits.rkt":
  making #<path:/Users/ben/code/racket/fork/extra-pkgs/typed-racket/typed-racket-test/t-succeed/random-bits.rkt>
 [output to "compiled/ta6osx/random-bits_rkt.zo"]
raco test: "random-bits.rkt"
raco test: @(test-responsible '(samth stamourv endobson asumu "andmkent@iu.edu" ben))
"rec-het-vec-infer.rkt":
  making #<path:/Users/ben/code/racket/fork/extra-pkgs/typed-racket/typed-racket-test/t-succeed/rec-het-vec-infer.rkt>
 [output to "compiled/ta6osx/rec-het-vec-infer_rkt.zo"]
raco test: "rec-het-vec-infer.rkt"
raco test: @(test-responsible '(samth stamourv endobson asumu "andmkent@iu.edu" ben))
"rec-type-alias-variance.rkt":
  making #<path:/Users/ben/code/racket/fork/extra-pkgs/typed-racket/typed-racket-test/t-succeed/rec-type-alias-variance.rkt>
 [output to "compiled/ta6osx/rec-type-alias-variance_rkt.zo"]
raco test: "rec-type-alias-variance.rkt"
raco test: @(test-responsible '(samth stamourv endobson asumu "andmkent@iu.edu" ben))
'(3 1 2)
"rec-types.rkt":
  making #<path:/Users/ben/code/racket/fork/extra-pkgs/typed-racket/typed-racket-test/t-succeed/rec-types.rkt>
 [output to "compiled/ta6osx/rec-types_rkt.zo"]
raco test: "rec-types.rkt"
raco test: @(test-responsible '(samth stamourv endobson asumu "andmkent@iu.edu" ben))
"recursive-type-alias-terminates.rkt":
  making #<path:/Users/ben/code/racket/fork/extra-pkgs/typed-racket/typed-racket-test/t-succeed/recursive-type-alias-terminates.rkt>
 [output to "compiled/ta6osx/recursive-type-alias-terminates_rkt.zo"]
raco test: "recursive-type-alias-terminates.rkt"
raco test: @(test-responsible '(samth stamourv endobson asumu "andmkent@iu.edu" ben))
"recursive-type-alias-top-level.rkt":
  making #<path:/Users/ben/code/racket/fork/extra-pkgs/typed-racket/typed-racket-test/t-succeed/recursive-type-alias-top-level.rkt>
 [output to "compiled/ta6osx/recursive-type-alias-top-level_rkt.zo"]
raco test: "recursive-type-alias-top-level.rkt"
raco test: @(test-responsible '(samth stamourv endobson asumu "andmkent@iu.edu" ben))
#f
"refinement-even.rkt":
  making #<path:/Users/ben/code/racket/fork/extra-pkgs/typed-racket/typed-racket-test/t-succeed/refinement-even.rkt>
 [output to "compiled/ta6osx/refinement-even_rkt.zo"]
raco test: "refinement-even.rkt"
raco test: @(test-responsible '(samth stamourv endobson asumu "andmkent@iu.edu" ben))
"4"
"refinements-and-aliases.rkt":
  making #<path:/Users/ben/code/racket/fork/extra-pkgs/typed-racket/typed-racket-test/t-succeed/refinements-and-aliases.rkt>
 [output to "compiled/ta6osx/refinements-and-aliases_rkt.zo"]
raco test: "refinements-and-aliases.rkt"
raco test: @(test-responsible '(samth stamourv endobson asumu "andmkent@iu.edu" ben))
stx->arrow-type: failed to parse arrow from type of syntax object
  e: '(lambda (arg) (let-values (((result) (#%app list arg))) (let-values (((val) (#%app = (#%app car result) arg))) (let-values (((or-part) val)) (if or-part or-part (#%expression (#%app error (#%app format '"Assertion failed on ~v" val)))))) result))
  stx: #<syntax:/Users/ben/code/racket/fork/extra-pkgs/typed-racket/typed-racket-test/t-succeed/refinements-expected-type1.rkt:7:0 (lambda (arg) (let-values (((result) (#%app list arg))) (let-values (((val) (#%app = (#%app car result) arg))) (let-values (((or-...
  type: (-> ((x : Integer)) (Refine (x : (List Integer)) (= (car x) x)))
  compilation context...:
   /Users/ben/code/racket/fork/extra-pkgs/typed-racket/typed-racket-test/t-succeed/refinements-expected-type1.rkt
  context...:
   raise-arguments-error
   .../private/parse.rkt:559:26
   .../defender/defender.rkt:177:12: for-loop
   .../private/runtime.rkt:82:34: fail-handler52
   .../defender/defender.rkt:177:12: for-loop
   .../private/runtime.rkt:82:34: fail-handler52
   .../defender/defender.rkt:68:0: defend-top
   .../typed-racket/tc-setup.rkt:42:0: maybe-defend
   .../typed-racket/core.rkt:40:10
   winder-dummy
   .../typed-racket/typed-racket.rkt:23:4
   call-in-empty-metacontinuation-frame
   apply-transformer
   dispatch-transformer
   expand-module
   expand-capturing-lifts
"refinements-expected-type1.rkt":
  making #<path:/Users/ben/code/racket/fork/extra-pkgs/typed-racket/typed-racket-test/t-succeed/refinements-expected-type1.rkt>
stx->arrow-type: failed to parse arrow from type of syntax object
  e: '(lambda (A lo hi) (if (#%app < lo hi) (let-values () (let-values (((pivot) (#%app partition! A lo hi))) (#%app quicksort-helper! A lo (#%app - pivot '1)) (#%app quicksort-helper! A (#%app + pivot '1) hi))) (#%app void)))
  stx: #<syntax:/Users/ben/code/racket/fork/extra-pkgs/typed-racket/typed-racket-test/t-succeed/refinements-quicksort.rkt:30:0 (lambda (A lo hi) (if (#%app < lo hi) (let-values () (let-values (((pivot) (#%app partition! A lo hi))) (#%app quicksort-helper! A lo...
  type: (-> ((x : (Vectorof Real)) (y : Nonnegative-Integer) (z : Integer)) #:pre (z x y) (and (< z (vector-length x)) (<= y (vector-length x))) Void)
  compilation context...:
   /Users/ben/code/racket/fork/extra-pkgs/typed-racket/typed-racket-test/t-succeed/refinements-quicksort.rkt
  context...:
   raise-arguments-error
   .../private/parse.rkt:559:26
   .../defender/defender.rkt:177:12: for-loop
   .../private/runtime.rkt:82:34: fail-handler52
   .../defender/defender.rkt:177:12: for-loop
   .../private/runtime.rkt:82:34: fail-handler52
   .../defender/defender.rkt:68:0: defend-top
   .../typed-racket/tc-setup.rkt:42:0: maybe-defend
   .../typed-racket/core.rkt:40:10
   winder-dummy
   .../typed-racket/typed-racket.rkt:23:4
   call-in-empty-metacontinuation-frame
   apply-transformer
   dispatch-transformer
   expand-module
   expand-capturing-lifts
"refinements-quicksort.rkt":
  making #<path:/Users/ben/code/racket/fork/extra-pkgs/typed-racket/typed-racket-test/t-succeed/refinements-quicksort.rkt>
"regexp-match-kw.rkt":
  making #<path:/Users/ben/code/racket/fork/extra-pkgs/typed-racket/typed-racket-test/t-succeed/regexp-match-kw.rkt>
 [output to "compiled/ta6osx/regexp-match-kw_rkt.zo"]
raco test: "regexp-match-kw.rkt"
raco test: @(test-responsible '(samth stamourv endobson asumu "andmkent@iu.edu" ben))
'("foo")
'(#"foo")
'(#"foo")
'(#"foo")
"req-type-sub.rkt":
  making #<path:/Users/ben/code/racket/fork/extra-pkgs/typed-racket/typed-racket-test/t-succeed/req-type-sub.rkt>
 [output to "compiled/ta6osx/req-type-sub_rkt.zo"]
raco test: "req-type-sub.rkt"
raco test: @(test-responsible '(samth stamourv endobson asumu "andmkent@iu.edu" ben))
"require-poly.rkt":
  making #<path:/Users/ben/code/racket/fork/extra-pkgs/typed-racket/typed-racket-test/t-succeed/require-poly.rkt>
  making #<path:/Users/ben/code/racket/fork/extra-pkgs/typed-racket/typed-racket-test/t-succeed/simple-poly.rkt>
 [output to "compiled/ta6osx/require-poly_rkt.zo"]
raco test: "require-poly.rkt"
raco test: @(test-responsible '(samth stamourv endobson asumu "andmkent@iu.edu" ben))
"require-procedure.rkt":
  making #<path:/Users/ben/code/racket/fork/extra-pkgs/typed-racket/typed-racket-test/t-succeed/require-procedure.rkt>
 [output to "compiled/ta6osx/require-procedure_rkt.zo"]
raco test: "require-procedure.rkt"
raco test: @(test-responsible '(samth stamourv endobson asumu "andmkent@iu.edu" ben))
"require-signature-all-typed.rkt":
  making #<path:/Users/ben/code/racket/fork/extra-pkgs/typed-racket/typed-racket-test/t-succeed/require-signature-all-typed.rkt>
 [output to "compiled/ta6osx/require-signature-all-typed_rkt.zo"]
raco test: "require-signature-all-typed.rkt"
raco test: @(test-responsible '(samth stamourv endobson asumu "andmkent@iu.edu" ben))
"require-struct.rkt":
  making #<path:/Users/ben/code/racket/fork/extra-pkgs/typed-racket/typed-racket-test/t-succeed/require-struct.rkt>
 [output to "compiled/ta6osx/require-struct_rkt.zo"]
raco test: "require-struct.rkt"
raco test: @(test-responsible '(samth stamourv endobson asumu "andmkent@iu.edu" ben))
#<a> #<b> #<c> #<d> #<e> #<f> #<e> #<f> #<a> #<b> #<c> #<d> #<e> #<f> #<e> #<f> #<a> #<b> #<c> #<d> #<e> #<f> #<e> #<f> #<g> #<h> #<g> #<h> #<a> #<b> #<c> #<d> #<e> #<f> #<e> #<f> #<g> #<h> #<g> #<h> #<a> #<b> #<c> #<d> #<e> #<f> #<e> #<f> #<g> #<h> #<g> #<h> #<a> #<b> #<c> #<d> #<e> #<f> #<e> #<f> #<a> #<b> #<c> #<d> #<e> #<f> #<e> #<f> #<g> #<h> #<g> #<h> #<a> #<b> #<c> #<d> #<e> #<f> #<e> #<f> #<g> #<h> #<g> #<h>
"require-substruct.rkt":
  making #<path:/Users/ben/code/racket/fork/extra-pkgs/typed-racket/typed-racket-test/t-succeed/require-substruct.rkt>
 [output to "compiled/ta6osx/require-substruct_rkt.zo"]
raco test: "require-substruct.rkt"
raco test: @(test-responsible '(samth stamourv endobson asumu "andmkent@iu.edu" ben))
(X 43)
4
"require-tests.rkt":
  making #<path:/Users/ben/code/racket/fork/extra-pkgs/typed-racket/typed-racket-test/t-succeed/require-tests.rkt>
 [output to "compiled/ta6osx/require-tests_rkt.zo"]
raco test: "require-tests.rkt"
raco test: @(test-responsible '(samth stamourv endobson asumu "andmkent@iu.edu" ben))
"require-typed-contravariant-filter.rkt":
  making #<path:/Users/ben/code/racket/fork/extra-pkgs/typed-racket/typed-racket-test/t-succeed/require-typed-contravariant-filter.rkt>
 [output to "compiled/ta6osx/require-typed-contravariant-filter_rkt.zo"]
raco test: "require-typed-contravariant-filter.rkt"
raco test: @(test-responsible '(samth stamourv endobson asumu "andmkent@iu.edu" ben))
"require-typed-on-typed-module.rkt":
  making #<path:/Users/ben/code/racket/fork/extra-pkgs/typed-racket/typed-racket-test/t-succeed/require-typed-on-typed-module.rkt>
 [output to "compiled/ta6osx/require-typed-on-typed-module_rkt.zo"]
raco test: "require-typed-on-typed-module.rkt"
raco test: @(test-responsible '(samth stamourv endobson asumu "andmkent@iu.edu" ben))
#<procedure:values>
"require-typed-parse.rkt":
  making #<path:/Users/ben/code/racket/fork/extra-pkgs/typed-racket/typed-racket-test/t-succeed/require-typed-parse.rkt>
 [output to "compiled/ta6osx/require-typed-parse_rkt.zo"]
raco test: "require-typed-parse.rkt"
raco test: @(test-responsible '(samth stamourv endobson asumu "andmkent@iu.edu" ben))
1
"require-typed-rename.rkt":
  making #<path:/Users/ben/code/racket/fork/extra-pkgs/typed-racket/typed-racket-test/t-succeed/require-typed-rename.rkt>
 [output to "compiled/ta6osx/require-typed-rename_rkt.zo"]
raco test: "require-typed-rename.rkt"
raco test: @(test-responsible '(samth stamourv endobson asumu "andmkent@iu.edu" ben))
#<procedure:char-compare>
"require-typed-struct-custom-type.rkt":
  making #<path:/Users/ben/code/racket/fork/extra-pkgs/typed-racket/typed-racket-test/t-succeed/require-typed-struct-custom-type.rkt>
 [output to "compiled/ta6osx/require-typed-struct-custom-type_rkt.zo"]
raco test: "require-typed-struct-custom-type.rkt"
raco test: @(test-responsible '(samth stamourv endobson asumu "andmkent@iu.edu" ben))
(path/param "path" '())
type->domain-map: cannot handle rest type yet
  rest: (list g2187 g2188)
  orig type: (->* () #:rest-star (g2187 g2188) (Immutable-HashTable g2187 g2188))
  compilation context...:
   /Users/ben/code/racket/fork/extra-pkgs/typed-racket/typed-racket-test/t-succeed/rest-star-hash-examples.rkt
  context...:
   raise-arguments-error
   .../defender/defender.rkt:340:0: type->domain-map
   .../private/parse.rkt:559:26
   .../defender/defender.rkt:177:12: for-loop
   .../private/runtime.rkt:82:34: fail-handler52
   .../defender/defender.rkt:177:12: for-loop
   .../private/runtime.rkt:82:34: fail-handler52
   .../defender/defender.rkt:68:0: defend-top
   .../typed-racket/tc-setup.rkt:42:0: maybe-defend
   .../typed-racket/core.rkt:40:10
   winder-dummy
   .../typed-racket/typed-racket.rkt:23:4
   call-in-empty-metacontinuation-frame
   apply-transformer
   dispatch-transformer
   expand-module
"rest-star-hash-examples.rkt":
  making #<path:/Users/ben/code/racket/fork/extra-pkgs/typed-racket/typed-racket-test/t-succeed/rest-star-hash-examples.rkt>
"richard-bugs.rkt":
  making #<path:/Users/ben/code/racket/fork/extra-pkgs/typed-racket/typed-racket-test/t-succeed/richard-bugs.rkt>
 [output to "compiled/ta6osx/richard-bugs_rkt.zo"]
raco test: "richard-bugs.rkt"
raco test: @(test-responsible '(samth stamourv endobson asumu "andmkent@iu.edu" ben))
"runtime-path.rkt":
  making #<path:/Users/ben/code/racket/fork/extra-pkgs/typed-racket/typed-racket-test/t-succeed/runtime-path.rkt>
  making #<path:/Users/ben/code/racket/fork/extra-pkgs/typed-racket/typed-racket-test/t-succeed/with-type.rkt>
 [output to "compiled/ta6osx/runtime-path_rkt.zo"]
raco test: "runtime-path.rkt"
raco test: @(test-responsible '(samth stamourv endobson asumu "andmkent@iu.edu" ben))
"safe-letrec.rkt":
  making #<path:/Users/ben/code/racket/fork/extra-pkgs/typed-racket/typed-racket-test/t-succeed/safe-letrec.rkt>
 [output to "compiled/ta6osx/safe-letrec_rkt.zo"]
raco test: "safe-letrec.rkt"
raco test: @(test-responsible '(samth stamourv endobson asumu "andmkent@iu.edu" ben))
3
#<procedure:y>
#<procedure:a>
7
3
3
"safe-vector-base.rkt":
  making #<path:/Users/ben/code/racket/fork/extra-pkgs/typed-racket/typed-racket-test/t-succeed/safe-vector-base.rkt>
  making #<path:/Users/ben/code/racket/fork/extra-pkgs/typed-racket/typed-racket-lib/typed/racket/unsafe.rkt>
 [output to "compiled/ta6osx/safe-vector-base_rkt.zo"]
raco test: "safe-vector-base.rkt"
raco test: @(test-responsible '(samth stamourv endobson asumu "andmkent@iu.edu" ben))
stx->arrow-type: failed to parse arrow from type of syntax object
  e: '(lambda (n proc) (if (#%app > n '0) (let-values () (let-values (((init-val) (#%app proc '0))) (let-values (((vec) (#%app make-vector n init-val))) (#%app (letrec-values (((loop!) (lambda (i) (if (#%app < i n) (let-values () (#%app safe-vector-set! vec ...
  stx: #<syntax:/Users/ben/code/racket/fork/extra-pkgs/typed-racket/typed-racket-test/t-succeed/safe-vector.rkt:26:0 (lambda (n proc) (if (#%app > n (quote 0)) (let-values () (let-values (((init-val) (#%app proc (quote 0)))) (let-values (((vec) (#%app make-vec...
  type: (-> ((x : Nonnegative-Integer) (y : (x) (-> (Refine (z : Nonnegative-Integer) (< z x)) g1832))) (Refine (x : (Vectorof g1832)) (= x (vector-length x))))
  compilation context...:
   /Users/ben/code/racket/fork/extra-pkgs/typed-racket/typed-racket-test/t-succeed/safe-vector.rkt
  context...:
   raise-arguments-error
   .../private/parse.rkt:559:26
   .../defender/defender.rkt:177:12: for-loop
   .../private/runtime.rkt:82:34: fail-handler52
   .../defender/defender.rkt:177:12: for-loop
   .../private/runtime.rkt:82:34: fail-handler52
   .../defender/defender.rkt:68:0: defend-top
   .../typed-racket/tc-setup.rkt:42:0: maybe-defend
   .../typed-racket/core.rkt:40:10
   winder-dummy
   .../typed-racket/typed-racket.rkt:23:4
   call-in-empty-metacontinuation-frame
   apply-transformer
   dispatch-transformer
   expand-module
   expand-capturing-lifts
"safe-vector.rkt":
  making #<path:/Users/ben/code/racket/fork/extra-pkgs/typed-racket/typed-racket-test/t-succeed/safe-vector.rkt>
stx->arrow-type: failed to parse arrow from type of syntax object
  e: '(lambda x (#%expression (lambda y (#%app + (#%app length x) (#%app length y)))))
  stx: #<syntax:/Users/ben/code/racket/fork/extra-pkgs/typed-racket/typed-racket-test/t-succeed/scoped-type-vars.rkt:14:11 (lambda x (#%expression (lambda y (#%app + (#%app length x) (#%app length y)))))>
  type: (All (A ...) (All (B ...) (-> A ... A (-> B ... B Nonnegative-Integer))))
  compilation context...:
   /Users/ben/code/racket/fork/extra-pkgs/typed-racket/typed-racket-test/t-succeed/scoped-type-vars.rkt
  context...:
   raise-arguments-error
   .../private/parse.rkt:559:26
   .../defender/defender.rkt:177:12: for-loop
   .../private/runtime.rkt:82:34: fail-handler52
   .../defender/defender.rkt:177:12: for-loop
   .../private/runtime.rkt:82:34: fail-handler52
   .../defender/defender.rkt:68:0: defend-top
   .../typed-racket/tc-setup.rkt:42:0: maybe-defend
   .../typed-racket/core.rkt:40:10
   winder-dummy
   .../typed-racket/typed-racket.rkt:23:4
   call-in-empty-metacontinuation-frame
   apply-transformer
   dispatch-transformer
   expand-module
   expand-capturing-lifts
"scoped-type-vars.rkt":
  making #<path:/Users/ben/code/racket/fork/extra-pkgs/typed-racket/typed-racket-test/t-succeed/scoped-type-vars.rkt>
"scratch.rkt":
  making #<path:/Users/ben/code/racket/fork/extra-pkgs/typed-racket/typed-racket-test/t-succeed/scratch.rkt>
 [output to "compiled/ta6osx/scratch_rkt.zo"]
raco test: "scratch.rkt"
raco test: @(test-responsible '(samth stamourv endobson asumu "andmkent@iu.edu" ben))
4
5
"sealing-contract-1.rkt":
  making #<path:/Users/ben/code/racket/fork/extra-pkgs/typed-racket/typed-racket-test/t-succeed/sealing-contract-1.rkt>
 [output to "compiled/ta6osx/sealing-contract-1_rkt.zo"]
raco test: "sealing-contract-1.rkt"
raco test: @(test-responsible '(samth stamourv endobson asumu "andmkent@iu.edu" ben))
#<class:mixin>
"sealing-contract-2.rkt":
  making #<path:/Users/ben/code/racket/fork/extra-pkgs/typed-racket/typed-racket-test/t-succeed/sealing-contract-2.rkt>
 [output to "compiled/ta6osx/sealing-contract-2_rkt.zo"]
raco test: "sealing-contract-2.rkt"
raco test: @(test-responsible '(samth stamourv endobson asumu "andmkent@iu.edu" ben))
#<class:mixin>
"sealing-contract-3.rkt":
  making #<path:/Users/ben/code/racket/fork/extra-pkgs/typed-racket/typed-racket-test/t-succeed/sealing-contract-3.rkt>
 [output to "compiled/ta6osx/sealing-contract-3_rkt.zo"]
raco test: "sealing-contract-3.rkt"
raco test: @(test-responsible '(samth stamourv endobson asumu "andmkent@iu.edu" ben))
#<class:mixin>
#<class:mixin>
"seasoned-schemer.rkt":
  making #<path:/Users/ben/code/racket/fork/extra-pkgs/typed-racket/typed-racket-test/t-succeed/seasoned-schemer.rkt>
 [output to "compiled/ta6osx/seasoned-schemer_rkt.zo"]
raco test: "seasoned-schemer.rkt"
raco test: @(test-responsible '(samth stamourv endobson asumu "andmkent@iu.edu" ben))
'd
"send.rkt":
  making #<path:/Users/ben/code/racket/fork/extra-pkgs/typed-racket/typed-racket-test/t-succeed/send.rkt>
 [output to "compiled/ta6osx/send_rkt.zo"]
raco test: "send.rkt"
raco test: @(test-responsible '(samth stamourv endobson asumu "andmkent@iu.edu" ben))
"sequence-cnt.rkt":
  making #<path:/Users/ben/code/racket/fork/extra-pkgs/typed-racket/typed-racket-test/t-succeed/sequence-cnt.rkt>
 [output to "compiled/ta6osx/sequence-cnt_rkt.zo"]
raco test: "sequence-cnt.rkt"
raco test: @(test-responsible '(samth stamourv endobson asumu "andmkent@iu.edu" ben))
"sequenceof-integer.rkt":
  making #<path:/Users/ben/code/racket/fork/extra-pkgs/typed-racket/typed-racket-test/t-succeed/sequenceof-integer.rkt>
 [output to "compiled/ta6osx/sequenceof-integer_rkt.zo"]
raco test: "sequenceof-integer.rkt"
raco test: @(test-responsible '(samth stamourv endobson asumu "andmkent@iu.edu" ben))
--------------------
FAILURE
name:       check-exn
location:   sequenceof-integer.rkt:26:0
params:
  '(#<procedure:exn:fail:contract?> #<procedure:...uenceof-integer.rkt:27:2>)
message:    "No exception raised"
--------------------
1/3 test failures
"sequences.rkt":
  making #<path:/Users/ben/code/racket/fork/extra-pkgs/typed-racket/typed-racket-test/t-succeed/sequences.rkt>
 [output to "compiled/ta6osx/sequences_rkt.zo"]
raco test: "sequences.rkt"
raco test: @(test-responsible '(samth stamourv endobson asumu "andmkent@iu.edu" ben))
transient-assert: got #<eof> in '(#%app pos->vals... : (Integer)
  context...:
   do-error
   .../t-succeed/sequences.rkt:7:5: for-loop
   .../t-succeed/sequences.rkt:7:5
   call-with-values
   call-in-empty-metacontinuation-frame
   body of "/Users/ben/code/racket/fork/extra-pkgs/typed-racket/typed-racket-test/t-succeed/sequences.rkt"
   for-loop
   run-module-instance!
   .../commands/test.rkt:179:16
   call-in-empty-metacontinuation-frame
   call-with-empty-metacontinuation-frame-for-swap
sequences.rkt: raco test: test raised an exception
"set-contract.rkt":
  making #<path:/Users/ben/code/racket/fork/extra-pkgs/typed-racket/typed-racket-test/t-succeed/set-contract.rkt>
 [output to "compiled/ta6osx/set-contract_rkt.zo"]
raco test: "set-contract.rkt"
raco test: @(test-responsible '(samth stamourv endobson asumu "andmkent@iu.edu" ben))
#t
#t
"set.rkt":
  making #<path:/Users/ben/code/racket/fork/extra-pkgs/typed-racket/typed-racket-test/t-succeed/set.rkt>
 [output to "compiled/ta6osx/set_rkt.zo"]
raco test: "set.rkt"
raco test: @(test-responsible '(samth stamourv endobson asumu "andmkent@iu.edu" ben))
#f
#f
#f
#t
4
4
4
0
#t
#t
#t
#f
(set 0 1 2 3 4)
(seteq 0 1 2 3 4)
(seteqv 0 1 2 3 4)
(set 4)
(set 0 1 2 3)
(seteq 0 1 2 3)
(seteqv 0 1 2 3)
(set)
#f
'(4 3 2 1)
#t
#t
#t
(set)
#t
#<sequence>
"simple-fake-or.rkt":
  making #<path:/Users/ben/code/racket/fork/extra-pkgs/typed-racket/typed-racket-test/t-succeed/simple-fake-or.rkt>
 [output to "compiled/ta6osx/simple-fake-or_rkt.zo"]
raco test: "simple-fake-or.rkt"
raco test: @(test-responsible '(samth stamourv endobson asumu "andmkent@iu.edu" ben))
8
"simple-implies.rkt":
  making #<path:/Users/ben/code/racket/fork/extra-pkgs/typed-racket/typed-racket-test/t-succeed/simple-implies.rkt>
 [output to "compiled/ta6osx/simple-implies_rkt.zo"]
raco test: "simple-implies.rkt"
raco test: @(test-responsible '(samth stamourv endobson asumu "andmkent@iu.edu" ben))
8
"simple-kw-app.rkt":
  making #<path:/Users/ben/code/racket/fork/extra-pkgs/typed-racket/typed-racket-test/t-succeed/simple-kw-app.rkt>
 [output to "compiled/ta6osx/simple-kw-app_rkt.zo"]
raco test: "simple-kw-app.rkt"
raco test: @(test-responsible '(samth stamourv endobson asumu "andmkent@iu.edu" ben))
""
""
#<procedure:file->value>
#<procedure:file->bytes>
'()
"simple-occurr.rkt":
  making #<path:/Users/ben/code/racket/fork/extra-pkgs/typed-racket/typed-racket-test/t-succeed/simple-occurr.rkt>
 [output to "compiled/ta6osx/simple-occurr_rkt.zo"]
raco test: "simple-occurr.rkt"
raco test: @(test-responsible '(samth stamourv endobson asumu "andmkent@iu.edu" ben))
8
8
2
0
8
"simple-or.rkt":
  making #<path:/Users/ben/code/racket/fork/extra-pkgs/typed-racket/typed-racket-test/t-succeed/simple-or.rkt>
 [output to "compiled/ta6osx/simple-or_rkt.zo"]
raco test: "simple-or.rkt"
raco test: @(test-responsible '(samth stamourv endobson asumu "andmkent@iu.edu" ben))
#t
0
"simple-poly.rkt":
 [already up-to-date at "compiled/ta6osx/simple-poly_rkt.zo"]
raco test: "simple-poly.rkt"
raco test: @(test-responsible '(samth stamourv endobson asumu "andmkent@iu.edu" ben))
"simple-unit-scope.rkt":
  making #<path:/Users/ben/code/racket/fork/extra-pkgs/typed-racket/typed-racket-test/t-succeed/simple-unit-scope.rkt>
 [output to "compiled/ta6osx/simple-unit-scope_rkt.zo"]
raco test: "simple-unit-scope.rkt"
raco test: @(test-responsible '(samth stamourv endobson asumu "andmkent@iu.edu" ben))
#<unit:...imple-unit-scope.rkt:6:2>
"slow-check.rkt":
  making #<path:/Users/ben/code/racket/fork/extra-pkgs/typed-racket/typed-racket-test/t-succeed/slow-check.rkt>
 [output to "compiled/ta6osx/slow-check_rkt.zo"]
raco test: "slow-check.rkt"
raco test: @(test-responsible '(samth stamourv endobson asumu "andmkent@iu.edu" ben))
#<procedure:bar>
"slow-parser.rkt":
  making #<path:/Users/ben/code/racket/fork/extra-pkgs/typed-racket/typed-racket-test/t-succeed/slow-parser.rkt>
 [output to "compiled/ta6osx/slow-parser_rkt.zo"]
raco test: "slow-parser.rkt"
raco test: @(test-responsible '(samth stamourv endobson asumu "andmkent@iu.edu" ben))
#<procedure:baz>
"somesystempath.rkt":
  making #<path:/Users/ben/code/racket/fork/extra-pkgs/typed-racket/typed-racket-test/t-succeed/somesystempath.rkt>
 [output to "compiled/ta6osx/somesystempath_rkt.zo"]
raco test: "somesystempath.rkt"
raco test: @(test-responsible '(samth stamourv endobson asumu "andmkent@iu.edu" ben))
#<path:foo/foo>
"sort-infer.rkt":
  making #<path:/Users/ben/code/racket/fork/extra-pkgs/typed-racket/typed-racket-test/t-succeed/sort-infer.rkt>
 [output to "compiled/ta6osx/sort-infer_rkt.zo"]
raco test: "sort-infer.rkt"
raco test: @(test-responsible '(samth stamourv endobson asumu "andmkent@iu.edu" ben))
'("one" "three" "two")
"standard-features-base.rkt":
  making #<path:/Users/ben/code/racket/fork/extra-pkgs/typed-racket/typed-racket-test/t-succeed/standard-features-base.rkt>
 [output to "compiled/ta6osx/standard-features-base_rkt.zo"]
raco test: "standard-features-base.rkt"
raco test: @(test-responsible '(samth stamourv endobson asumu "andmkent@iu.edu" ben))
#<procedure:...d-features-base.rkt:6:0>
"standard-features-scheme-base.rkt":
  making #<path:/Users/ben/code/racket/fork/extra-pkgs/typed-racket/typed-racket-test/t-succeed/standard-features-scheme-base.rkt>
 [output to "compiled/ta6osx/standard-features-scheme-base_rkt.zo"]
raco test: "standard-features-scheme-base.rkt"
raco test: @(test-responsible '(samth stamourv endobson asumu "andmkent@iu.edu" ben))
#<procedure:...res-scheme-base.rkt:6:0>
"standard-features-scheme.rkt":
  making #<path:/Users/ben/code/racket/fork/extra-pkgs/typed-racket/typed-racket-test/t-succeed/standard-features-scheme.rkt>
 [output to "compiled/ta6osx/standard-features-scheme_rkt.zo"]
raco test: "standard-features-scheme.rkt"
raco test: @(test-responsible '(samth stamourv endobson asumu "andmkent@iu.edu" ben))
#<procedure:...features-scheme.rkt:6:0>
"standard-features-ts.rkt":
  making #<path:/Users/ben/code/racket/fork/extra-pkgs/typed-racket/typed-racket-test/t-succeed/standard-features-ts.rkt>
 [output to "compiled/ta6osx/standard-features-ts_rkt.zo"]
raco test: "standard-features-ts.rkt"
raco test: @(test-responsible '(samth stamourv endobson asumu "andmkent@iu.edu" ben))
#<procedure:...ard-features-ts.rkt:6:0>
"standard-features.rkt":
  making #<path:/Users/ben/code/racket/fork/extra-pkgs/typed-racket/typed-racket-test/t-succeed/standard-features.rkt>
 [output to "compiled/ta6osx/standard-features_rkt.zo"]
raco test: "standard-features.rkt"
raco test: @(test-responsible '(samth stamourv endobson asumu "andmkent@iu.edu" ben))
#<procedure:...andard-features.rkt:6:0>
"star-sizes.rkt":
  making #<path:/Users/ben/code/racket/fork/extra-pkgs/typed-racket/typed-racket-test/t-succeed/star-sizes.rkt>
 [output to "compiled/ta6osx/star-sizes_rkt.zo"]
raco test: "star-sizes.rkt"
raco test: @(test-responsible '(samth stamourv endobson asumu "andmkent@iu.edu" ben))
0
"stream.rkt":
  making #<path:/Users/ben/code/racket/fork/extra-pkgs/typed-racket/typed-racket-test/t-succeed/stream.rkt>
 [output to "compiled/ta6osx/stream_rkt.zo"]
raco test: "stream.rkt"
raco test: @(test-responsible '(samth stamourv endobson asumu "andmkent@iu.edu" ben))
"string-const.rkt":
  making #<path:/Users/ben/code/racket/fork/extra-pkgs/typed-racket/typed-racket-test/t-succeed/string-const.rkt>
 [output to "compiled/ta6osx/string-const_rkt.zo"]
raco test: "string-const.rkt"
raco test: @(test-responsible '(samth stamourv endobson asumu "andmkent@iu.edu" ben))
"Cancel"
'("Cancel" "Cancelar" "Annuler" "Abbrechen" "Annuleren" "Fortryd" "Cancelar" "" "" "" "" "" "" "")
'english
'(english spanish french german dutch danish portuguese japanese traditional-chinese simplified-chinese russian ukrainian korean bulgarian)
"struct-cert.rkt":
  making #<path:/Users/ben/code/racket/fork/extra-pkgs/typed-racket/typed-racket-test/t-succeed/struct-cert.rkt>
 [output to "compiled/ta6osx/struct-cert_rkt.zo"]
raco test: "struct-cert.rkt"
raco test: @(test-responsible '(samth stamourv endobson asumu "andmkent@iu.edu" ben))
"struct-custom-type.rkt":
  making #<path:/Users/ben/code/racket/fork/extra-pkgs/typed-racket/typed-racket-test/t-succeed/struct-custom-type.rkt>
 [output to "compiled/ta6osx/struct-custom-type_rkt.zo"]
raco test: "struct-custom-type.rkt"
raco test: @(test-responsible '(samth stamourv endobson asumu "andmkent@iu.edu" ben))
"foo"
4
"struct-exec.rkt":
  making #<path:/Users/ben/code/racket/fork/extra-pkgs/typed-racket/typed-racket-test/t-succeed/struct-exec.rkt>
 [output to "compiled/ta6osx/struct-exec_rkt.zo"]
raco test: "struct-exec.rkt"
raco test: @(test-responsible '(samth stamourv endobson asumu "andmkent@iu.edu" ben))
4
"struct-mutable-contract.rkt":
  making #<path:/Users/ben/code/racket/fork/extra-pkgs/typed-racket/typed-racket-test/t-succeed/struct-mutable-contract.rkt>
 [output to "compiled/ta6osx/struct-mutable-contract_rkt.zo"]
raco test: "struct-mutable-contract.rkt"
raco test: @(test-responsible '(samth stamourv endobson asumu "andmkent@iu.edu" ben))
#<MyPromise>
"struct-mutable.rkt":
  making #<path:/Users/ben/code/racket/fork/extra-pkgs/typed-racket/typed-racket-test/t-succeed/struct-mutable.rkt>
 [output to "compiled/ta6osx/struct-mutable_rkt.zo"]
raco test: "struct-mutable.rkt"
raco test: @(test-responsible '(samth stamourv endobson asumu "andmkent@iu.edu" ben))
"struct-no-colon.rkt":
  making #<path:/Users/ben/code/racket/fork/extra-pkgs/typed-racket/typed-racket-test/t-succeed/struct-no-colon.rkt>
 [output to "compiled/ta6osx/struct-no-colon_rkt.zo"]
raco test: "struct-no-colon.rkt"
raco test: @(test-responsible '(samth stamourv endobson asumu "andmkent@iu.edu" ben))
"ab"
"b"
"ab"
"b"
"struct-options.rkt":
  making #<path:/Users/ben/code/racket/fork/extra-pkgs/typed-racket/typed-racket-test/t-succeed/struct-options.rkt>
 [output to "compiled/ta6osx/struct-options_rkt.zo"]
raco test: "struct-options.rkt"
raco test: @(test-responsible '(samth stamourv endobson asumu "andmkent@iu.edu" ben))
#<s1>
#<s2>
#<s3>
#<s3>
#<s4>
#<s4>
"struct-out.rkt":
  making #<path:/Users/ben/code/racket/fork/extra-pkgs/typed-racket/typed-racket-test/t-succeed/struct-out.rkt>
 [output to "compiled/ta6osx/struct-out_rkt.zo"]
raco test: "struct-out.rkt"
raco test: @(test-responsible '(samth stamourv endobson asumu "andmkent@iu.edu" ben))
"struct-path-update.rkt":
  making #<path:/Users/ben/code/racket/fork/extra-pkgs/typed-racket/typed-racket-test/t-succeed/struct-path-update.rkt>
 [output to "compiled/ta6osx/struct-path-update_rkt.zo"]
raco test: "struct-path-update.rkt"
raco test: @(test-responsible '(samth stamourv endobson asumu "andmkent@iu.edu" ben))
"struct-props.rkt":
  making #<path:/Users/ben/code/racket/fork/extra-pkgs/typed-racket/typed-racket-test/t-succeed/struct-props.rkt>
 [output to "compiled/ta6osx/struct-props_rkt.zo"]
raco test: "struct-props.rkt"
raco test: @(test-responsible '(samth stamourv endobson asumu "andmkent@iu.edu" ben))
"struct-struct-out.rkt":
  making #<path:/Users/ben/code/racket/fork/extra-pkgs/typed-racket/typed-racket-test/t-succeed/struct-struct-out.rkt>
 [output to "compiled/ta6osx/struct-struct-out_rkt.zo"]
raco test: "struct-struct-out.rkt"
raco test: @(test-responsible '(samth stamourv endobson asumu "andmkent@iu.edu" ben))
#<x>
#<y>
"struct-top-recursive.rkt":
  making #<path:/Users/ben/code/racket/fork/extra-pkgs/typed-racket/typed-racket-test/t-succeed/struct-top-recursive.rkt>
 [output to "compiled/ta6osx/struct-top-recursive_rkt.zo"]
raco test: "struct-top-recursive.rkt"
raco test: @(test-responsible '(samth stamourv endobson asumu "andmkent@iu.edu" ben))
"struct-type-contract.rkt":
  making #<path:/Users/ben/code/racket/fork/extra-pkgs/typed-racket/typed-racket-test/t-succeed/struct-type-contract.rkt>
 [output to "compiled/ta6osx/struct-type-contract_rkt.zo"]
raco test: "struct-type-contract.rkt"
raco test: @(test-responsible '(samth stamourv endobson asumu "andmkent@iu.edu" ben))
#<struct-type:x>
#<struct-type:x>
"struct-update.rkt":
  making #<path:/Users/ben/code/racket/fork/extra-pkgs/typed-racket/typed-racket-test/t-succeed/struct-update.rkt>
 [output to "compiled/ta6osx/struct-update_rkt.zo"]
raco test: "struct-update.rkt"
raco test: @(test-responsible '(samth stamourv endobson asumu "andmkent@iu.edu" ben))
"structs-across-modules.rkt":
  making #<path:/Users/ben/code/racket/fork/extra-pkgs/typed-racket/typed-racket-test/t-succeed/structs-across-modules.rkt>
 [output to "compiled/ta6osx/structs-across-modules_rkt.zo"]
raco test: "structs-across-modules.rkt"
raco test: @(test-responsible '(samth stamourv endobson asumu "andmkent@iu.edu" ben))
#<node>
"structs-variance.rkt":
  making #<path:/Users/ben/code/racket/fork/extra-pkgs/typed-racket/typed-racket-test/t-succeed/structs-variance.rkt>
 [output to "compiled/ta6osx/structs-variance_rkt.zo"]
raco test: "structs-variance.rkt"
raco test: @(test-responsible '(samth stamourv endobson asumu "andmkent@iu.edu" ben))
17
2
"structs-variance2.rkt":
  making #<path:/Users/ben/code/racket/fork/extra-pkgs/typed-racket/typed-racket-test/t-succeed/structs-variance2.rkt>
 [output to "compiled/ta6osx/structs-variance2_rkt.zo"]
raco test: "structs-variance2.rkt"
raco test: @(test-responsible '(samth stamourv endobson asumu "andmkent@iu.edu" ben))
#<foo>
stx->arrow-type: failed to parse arrow from type of syntax object
  e: '(lambda (e) null)
  stx: #<syntax:/Users/ben/code/racket/fork/extra-pkgs/typed-racket/typed-racket-test/t-succeed/stx.rkt:61:34 (lambda (e) null)>
  type: #f
  compilation context...:
   /Users/ben/code/racket/fork/extra-pkgs/typed-racket/typed-racket-test/t-succeed/stx.rkt
  context...:
   raise-arguments-error
   .../private/parse.rkt:559:26
   .../defender/defender.rkt:177:12: for-loop
   .../private/runtime.rkt:82:34: fail-handler52
   .../defender/defender.rkt:177:12: for-loop
   .../private/runtime.rkt:82:34: fail-handler52
   .../defender/defender.rkt:177:12: for-loop
   .../private/runtime.rkt:82:34: fail-handler52
   .../defender/defender.rkt:177:12: for-loop
   .../private/runtime.rkt:82:34: fail-handler52
   .../defender/defender.rkt:177:12: for-loop
   .../private/runtime.rkt:82:34: fail-handler52
   .../defender/defender.rkt:177:12: for-loop
   .../private/runtime.rkt:82:34: fail-handler52
   .../defender/defender.rkt:177:12: for-loop
   .../private/runtime.rkt:82:34: fail-handler52
"stx.rkt":
  making #<path:/Users/ben/code/racket/fork/extra-pkgs/typed-racket/typed-racket-test/t-succeed/stx.rkt>
  making #<path:/Users/ben/code/racket/fork/extra-pkgs/typed-racket/typed-racket-more/typed/syntax/stx.rkt>
"submod-vector.rkt":
  making #<path:/Users/ben/code/racket/fork/extra-pkgs/typed-racket/typed-racket-test/t-succeed/submod-vector.rkt>
 [output to "compiled/ta6osx/submod-vector_rkt.zo"]
raco test: (submod "submod-vector.rkt" test)
raco test: @(test-responsible '(samth stamourv endobson asumu "andmkent@iu.edu" ben))
"submodules.rkt":
  making #<path:/Users/ben/code/racket/fork/extra-pkgs/typed-racket/typed-racket-test/t-succeed/submodules.rkt>
 [output to "compiled/ta6osx/submodules_rkt.zo"]
raco test: (submod "submodules.rkt" test)
raco test: @(test-responsible '(samth stamourv endobson asumu "andmkent@iu.edu" ben))
stx->arrow-type: failed to parse arrow from type of syntax object
  e: '(lambda args (#%app map (#%expression box) args))
  stx: #<syntax:/Users/ben/code/racket/fork/extra-pkgs/typed-racket/typed-racket-test/t-succeed/subst-poly-dots.rkt:4:0 (lambda args (#%app map (#%expression box) args))>
  type: (All (A B ...) (-> A ... B (List (Boxof A) ... B)))
  compilation context...:
   /Users/ben/code/racket/fork/extra-pkgs/typed-racket/typed-racket-test/t-succeed/subst-poly-dots.rkt
  context...:
   raise-arguments-error
   .../private/parse.rkt:559:26
   .../defender/defender.rkt:177:12: for-loop
   .../private/runtime.rkt:82:34: fail-handler52
   .../defender/defender.rkt:177:12: for-loop
   .../private/runtime.rkt:82:34: fail-handler52
   .../defender/defender.rkt:68:0: defend-top
   .../typed-racket/tc-setup.rkt:42:0: maybe-defend
   .../typed-racket/core.rkt:40:10
   winder-dummy
   .../typed-racket/typed-racket.rkt:23:4
   call-in-empty-metacontinuation-frame
   apply-transformer
   dispatch-transformer
   expand-module
   expand-capturing-lifts
"subst-poly-dots.rkt":
  making #<path:/Users/ben/code/racket/fork/extra-pkgs/typed-racket/typed-racket-test/t-succeed/subst-poly-dots.rkt>
"test-child-field.rkt":
  making #<path:/Users/ben/code/racket/fork/extra-pkgs/typed-racket/typed-racket-test/t-succeed/test-child-field.rkt>
 [output to "compiled/ta6osx/test-child-field_rkt.zo"]
raco test: "test-child-field.rkt"
raco test: @(test-responsible '(samth stamourv endobson asumu "andmkent@iu.edu" ben))
"test.rkt":
  making #<path:/Users/ben/code/racket/fork/extra-pkgs/typed-racket/typed-racket-test/t-succeed/test.rkt>
 [output to "compiled/ta6osx/test_rkt.zo"]
raco test: "test.rkt"
raco test: @(test-responsible '(samth stamourv endobson asumu "andmkent@iu.edu" ben))
1
#<procedure:.../t-succeed/test.rkt:5:0>
#<procedure:.../t-succeed/test.rkt:6:0>
#<procedure:.../t-succeed/test.rkt:8:0>
#<procedure:.../t-succeed/test.rkt:9:0>
#<procedure:.../t-succeed/test.rkt:10:0>
#<procedure:.../t-succeed/test.rkt:11:0>
#t
3
1
1
1
1
2
2
1
1
1
1
#<procedure:z>
#<procedure:z>
#<procedure:z>
#<procedure:...mizer/optimizer.rkt:61:58>
#<procedure:.../t-succeed/test.rkt:46:2>
#<procedure:.../t-succeed/test.rkt:47:2>
#<procedure:.../t-succeed/test.rkt:48:2>
#<procedure:.../t-succeed/test.rkt:49:2>
#<procedure:.../t-succeed/test.rkt:50:2>
#<procedure:xxx6-y>
1
'foo
'(foo foo foo)
1
1
#<procedure:.../t-succeed/test.rkt:70:0>
#<syntax (x y z)>
1
1
1
1
1
1
1
1
1
#<procedure:.../t-succeed/test.rkt:84:0>
#<procedure:.../t-succeed/test.rkt:85:0>
#<procedure:.../t-succeed/test.rkt:86:0>
#<procedure:.../t-succeed/test.rkt:87:0>
#<procedure:.../t-succeed/test.rkt:88:2>
#<procedure:.../t-succeed/test.rkt:90:13>
#<procedure:.../t-succeed/test.rkt:90:28>
'(1 2 3)
'(1 2 3)
'(1 2 3)
'(1 2 3)
'(1 2 . 3)
'(1 2 3)
1
1
stx->arrow-type: failed to parse arrow from type of syntax object
  e: '(lambda (a b . c) (#%app + a b (#%app car c)))
  stx: #<syntax:/Users/ben/code/racket/fork/extra-pkgs/typed-racket/typed-racket-test/t-succeed/test2.rkt:51:1 (lambda (a b . c) (#%app + a b (#%app car c)))>
  type: #f
  compilation context...:
   /Users/ben/code/racket/fork/extra-pkgs/typed-racket/typed-racket-test/t-succeed/test2.rkt
  context...:
   raise-arguments-error
   .../private/parse.rkt:559:26
   .../defender/defender.rkt:177:12: for-loop
   .../private/runtime.rkt:82:34: fail-handler52
   .../defender/defender.rkt:177:12: for-loop
   .../private/runtime.rkt:82:34: fail-handler52
   winder-dummy
   .../defender/defender.rkt:68:0: defend-top
   .../typed-racket/tc-setup.rkt:42:0: maybe-defend
   .../typed-racket/core.rkt:40:10
   winder-dummy
   .../typed-racket/typed-racket.rkt:23:4
   call-in-empty-metacontinuation-frame
   apply-transformer
   dispatch-transformer
   expand-module
"test2.rkt":
  making #<path:/Users/ben/code/racket/fork/extra-pkgs/typed-racket/typed-racket-test/t-succeed/test2.rkt>
"threads-and-async-channels.rkt":
  making #<path:/Users/ben/code/racket/fork/extra-pkgs/typed-racket/typed-racket-test/t-succeed/threads-and-async-channels.rkt>
 [output to "compiled/ta6osx/threads-and-async-channels_rkt.zo"]
raco test: "threads-and-async-channels.rkt"
raco test: @(test-responsible '(samth stamourv endobson asumu "andmkent@iu.edu" ben))
#<thread:...-async-channels.rkt:11:3>
#<thread:...-async-channels.rkt:21:3>
#<thread:...-async-channels.rkt:21:3>
#<thread:...-async-channels.rkt:21:3>
#<thread:...-async-channels.rkt:21:3>
#<thread:...-async-channels.rkt:21:3>
#<thread:...-async-channels.rkt:39:3>
0
2
1
"threads-and-channels.rkt":
  making #<path:/Users/ben/code/racket/fork/extra-pkgs/typed-racket/typed-racket-test/t-succeed/threads-and-channels.rkt>
 [output to "compiled/ta6osx/threads-and-channels_rkt.zo"]
raco test: "threads-and-channels.rkt"
raco test: @(test-responsible '(samth stamourv endobson asumu "andmkent@iu.edu" ben))
#<thread:...ds-and-channels.rkt:8:3>
#<thread:...ds-and-channels.rkt:18:3>
#<thread:...ds-and-channels.rkt:18:3>
#<thread:...ds-and-channels.rkt:18:3>
#<thread:...ds-and-channels.rkt:18:3>
#<thread:...ds-and-channels.rkt:18:3>
#<thread:...ds-and-channels.rkt:36:3>
0
2
1
"time.rkt":
  making #<path:/Users/ben/code/racket/fork/extra-pkgs/typed-racket/typed-racket-test/t-succeed/time.rkt>
 [output to "compiled/ta6osx/time_rkt.zo"]
raco test: "time.rkt"
raco test: @(test-responsible '(samth stamourv endobson asumu "andmkent@iu.edu" ben))
0
"top-level-begin-for-syntax.rkt":
  making #<path:/Users/ben/code/racket/fork/extra-pkgs/typed-racket/typed-racket-test/t-succeed/top-level-begin-for-syntax.rkt>
 [output to "compiled/ta6osx/top-level-begin-for-syntax_rkt.zo"]
raco test: "top-level-begin-for-syntax.rkt"
raco test: @(test-responsible '(samth stamourv endobson asumu "andmkent@iu.edu" ben))
"top-level-begin.rkt":
  making #<path:/Users/ben/code/racket/fork/extra-pkgs/typed-racket/typed-racket-test/t-succeed/top-level-begin.rkt>
 [output to "compiled/ta6osx/top-level-begin_rkt.zo"]
raco test: "top-level-begin.rkt"
raco test: @(test-responsible '(samth stamourv endobson asumu "andmkent@iu.edu" ben))
2
"foo"
"top-level-make-predicate.rkt":
  making #<path:/Users/ben/code/racket/fork/extra-pkgs/typed-racket/typed-racket-test/t-succeed/top-level-make-predicate.rkt>
 [output to "compiled/ta6osx/top-level-make-predicate_rkt.zo"]
raco test: "top-level-make-predicate.rkt"
raco test: @(test-responsible '(samth stamourv endobson asumu "andmkent@iu.edu" ben))
- : (-> Any Boolean : Integer)
"toplevel-redefinition.rkt":
  making #<path:/Users/ben/code/racket/fork/extra-pkgs/typed-racket/typed-racket-test/t-succeed/toplevel-redefinition.rkt>
 [output to "compiled/ta6osx/toplevel-redefinition_rkt.zo"]
raco test: "toplevel-redefinition.rkt"
raco test: @(test-responsible '(samth stamourv endobson asumu "andmkent@iu.edu" ben))
"type-alias-omit-define-syntaxes.rkt":
  making #<path:/Users/ben/code/racket/fork/extra-pkgs/typed-racket/typed-racket-test/t-succeed/type-alias-omit-define-syntaxes.rkt>
 [output to "compiled/ta6osx/type-alias-omit-define-syntaxes_rkt.zo"]
raco test: "type-alias-omit-define-syntaxes.rkt"
raco test: @(test-responsible '(samth stamourv endobson asumu "andmkent@iu.edu" ben))
"type-alias-rec-struct.rkt":
  making #<path:/Users/ben/code/racket/fork/extra-pkgs/typed-racket/typed-racket-test/t-succeed/type-alias-rec-struct.rkt>
 [output to "compiled/ta6osx/type-alias-rec-struct_rkt.zo"]
raco test: "type-alias-rec-struct.rkt"
raco test: @(test-responsible '(samth stamourv endobson asumu "andmkent@iu.edu" ben))
"type-printer-single-level.rkt":
  making #<path:/Users/ben/code/racket/fork/extra-pkgs/typed-racket/typed-racket-test/t-succeed/type-printer-single-level.rkt>
 [output to "compiled/ta6osx/type-printer-single-level_rkt.zo"]
raco test: "type-printer-single-level.rkt"
raco test: @(test-responsible '(samth stamourv endobson asumu "andmkent@iu.edu" ben))
1 test passed
"type-variable-scope.rkt":
  making #<path:/Users/ben/code/racket/fork/extra-pkgs/typed-racket/typed-racket-test/t-succeed/type-variable-scope.rkt>
 [output to "compiled/ta6osx/type-variable-scope_rkt.zo"]
raco test: "type-variable-scope.rkt"
raco test: @(test-responsible '(samth stamourv endobson asumu "andmkent@iu.edu" ben))
"typeann-letrec.rkt":
  making #<path:/Users/ben/code/racket/fork/extra-pkgs/typed-racket/typed-racket-test/t-succeed/typeann-letrec.rkt>
 [output to "compiled/ta6osx/typeann-letrec_rkt.zo"]
raco test: "typeann-letrec.rkt"
raco test: @(test-responsible '(samth stamourv endobson asumu "andmkent@iu.edu" ben))
'#(1)
'#(1)
'#(1)
"typed-list.rkt":
  making #<path:/Users/ben/code/racket/fork/extra-pkgs/typed-racket/typed-racket-test/t-succeed/typed-list.rkt>
 [output to "compiled/ta6osx/typed-list_rkt.zo"]
raco test: "typed-list.rkt"
raco test: @(test-responsible '(samth stamourv endobson asumu "andmkent@iu.edu" ben))
"unit-3x-2.rkt":
  making #<path:/Users/ben/code/racket/fork/extra-pkgs/typed-racket/typed-racket-test/t-succeed/unit-3x-2.rkt>
 [output to "compiled/ta6osx/unit-3x-2_rkt.zo"]
raco test: "unit-3x-2.rkt"
raco test: @(test-responsible '(samth stamourv endobson asumu "andmkent@iu.edu" ben))
'(#t #t #t)
"unit-3x.rkt":
  making #<path:/Users/ben/code/racket/fork/extra-pkgs/typed-racket/typed-racket-test/t-succeed/unit-3x.rkt>
 [output to "compiled/ta6osx/unit-3x_rkt.zo"]
raco test: "unit-3x.rkt"
raco test: @(test-responsible '(samth stamourv endobson asumu "andmkent@iu.edu" ben))
'(#f #t #f #t #f #t)
'(#t #t #t)
"unit-non-prefix-annotation.rkt":
  making #<path:/Users/ben/code/racket/fork/extra-pkgs/typed-racket/typed-racket-test/t-succeed/unit-non-prefix-annotation.rkt>
 [output to "compiled/ta6osx/unit-non-prefix-annotation_rkt.zo"]
raco test: "unit-non-prefix-annotation.rkt"
raco test: @(test-responsible '(samth stamourv endobson asumu "andmkent@iu.edu" ben))
"unit-syntax-rule-with-annotation.rkt":
  making #<path:/Users/ben/code/racket/fork/extra-pkgs/typed-racket/typed-racket-test/t-succeed/unit-syntax-rule-with-annotation.rkt>
 [output to "compiled/ta6osx/unit-syntax-rule-with-annotation_rkt.zo"]
raco test: "unit-syntax-rule-with-annotation.rkt"
raco test: @(test-responsible '(samth stamourv endobson asumu "andmkent@iu.edu" ben))
type->static-contract/transient: unit
  compilation context...:
   /Users/ben/code/racket/fork/extra-pkgs/typed-racket/typed-racket-test/t-succeed/unit-typed-untyped-compound-1.rkt
"unit-typed-untyped-compound-1.rkt":
  making #<path:/Users/ben/code/racket/fork/extra-pkgs/typed-racket/typed-racket-test/t-succeed/unit-typed-untyped-compound-1.rkt>
type->static-contract/transient: unit
  compilation context...:
   /Users/ben/code/racket/fork/extra-pkgs/typed-racket/typed-racket-test/t-succeed/unit-typed-untyped-compound-2.rkt
"unit-typed-untyped-compound-2.rkt":
  making #<path:/Users/ben/code/racket/fork/extra-pkgs/typed-racket/typed-racket-test/t-succeed/unit-typed-untyped-compound-2.rkt>
type->static-contract/transient: unit
  compilation context...:
   /Users/ben/code/racket/fork/extra-pkgs/typed-racket/typed-racket-test/t-succeed/unit-typed-untyped-values.rkt
"unit-typed-untyped-values.rkt":
  making #<path:/Users/ben/code/racket/fork/extra-pkgs/typed-racket/typed-racket-test/t-succeed/unit-typed-untyped-values.rkt>
type->static-contract/transient: unit
  compilation context...:
   /Users/ben/code/racket/fork/extra-pkgs/typed-racket/typed-racket-test/t-succeed/units-no-sigs.rkt
"units-no-sigs.rkt":
  making #<path:/Users/ben/code/racket/fork/extra-pkgs/typed-racket/typed-racket-test/t-succeed/units-no-sigs.rkt>
"unsafe-provide-struct.rkt":
  making #<path:/Users/ben/code/racket/fork/extra-pkgs/typed-racket/typed-racket-test/t-succeed/unsafe-provide-struct.rkt>
 [output to "compiled/ta6osx/unsafe-provide-struct_rkt.zo"]
raco test: "unsafe-provide-struct.rkt"
raco test: @(test-responsible '(samth stamourv endobson asumu "andmkent@iu.edu" ben))
"unsafe-provide.rkt":
  making #<path:/Users/ben/code/racket/fork/extra-pkgs/typed-racket/typed-racket-test/t-succeed/unsafe-provide.rkt>
 [output to "compiled/ta6osx/unsafe-provide_rkt.zo"]
raco test: "unsafe-provide.rkt"
raco test: @(test-responsible '(samth stamourv endobson asumu "andmkent@iu.edu" ben))
3
"unsafe-reprovide.rkt":
  making #<path:/Users/ben/code/racket/fork/extra-pkgs/typed-racket/typed-racket-test/t-succeed/unsafe-reprovide.rkt>
 [output to "compiled/ta6osx/unsafe-reprovide_rkt.zo"]
raco test: "unsafe-reprovide.rkt"
raco test: @(test-responsible '(samth stamourv endobson asumu "andmkent@iu.edu" ben))
4 tests passed
"unsafe-require-poly-struct.rkt":
  making #<path:/Users/ben/code/racket/fork/extra-pkgs/typed-racket/typed-racket-test/t-succeed/unsafe-require-poly-struct.rkt>
 [output to "compiled/ta6osx/unsafe-require-poly-struct_rkt.zo"]
raco test: "unsafe-require-poly-struct.rkt"
raco test: @(test-responsible '(samth stamourv endobson asumu "andmkent@iu.edu" ben))
4
3
2
"unsafe-require.rkt":
  making #<path:/Users/ben/code/racket/fork/extra-pkgs/typed-racket/typed-racket-test/t-succeed/unsafe-require.rkt>
 [output to "compiled/ta6osx/unsafe-require_rkt.zo"]
raco test: "unsafe-require.rkt"
raco test: @(test-responsible '(samth stamourv endobson asumu "andmkent@iu.edu" ben))
#<procedure:check-duplicates>
6 tests passed
"unsafe-struct-parent.rkt":
  making #<path:/Users/ben/code/racket/fork/extra-pkgs/typed-racket/typed-racket-test/t-succeed/unsafe-struct-parent.rkt>
 [output to "compiled/ta6osx/unsafe-struct-parent_rkt.zo"]
raco test: "unsafe-struct-parent.rkt"
raco test: @(test-responsible '(samth stamourv endobson asumu "andmkent@iu.edu" ben))
#t
#t
#t
#t
#t
#t
#t
#t
#t
#t
"unsafe-struct.rkt":
  making #<path:/Users/ben/code/racket/fork/extra-pkgs/typed-racket/typed-racket-test/t-succeed/unsafe-struct.rkt>
 [output to "compiled/ta6osx/unsafe-struct_rkt.zo"]
raco test: "unsafe-struct.rkt"
raco test: @(test-responsible '(samth stamourv endobson asumu "andmkent@iu.edu" ben))
#t
#t
#t
#t
"untyped-submod.rkt":
  making #<path:/Users/ben/code/racket/fork/extra-pkgs/typed-racket/typed-racket-test/t-succeed/untyped-submod.rkt>
 [output to "compiled/ta6osx/untyped-submod_rkt.zo"]
raco test: (submod "untyped-submod.rkt" test)
raco test: @(test-responsible '(samth stamourv endobson asumu "andmkent@iu.edu" ben))
1
"user-defined-sp.rkt":
  making #<path:/Users/ben/code/racket/fork/extra-pkgs/typed-racket/typed-racket-test/t-succeed/user-defined-sp.rkt>
 [output to "compiled/ta6osx/user-defined-sp_rkt.zo"]
raco test: "user-defined-sp.rkt"
raco test: @(test-responsible '(samth stamourv endobson asumu "andmkent@iu.edu" ben))
stx->arrow-type: failed to parse arrow from type of syntax object
  e: '(lambda (v) (#%app apply values v))
  stx: #<syntax:/Users/ben/code/racket/fork/extra-pkgs/typed-racket/typed-racket-test/t-succeed/values-dots-result.rkt:3:0 (lambda (v) (#%app apply values v))>
  type: (All (A ...) (-> (List A ... A) (values A ... A)))
  compilation context...:
   /Users/ben/code/racket/fork/extra-pkgs/typed-racket/typed-racket-test/t-succeed/values-dots-result.rkt
  context...:
   raise-arguments-error
   .../private/parse.rkt:559:26
   .../defender/defender.rkt:177:12: for-loop
   .../private/runtime.rkt:82:34: fail-handler52
   .../defender/defender.rkt:177:12: for-loop
   .../private/runtime.rkt:82:34: fail-handler52
   .../defender/defender.rkt:68:0: defend-top
   .../typed-racket/tc-setup.rkt:42:0: maybe-defend
   .../typed-racket/core.rkt:40:10
   winder-dummy
   .../typed-racket/typed-racket.rkt:23:4
   call-in-empty-metacontinuation-frame
   apply-transformer
   dispatch-transformer
   expand-module
   expand-capturing-lifts
"values-dots-result.rkt":
  making #<path:/Users/ben/code/racket/fork/extra-pkgs/typed-racket/typed-racket-test/t-succeed/values-dots-result.rkt>
stx->arrow-type: failed to parse arrow from type of syntax object
  e: '(lambda fs (#%expression (lambda bs (#%app apply values (#%app map (lambda (f) (#%app apply f bs)) fs)))))
  stx: #<syntax:/Users/ben/code/racket/fork/extra-pkgs/typed-racket/typed-racket-test/t-succeed/values-dots.rkt:14:0 (lambda fs (#%expression (lambda bs (#%app apply values (#%app map (lambda (f) (#%app apply f bs)) fs)))))>
  type: (All (b ...) (-> (-> b ... b b) ... b (-> b ... b (values b ... b))))
  compilation context...:
   /Users/ben/code/racket/fork/extra-pkgs/typed-racket/typed-racket-test/t-succeed/values-dots.rkt
  context...:
   raise-arguments-error
   .../private/parse.rkt:559:26
   .../defender/defender.rkt:177:12: for-loop
   .../private/runtime.rkt:82:34: fail-handler52
   .../defender/defender.rkt:177:12: for-loop
   .../private/runtime.rkt:82:34: fail-handler52
   winder-dummy
   .../defender/defender.rkt:68:0: defend-top
   .../typed-racket/tc-setup.rkt:42:0: maybe-defend
   .../typed-racket/core.rkt:40:10
   winder-dummy
   .../typed-racket/typed-racket.rkt:23:4
   call-in-empty-metacontinuation-frame
   apply-transformer
   dispatch-transformer
   expand-module
"values-dots.rkt":
  making #<path:/Users/ben/code/racket/fork/extra-pkgs/typed-racket/typed-racket-test/t-succeed/values-dots.rkt>
"values-dots2.rkt":
  making #<path:/Users/ben/code/racket/fork/extra-pkgs/typed-racket/typed-racket-test/t-succeed/values-dots2.rkt>
 [output to "compiled/ta6osx/values-dots2_rkt.zo"]
raco test: "values-dots2.rkt"
raco test: @(test-responsible '(samth stamourv endobson asumu "andmkent@iu.edu" ben))
#<procedure:...ed/values-dots2.rkt:10:2>
"values-object.rkt":
  making #<path:/Users/ben/code/racket/fork/extra-pkgs/typed-racket/typed-racket-test/t-succeed/values-object.rkt>
 [output to "compiled/ta6osx/values-object_rkt.zo"]
raco test: "values-object.rkt"
raco test: @(test-responsible '(samth stamourv endobson asumu "andmkent@iu.edu" ben))
"varargs-tests.rkt":
  making #<path:/Users/ben/code/racket/fork/extra-pkgs/typed-racket/typed-racket-test/t-succeed/varargs-tests.rkt>
 [output to "compiled/ta6osx/varargs-tests_rkt.zo"]
raco test: "varargs-tests.rkt"
raco test: @(test-responsible '(samth stamourv endobson asumu "andmkent@iu.edu" ben))
-44
9
-3
3
-3
-3
3
-3
-3
3
-3
"variance-test.rkt":
  making #<path:/Users/ben/code/racket/fork/extra-pkgs/typed-racket/typed-racket-test/t-succeed/variance-test.rkt>
 [output to "compiled/ta6osx/variance-test_rkt.zo"]
raco test: (submod "variance-test.rkt" test)
raco test: @(test-responsible '(samth stamourv endobson asumu "andmkent@iu.edu" ben))
2
"vec-len-in-struct-fld.rkt":
  making #<path:/Users/ben/code/racket/fork/extra-pkgs/typed-racket/typed-racket-test/t-succeed/vec-len-in-struct-fld.rkt>
 [output to "compiled/ta6osx/vec-len-in-struct-fld_rkt.zo"]
raco test: "vec-len-in-struct-fld.rkt"
raco test: @(test-responsible '(samth stamourv endobson asumu "andmkent@iu.edu" ben))
"vec-tests.rkt":
  making #<path:/Users/ben/code/racket/fork/extra-pkgs/typed-racket/typed-racket-test/t-succeed/vec-tests.rkt>
 [output to "compiled/ta6osx/vec-tests_rkt.zo"]
raco test: "vec-tests.rkt"
raco test: @(test-responsible '(samth stamourv endobson asumu "andmkent@iu.edu" ben))
"vector-chap.rkt":
  making #<path:/Users/ben/code/racket/fork/extra-pkgs/typed-racket/typed-racket-test/t-succeed/vector-chap.rkt>
 [output to "compiled/ta6osx/vector-chap_rkt.zo"]
raco test: "vector-chap.rkt"
raco test: @(test-responsible '(samth stamourv endobson asumu "andmkent@iu.edu" ben))
#t
"vector-union.rkt":
  making #<path:/Users/ben/code/racket/fork/extra-pkgs/typed-racket/typed-racket-test/t-succeed/vector-union.rkt>
 [output to "compiled/ta6osx/vector-union_rkt.zo"]
raco test: "vector-union.rkt"
raco test: @(test-responsible '(samth stamourv endobson asumu "andmkent@iu.edu" ben))
"vectortop-flat-contract.rkt":
  making #<path:/Users/ben/code/racket/fork/extra-pkgs/typed-racket/typed-racket-test/t-succeed/vectortop-flat-contract.rkt>
 [output to "compiled/ta6osx/vectortop-flat-contract_rkt.zo"]
raco test: "vectortop-flat-contract.rkt"
raco test: @(test-responsible '(samth stamourv endobson asumu "andmkent@iu.edu" ben))
"with-asserts.rkt":
  making #<path:/Users/ben/code/racket/fork/extra-pkgs/typed-racket/typed-racket-test/t-succeed/with-asserts.rkt>
 [output to "compiled/ta6osx/with-asserts_rkt.zo"]
raco test: "with-asserts.rkt"
raco test: @(test-responsible '(samth stamourv endobson asumu "andmkent@iu.edu" ben))
1
1
1
1
1
"with-handlers-rest-arg.rkt":
  making #<path:/Users/ben/code/racket/fork/extra-pkgs/typed-racket/typed-racket-test/t-succeed/with-handlers-rest-arg.rkt>
 [output to "compiled/ta6osx/with-handlers-rest-arg_rkt.zo"]
raco test: "with-handlers-rest-arg.rkt"
raco test: @(test-responsible '(samth stamourv endobson asumu "andmkent@iu.edu" ben))
"with-handlers-star.rkt":
  making #<path:/Users/ben/code/racket/fork/extra-pkgs/typed-racket/typed-racket-test/t-succeed/with-handlers-star.rkt>
 [output to "compiled/ta6osx/with-handlers-star_rkt.zo"]
raco test: "with-handlers-star.rkt"
raco test: @(test-responsible '(samth stamourv endobson asumu "andmkent@iu.edu" ben))
1
2
"with-handlers.rkt":
  making #<path:/Users/ben/code/racket/fork/extra-pkgs/typed-racket/typed-racket-test/t-succeed/with-handlers.rkt>
 [output to "compiled/ta6osx/with-handlers_rkt.zo"]
raco test: "with-handlers.rkt"
raco test: @(test-responsible '(samth stamourv endobson asumu "andmkent@iu.edu" ben))
"with-linear-integer-arith.rkt":
  making #<path:/Users/ben/code/racket/fork/extra-pkgs/typed-racket/typed-racket-test/t-succeed/with-linear-integer-arith.rkt>
 [output to "compiled/ta6osx/with-linear-integer-arith_rkt.zo"]
raco test: "with-linear-integer-arith.rkt"
raco test: @(test-responsible '(samth stamourv endobson asumu "andmkent@iu.edu" ben))
42
"that's impossible!"
"that's impossible!"
"that's impossible!"
"that's impossible!"
"that's impossible!"
"that's impossible!"
"that's impossible!"
"that's impossible!"
"that's impossible!"
"that's impossible!"
"that's impossible!"
"that's impossible!"
"that's impossible!"
"that's impossible!"
"that's impossible!"
"that's impossible!"
"that's impossible!"
"that's impossible!"
"that's impossible!"
"that's impossible!"
"that's impossible!"
"with-linear-integer-arith2.rkt":
  making #<path:/Users/ben/code/racket/fork/extra-pkgs/typed-racket/typed-racket-test/t-succeed/with-linear-integer-arith2.rkt>
 [output to "compiled/ta6osx/with-linear-integer-arith2_rkt.zo"]
raco test: "with-linear-integer-arith2.rkt"
raco test: @(test-responsible '(samth stamourv endobson asumu "andmkent@iu.edu" ben))
'#(0 1 2 3 4 5 6 7)
'#(0 1 2 3 4 5 6 7)
'#(0 1 2 3 4 5 6 7)
'#(0 1 2 3 4 5 6 7)
'#(0 1 2 3 4 5 6 7)
4
4
3
3
stx->arrow-type: failed to parse arrow from type of syntax object
  e: '(lambda (e) null)
  stx: #<syntax:/Users/ben/code/racket/fork/extra-pkgs/typed-racket/typed-racket-test/t-succeed/with-syntax.rkt:7:4 (lambda (e) null)>
  type: #f
  compilation context...:
   /Users/ben/code/racket/fork/extra-pkgs/typed-racket/typed-racket-test/t-succeed/with-syntax.rkt
  context...:
   raise-arguments-error
   .../private/parse.rkt:559:26
   .../defender/defender.rkt:177:12: for-loop
   .../private/runtime.rkt:82:34: fail-handler52
   .../defender/defender.rkt:177:12: for-loop
   .../private/runtime.rkt:82:34: fail-handler52
   .../defender/defender.rkt:177:12: for-loop
   .../private/runtime.rkt:82:34: fail-handler52
   .../defender/defender.rkt:177:12: for-loop
   .../private/runtime.rkt:82:34: fail-handler52
   .../defender/defender.rkt:177:12: for-loop
   .../private/runtime.rkt:82:34: fail-handler52
   .../defender/defender.rkt:177:12: for-loop
   .../private/runtime.rkt:82:34: fail-handler52
   .../defender/defender.rkt:177:12: for-loop
   .../private/runtime.rkt:82:34: fail-handler52
"with-syntax.rkt":
  making #<path:/Users/ben/code/racket/fork/extra-pkgs/typed-racket/typed-racket-test/t-succeed/with-syntax.rkt>
"with-type-lift.rkt":
  making #<path:/Users/ben/code/racket/fork/extra-pkgs/typed-racket/typed-racket-test/t-succeed/with-type-lift.rkt>
 [output to "compiled/ta6osx/with-type-lift_rkt.zo"]
raco test: "with-type-lift.rkt"
raco test: @(test-responsible '(samth stamourv endobson asumu "andmkent@iu.edu" ben))
3
3
'()
1 test passed
"with-type-typed-context-flag.rkt":
  making #<path:/Users/ben/code/racket/fork/extra-pkgs/typed-racket/typed-racket-test/t-succeed/with-type-typed-context-flag.rkt>
 [output to "compiled/ta6osx/with-type-typed-context-flag_rkt.zo"]
raco test: "with-type-typed-context-flag.rkt"
raco test: @(test-responsible '(samth stamourv endobson asumu "andmkent@iu.edu" ben))
/Users/ben/code/racket/fork/extra-pkgs/typed-racket/typed-racket-test/t-succeed/with-type-typed-context-flag.rkt:14:0: Type Checker: with-type cannot be used in a typed module.
  in: (with-type () (+ 1 3))
  context...:
   do-raise-syntax-error
   .../private/with-types.rkt:40:0: with-type-helper
   .../typed-racket/typed-racket.rkt:23:4
   call-in-empty-metacontinuation-frame
   apply-transformer
   dispatch-transformer
   expand-capturing-lifts
   loop
   call-in-empty-metacontinuation-frame
   dynamic-wind
   call-in-empty-metacontinuation-frame
   body of "/Users/ben/code/racket/fork/extra-pkgs/typed-racket/typed-racket-test/t-succeed/with-type-typed-context-flag.rkt"
   for-loop
   run-module-instance!
   .../commands/test.rkt:179:16
   call-in-empty-metacontinuation-frame
with-type-typed-context-flag.rkt: raco test: test raised an exception
"with-type.rkt":
 [already up-to-date at "compiled/ta6osx/with-type_rkt.zo"]
raco test: "with-type.rkt"
raco test: @(test-responsible '(samth stamourv endobson asumu "andmkent@iu.edu" ben))
3
"hello, world"
17
17
"zero-arg-poly.rkt":
  making #<path:/Users/ben/code/racket/fork/extra-pkgs/typed-racket/typed-racket-test/t-succeed/zero-arg-poly.rkt>
 [output to "compiled/ta6osx/zero-arg-poly_rkt.zo"]
raco test: "zero-arg-poly.rkt"
raco test: @(test-responsible '(samth stamourv endobson asumu "andmkent@iu.edu" ben))
